2025-05-21 18:58:05 INFO  BaseClass:44 - Initializing application on OS: windows and Browser: chrome
2025-05-21 18:58:05 DEBUG BaseClass:49 - Loaded configuration properties
2025-05-21 18:58:05 INFO  BaseClass:44 - Initializing application on OS: windows and Browser: edge
2025-05-21 18:58:05 INFO  BaseClass:44 - Initializing application on OS: windows and Browser: firefox
2025-05-21 18:58:05 DEBUG BaseClass:49 - Loaded configuration properties
2025-05-21 18:58:05 DEBUG BaseClass:49 - Loaded configuration properties
2025-05-21 18:58:07 DEBUG BaseClass:119 - Driver assigned to thread-local storage
2025-05-21 18:58:08 DEBUG BaseClass:119 - Driver assigned to thread-local storage
2025-05-21 18:58:09 INFO  BaseClass:126 - Application launched successfully: https://cloudberrystore.services/
2025-05-21 18:58:09 INFO  TC06_AddAffiliate:21 - === Starting testAddAffiliate ===
2025-05-21 18:58:09 DEBUG TC06_AddAffiliate:26 - Navigated to HomePage
2025-05-21 18:58:10 INFO  BaseClass:126 - Application launched successfully: https://cloudberrystore.services/
2025-05-21 18:58:10 INFO  TC06_AddAffiliate:21 - === Starting testAddAffiliate ===
2025-05-21 18:58:10 DEBUG TC06_AddAffiliate:26 - Navigated to HomePage
2025-05-21 18:58:10 DEBUG TC06_AddAffiliate:29 - Clicked on Affiliate link
2025-05-21 18:58:10 DEBUG TC06_AddAffiliate:34 - Entered email
2025-05-21 18:58:10 DEBUG TC06_AddAffiliate:37 - Entered password
2025-05-21 18:58:10 DEBUG TC06_AddAffiliate:40 - Clicked login button
2025-05-21 18:58:11 DEBUG TC06_AddAffiliate:29 - Clicked on Affiliate link
2025-05-21 18:58:11 DEBUG TC06_AddAffiliate:34 - Entered email
2025-05-21 18:58:11 DEBUG TC06_AddAffiliate:37 - Entered password
2025-05-21 18:58:11 DEBUG TC06_AddAffiliate:45 - Entered company name
2025-05-21 18:58:11 DEBUG TC06_AddAffiliate:40 - Clicked login button
2025-05-21 18:58:11 DEBUG TC06_AddAffiliate:48 - Entered website URL
2025-05-21 18:58:11 DEBUG TC06_AddAffiliate:45 - Entered company name
2025-05-21 18:58:11 DEBUG TC06_AddAffiliate:48 - Entered website URL
2025-05-21 18:58:11 DEBUG TC06_AddAffiliate:51 - Entered Tax ID
2025-05-21 18:58:11 DEBUG TC06_AddAffiliate:51 - Entered Tax ID
2025-05-21 18:58:11 DEBUG TC06_AddAffiliate:54 - Entered cheque name
2025-05-21 18:58:11 DEBUG TC06_AddAffiliate:54 - Entered cheque name
2025-05-21 18:58:12 DEBUG TC06_AddAffiliate:57 - Clicked Continue button
2025-05-21 18:58:12 DEBUG TC06_AddAffiliate:57 - Clicked Continue button
2025-05-21 18:58:12 DEBUG TC06_AddAffiliate:62 - Affiliate success message visibility: true
2025-05-21 18:58:12 INFO  TC06_AddAffiliate:65 - Affiliate successfully added
2025-05-21 18:58:12 DEBUG TC06_AddAffiliate:62 - Affiliate success message visibility: true
2025-05-21 18:58:12 INFO  TC06_AddAffiliate:65 - Affiliate successfully added
2025-05-21 18:58:12 DEBUG BaseClass:119 - Driver assigned to thread-local storage
2025-05-21 18:58:13 INFO  BaseClass:139 - Browser session closed successfully
2025-05-21 18:58:13 INFO  BaseClass:44 - Initializing application on OS: windows and Browser: firefox
2025-05-21 18:58:13 DEBUG BaseClass:49 - Loaded configuration properties
2025-05-21 18:58:13 INFO  BaseClass:126 - Application launched successfully: https://cloudberrystore.services/
2025-05-21 18:58:13 INFO  TC06_AddAffiliate:21 - === Starting testAddAffiliate ===
2025-05-21 18:58:13 DEBUG TC06_AddAffiliate:26 - Navigated to HomePage
2025-05-21 18:58:13 INFO  BaseClass:139 - Browser session closed successfully
2025-05-21 18:58:13 INFO  BaseClass:44 - Initializing application on OS: windows and Browser: edge
2025-05-21 18:58:13 DEBUG BaseClass:49 - Loaded configuration properties
2025-05-21 18:58:14 DEBUG TC06_AddAffiliate:29 - Clicked on Affiliate link
2025-05-21 18:58:14 DEBUG TC06_AddAffiliate:34 - Entered email
2025-05-21 18:58:14 DEBUG TC06_AddAffiliate:37 - Entered password
2025-05-21 18:58:14 DEBUG TC06_AddAffiliate:40 - Clicked login button
2025-05-21 18:58:14 DEBUG TC06_AddAffiliate:45 - Entered company name
2025-05-21 18:58:14 DEBUG TC06_AddAffiliate:48 - Entered website URL
2025-05-21 18:58:14 DEBUG TC06_AddAffiliate:51 - Entered Tax ID
2025-05-21 18:58:14 DEBUG TC06_AddAffiliate:54 - Entered cheque name
2025-05-21 18:58:14 DEBUG TC06_AddAffiliate:57 - Clicked Continue button
2025-05-21 18:58:14 DEBUG BaseClass:119 - Driver assigned to thread-local storage
2025-05-21 18:58:14 DEBUG TC06_AddAffiliate:62 - Affiliate success message visibility: true
2025-05-21 18:58:14 INFO  TC06_AddAffiliate:65 - Affiliate successfully added
2025-05-21 18:58:15 INFO  BaseClass:139 - Browser session closed successfully
2025-05-21 18:58:15 INFO  BaseClass:44 - Initializing application on OS: windows and Browser: chrome
2025-05-21 18:58:15 DEBUG BaseClass:49 - Loaded configuration properties
2025-05-21 18:58:15 INFO  BaseClass:126 - Application launched successfully: https://cloudberrystore.services/
2025-05-21 18:58:15 INFO  TC03_AddToCart:20 - Starting test: testAddToCart
2025-05-21 18:58:15 DEBUG TC03_AddToCart:24 - HomePage loaded
2025-05-21 18:58:15 DEBUG TC03_AddToCart:26 - Clicked on Laptops
2025-05-21 18:58:15 DEBUG BaseClass:119 - Driver assigned to thread-local storage
2025-05-21 18:58:15 DEBUG TC03_AddToCart:28 - Clicked on Show All Laptops
2025-05-21 18:58:16 DEBUG BaseClass:119 - Driver assigned to thread-local storage
2025-05-21 18:58:16 INFO  BaseClass:126 - Application launched successfully: https://cloudberrystore.services/
2025-05-21 18:58:16 INFO  TC03_AddToCart:20 - Starting test: testAddToCart
2025-05-21 18:58:16 DEBUG TC03_AddToCart:24 - HomePage loaded
2025-05-21 18:58:16 INFO  BaseClass:126 - Application launched successfully: https://cloudberrystore.services/
2025-05-21 18:58:16 INFO  TC03_AddToCart:20 - Starting test: testAddToCart
2025-05-21 18:58:16 DEBUG TC03_AddToCart:24 - HomePage loaded
2025-05-21 18:58:16 DEBUG TC03_AddToCart:26 - Clicked on Laptops
2025-05-21 18:58:16 DEBUG TC03_AddToCart:26 - Clicked on Laptops
2025-05-21 18:58:17 DEBUG TC03_AddToCart:28 - Clicked on Show All Laptops
2025-05-21 18:58:17 DEBUG TC03_AddToCart:28 - Clicked on Show All Laptops
2025-05-21 18:58:17 DEBUG TC03_AddToCart:32 - Clicked on HP LP3065 product
2025-05-21 18:58:17 DEBUG TC03_AddToCart:36 - Entered delivery date
2025-05-21 18:58:17 DEBUG TC03_AddToCart:39 - Clicked on Add to Cart
2025-05-21 18:58:18 DEBUG TC03_AddToCart:42 - Add to Cart message: Success: You have added HP LP3065 to your shopping cart!
2025-05-21 18:58:18 INFO  TC03_AddToCart:45 - Add to Cart assertion passed
2025-05-21 18:58:19 DEBUG TC03_AddToCart:32 - Clicked on HP LP3065 product
2025-05-21 18:58:19 DEBUG TC03_AddToCart:32 - Clicked on HP LP3065 product
2025-05-21 18:58:19 DEBUG TC03_AddToCart:36 - Entered delivery date
2025-05-21 18:58:19 DEBUG TC03_AddToCart:36 - Entered delivery date
2025-05-21 18:58:19 INFO  BaseClass:139 - Browser session closed successfully
2025-05-21 18:58:19 INFO  BaseClass:44 - Initializing application on OS: windows and Browser: edge
2025-05-21 18:58:19 DEBUG BaseClass:49 - Loaded configuration properties
2025-05-21 18:58:19 DEBUG TC03_AddToCart:39 - Clicked on Add to Cart
2025-05-21 18:58:19 DEBUG TC03_AddToCart:42 - Add to Cart message: Success: You have added HP LP3065 to your shopping cart!
2025-05-21 18:58:19 INFO  TC03_AddToCart:45 - Add to Cart assertion passed
2025-05-21 18:58:19 DEBUG TC03_AddToCart:39 - Clicked on Add to Cart
2025-05-21 18:58:19 INFO  BaseClass:139 - Browser session closed successfully
2025-05-21 18:58:19 INFO  BaseClass:44 - Initializing application on OS: windows and Browser: chrome
2025-05-21 18:58:19 DEBUG BaseClass:49 - Loaded configuration properties
2025-05-21 18:58:20 DEBUG BaseClass:119 - Driver assigned to thread-local storage
2025-05-21 18:58:20 DEBUG BaseClass:119 - Driver assigned to thread-local storage
2025-05-21 18:58:20 INFO  BaseClass:126 - Application launched successfully: https://cloudberrystore.services/
2025-05-21 18:58:20 INFO  TC05_AddToWishlist:22 - === Starting testAddToWishlist ===
2025-05-21 18:58:20 DEBUG TC05_AddToWishlist:27 - HomePage loaded
2025-05-21 18:58:20 DEBUG TC05_AddToWishlist:30 - Clicked 'My Account'
2025-05-21 18:58:21 DEBUG TC05_AddToWishlist:33 - Clicked 'Login'
2025-05-21 18:58:21 DEBUG TC05_AddToWishlist:37 - Entered email
2025-05-21 18:58:21 INFO  BaseClass:126 - Application launched successfully: https://cloudberrystore.services/
2025-05-21 18:58:21 INFO  TC05_AddToWishlist:22 - === Starting testAddToWishlist ===
2025-05-21 18:58:21 DEBUG TC05_AddToWishlist:40 - Entered password
2025-05-21 18:58:21 DEBUG TC05_AddToWishlist:27 - HomePage loaded
2025-05-21 18:58:21 DEBUG TC05_AddToWishlist:43 - Clicked login button
2025-05-21 18:58:21 DEBUG TC05_AddToWishlist:30 - Clicked 'My Account'
2025-05-21 18:58:21 DEBUG TC05_AddToWishlist:48 - Navigated to Home Page after login
2025-05-21 18:58:21 DEBUG TC05_AddToWishlist:33 - Clicked 'Login'
2025-05-21 18:58:21 DEBUG TC05_AddToWishlist:37 - Entered email
2025-05-21 18:58:21 DEBUG TC05_AddToWishlist:51 - Clicked 'Laptops'
2025-05-21 18:58:21 DEBUG TC05_AddToWishlist:40 - Entered password
2025-05-21 18:58:21 DEBUG TC05_AddToWishlist:43 - Clicked login button
2025-05-21 18:58:21 DEBUG TC05_AddToWishlist:54 - Clicked 'Show All Laptops'
2025-05-21 18:58:22 DEBUG TC05_AddToWishlist:48 - Navigated to Home Page after login
2025-05-21 18:58:22 DEBUG TC05_AddToWishlist:51 - Clicked 'Laptops'
2025-05-21 18:58:22 DEBUG TC05_AddToWishlist:54 - Clicked 'Show All Laptops'
2025-05-21 18:58:23 DEBUG TC05_AddToWishlist:58 - Selected HP LP3065 product
2025-05-21 18:58:23 DEBUG TC05_AddToWishlist:63 - Clicked 'Add to Wishlist'
2025-05-21 18:58:24 DEBUG TC05_AddToWishlist:58 - Selected HP LP3065 product
2025-05-21 18:58:24 DEBUG TC05_AddToWishlist:63 - Clicked 'Add to Wishlist'
2025-05-21 18:58:24 DEBUG TC05_AddToWishlist:66 - Wishlist message: Success: You have added HP LP3065 to your wish list!
2025-05-21 18:58:24 INFO  TC05_AddToWishlist:70 - Wishlist success message displayed
2025-05-21 18:58:24 INFO  BaseClass:139 - Browser session closed successfully
2025-05-21 18:58:24 INFO  BaseClass:44 - Initializing application on OS: windows and Browser: chrome
2025-05-21 18:58:24 DEBUG BaseClass:49 - Loaded configuration properties
2025-05-21 18:58:24 DEBUG BaseClass:119 - Driver assigned to thread-local storage
2025-05-21 18:58:25 INFO  BaseClass:126 - Application launched successfully: https://cloudberrystore.services/
2025-05-21 18:58:25 INFO  TC01_LaunchApplication:18 - Starting test: testLaunchApplication
2025-05-21 18:58:25 DEBUG TC01_LaunchApplication:22 - HomePage object created
2025-05-21 18:58:25 DEBUG TC01_LaunchApplication:25 - Fetched page title: Your store of fun
2025-05-21 18:58:25 INFO  TC01_LaunchApplication:28 - Assertion passed: Title is as expected.
2025-05-21 18:58:25 INFO  BaseClass:139 - Browser session closed successfully
2025-05-21 18:58:25 INFO  BaseClass:44 - Initializing application on OS: windows and Browser: chrome
2025-05-21 18:58:25 DEBUG BaseClass:49 - Loaded configuration properties
2025-05-21 18:58:26 DEBUG BaseClass:119 - Driver assigned to thread-local storage
2025-05-21 18:58:28 INFO  BaseClass:126 - Application launched successfully: https://cloudberrystore.services/
2025-05-21 18:58:28 DEBUG PackageRelationshipCollection:307 - Parsing relationship: /xl/_rels/workbook.xml.rels
2025-05-21 18:58:28 DEBUG PackageRelationshipCollection:307 - Parsing relationship: /xl/worksheets/_rels/sheet1.xml.rels
2025-05-21 18:58:28 DEBUG PackageRelationshipCollection:307 - Parsing relationship: /_rels/.rels
2025-05-21 18:58:28 DEBUG POIXMLFactory:65 - using default POIXMLDocumentPart for http://schemas.openxmlformats.org/officeDocument/2006/relationships/printerSettings
2025-05-21 18:58:28 DEBUG PackageRelationshipCollection:307 - Parsing relationship: /xl/_rels/workbook.xml.rels
2025-05-21 18:58:28 DEBUG PackageRelationshipCollection:307 - Parsing relationship: /xl/worksheets/_rels/sheet1.xml.rels
2025-05-21 18:58:28 DEBUG PackageRelationshipCollection:307 - Parsing relationship: /_rels/.rels
2025-05-21 18:58:28 DEBUG POIXMLFactory:65 - using default POIXMLDocumentPart for http://schemas.openxmlformats.org/officeDocument/2006/relationships/printerSettings
2025-05-21 18:58:28 DEBUG PackageRelationshipCollection:307 - Parsing relationship: /xl/_rels/workbook.xml.rels
2025-05-21 18:58:28 DEBUG PackageRelationshipCollection:307 - Parsing relationship: /xl/worksheets/_rels/sheet1.xml.rels
2025-05-21 18:58:28 DEBUG PackageRelationshipCollection:307 - Parsing relationship: /_rels/.rels
2025-05-21 18:58:28 DEBUG POIXMLFactory:65 - using default POIXMLDocumentPart for http://schemas.openxmlformats.org/officeDocument/2006/relationships/printerSettings
2025-05-21 18:58:28 DEBUG PackageRelationshipCollection:307 - Parsing relationship: /xl/_rels/workbook.xml.rels
2025-05-21 18:58:28 DEBUG PackageRelationshipCollection:307 - Parsing relationship: /xl/worksheets/_rels/sheet1.xml.rels
2025-05-21 18:58:28 DEBUG PackageRelationshipCollection:307 - Parsing relationship: /_rels/.rels
2025-05-21 18:58:28 DEBUG POIXMLFactory:65 - using default POIXMLDocumentPart for http://schemas.openxmlformats.org/officeDocument/2006/relationships/printerSettings
2025-05-21 18:58:28 DEBUG PackageRelationshipCollection:307 - Parsing relationship: /xl/_rels/workbook.xml.rels
2025-05-21 18:58:28 DEBUG PackageRelationshipCollection:307 - Parsing relationship: /xl/worksheets/_rels/sheet1.xml.rels
2025-05-21 18:58:28 DEBUG PackageRelationshipCollection:307 - Parsing relationship: /_rels/.rels
2025-05-21 18:58:28 DEBUG POIXMLFactory:65 - using default POIXMLDocumentPart for http://schemas.openxmlformats.org/officeDocument/2006/relationships/printerSettings
2025-05-21 18:58:28 DEBUG PackageRelationshipCollection:307 - Parsing relationship: /xl/_rels/workbook.xml.rels
2025-05-21 18:58:28 DEBUG PackageRelationshipCollection:307 - Parsing relationship: /xl/worksheets/_rels/sheet1.xml.rels
2025-05-21 18:58:28 DEBUG PackageRelationshipCollection:307 - Parsing relationship: /_rels/.rels
2025-05-21 18:58:28 DEBUG POIXMLFactory:65 - using default POIXMLDocumentPart for http://schemas.openxmlformats.org/officeDocument/2006/relationships/printerSettings
2025-05-21 18:58:28 DEBUG PackageRelationshipCollection:307 - Parsing relationship: /xl/_rels/workbook.xml.rels
2025-05-21 18:58:28 DEBUG PackageRelationshipCollection:307 - Parsing relationship: /xl/worksheets/_rels/sheet1.xml.rels
2025-05-21 18:58:28 DEBUG PackageRelationshipCollection:307 - Parsing relationship: /_rels/.rels
2025-05-21 18:58:28 DEBUG POIXMLFactory:65 - using default POIXMLDocumentPart for http://schemas.openxmlformats.org/officeDocument/2006/relationships/printerSettings
2025-05-21 18:58:28 DEBUG PackageRelationshipCollection:307 - Parsing relationship: /xl/_rels/workbook.xml.rels
2025-05-21 18:58:28 DEBUG PackageRelationshipCollection:307 - Parsing relationship: /xl/worksheets/_rels/sheet1.xml.rels
2025-05-21 18:58:28 DEBUG PackageRelationshipCollection:307 - Parsing relationship: /_rels/.rels
2025-05-21 18:58:28 DEBUG POIXMLFactory:65 - using default POIXMLDocumentPart for http://schemas.openxmlformats.org/officeDocument/2006/relationships/printerSettings
2025-05-21 18:58:28 DEBUG PackageRelationshipCollection:307 - Parsing relationship: /xl/_rels/workbook.xml.rels
2025-05-21 18:58:28 DEBUG PackageRelationshipCollection:307 - Parsing relationship: /xl/worksheets/_rels/sheet1.xml.rels
2025-05-21 18:58:28 DEBUG PackageRelationshipCollection:307 - Parsing relationship: /_rels/.rels
2025-05-21 18:58:28 DEBUG POIXMLFactory:65 - using default POIXMLDocumentPart for http://schemas.openxmlformats.org/officeDocument/2006/relationships/printerSettings
2025-05-21 18:58:28 DEBUG PackageRelationshipCollection:307 - Parsing relationship: /xl/_rels/workbook.xml.rels
2025-05-21 18:58:28 DEBUG PackageRelationshipCollection:307 - Parsing relationship: /xl/worksheets/_rels/sheet1.xml.rels
2025-05-21 18:58:28 DEBUG PackageRelationshipCollection:307 - Parsing relationship: /_rels/.rels
2025-05-21 18:58:28 DEBUG POIXMLFactory:65 - using default POIXMLDocumentPart for http://schemas.openxmlformats.org/officeDocument/2006/relationships/printerSettings
2025-05-21 18:58:28 DEBUG PackageRelationshipCollection:307 - Parsing relationship: /xl/_rels/workbook.xml.rels
2025-05-21 18:58:28 DEBUG PackageRelationshipCollection:307 - Parsing relationship: /xl/worksheets/_rels/sheet1.xml.rels
2025-05-21 18:58:28 DEBUG PackageRelationshipCollection:307 - Parsing relationship: /_rels/.rels
2025-05-21 18:58:28 DEBUG POIXMLFactory:65 - using default POIXMLDocumentPart for http://schemas.openxmlformats.org/officeDocument/2006/relationships/printerSettings
2025-05-21 18:58:28 DEBUG PackageRelationshipCollection:307 - Parsing relationship: /xl/_rels/workbook.xml.rels
2025-05-21 18:58:28 DEBUG PackageRelationshipCollection:307 - Parsing relationship: /xl/worksheets/_rels/sheet1.xml.rels
2025-05-21 18:58:28 DEBUG PackageRelationshipCollection:307 - Parsing relationship: /_rels/.rels
2025-05-21 18:58:28 DEBUG POIXMLFactory:65 - using default POIXMLDocumentPart for http://schemas.openxmlformats.org/officeDocument/2006/relationships/printerSettings
2025-05-21 18:58:28 INFO  TC02_Login:25 - Starting testLogin with email: smitasharma.qa@gmail.com
2025-05-21 18:58:28 DEBUG TC02_Login:29 - HomePage initialized
2025-05-21 18:58:28 DEBUG TC02_Login:31 - Clicked MyAccount
2025-05-21 18:58:28 DEBUG TC02_Login:33 - Clicked Login
2025-05-21 18:58:29 DEBUG TC02_Login:37 - Entered email
2025-05-21 18:58:29 DEBUG TC02_Login:39 - Entered password
2025-05-21 18:58:29 DEBUG TC02_Login:41 - Clicked login button
2025-05-21 18:58:29 DEBUG TC02_Login:45 - Login message displayed: true
2025-05-21 18:58:29 INFO  TC02_Login:48 - Login successful for: smitasharma.qa@gmail.com
2025-05-21 18:58:29 INFO  TC02_Login:25 - Starting testLogin with email: nona@yahoo.com
2025-05-21 18:58:29 DEBUG TC02_Login:29 - HomePage initialized
2025-05-21 18:58:29 DEBUG TC02_Login:31 - Clicked MyAccount
2025-05-21 18:58:29 ERROR TC03_AddToCart:51 - Unexpected exception during Add to Cart test
org.openqa.selenium.NoSuchElementException: Unable to locate element: //div[@class='alert alert-success alert-dismissible']
For documentation on this error, please visit: https://www.selenium.dev/documentation/webdriver/troubleshooting/errors#no-such-element-exception
Build info: version: '4.31.0', revision: '1ef9f18787*'
System info: os.name: 'Windows 11', os.arch: 'amd64', os.version: '10.0', java.version: '21.0.7'
Driver info: org.openqa.selenium.remote.RemoteWebDriver
Command: [1c748a90-6192-49ca-98c7-4856dbba1baf, findElement {using=xpath, value=//div[@class='alert alert-success alert-dismissible']}]
Capabilities {acceptInsecureCerts: true, browserName: firefox, browserVersion: 138.0.4, moz:accessibilityChecks: false, moz:buildID: 20250517143237, moz:firefoxOptions: {binary: C:\Program Files\Mozilla Fi..., prefs: {remote.active-protocols: 3}}, moz:geckodriverVersion: 0.36.0, moz:headless: false, moz:platformVersion: 10.0, moz:processID: 25384, moz:profile: C:\Users\zhou_\AppData\Loca..., moz:shutdownTimeout: 60000, moz:webdriverClick: true, moz:windowless: false, pageLoadStrategy: normal, platformName: Windows 11, proxy: Proxy(), se:bidiEnabled: false, se:cdpEnabled: false, setWindowRect: true, strictFileInteractability: false, timeouts: {implicit: 0, pageLoad: 300000, script: 30000}, unhandledPromptBehavior: dismiss and notify, userAgent: Mozilla/5.0 (Windows NT 10....}
Session ID: 1c748a90-6192-49ca-98c7-4856dbba1baf
	at java.base/jdk.internal.reflect.DirectConstructorHandleAccessor.newInstance(DirectConstructorHandleAccessor.java:62) ~[?:?]
	at java.base/java.lang.reflect.Constructor.newInstanceWithCaller(Constructor.java:502) ~[?:?]
	at java.base/java.lang.reflect.Constructor.newInstance(Constructor.java:486) ~[?:?]
	at org.openqa.selenium.remote.ErrorCodec.decode(ErrorCodec.java:167) ~[selenium-remote-driver-4.31.0.jar:?]
	at org.openqa.selenium.remote.codec.w3c.W3CHttpResponseCodec.decode(W3CHttpResponseCodec.java:138) ~[selenium-remote-driver-4.31.0.jar:?]
	at org.openqa.selenium.remote.codec.w3c.W3CHttpResponseCodec.decode(W3CHttpResponseCodec.java:50) ~[selenium-remote-driver-4.31.0.jar:?]
	at org.openqa.selenium.remote.HttpCommandExecutor.execute(HttpCommandExecutor.java:215) ~[selenium-remote-driver-4.31.0.jar:?]
	at org.openqa.selenium.remote.TracedCommandExecutor.execute(TracedCommandExecutor.java:53) ~[selenium-remote-driver-4.31.0.jar:?]
	at org.openqa.selenium.remote.RemoteWebDriver.execute(RemoteWebDriver.java:545) ~[selenium-remote-driver-4.31.0.jar:?]
	at org.openqa.selenium.remote.ElementLocation$ElementFinder$2.findElement(ElementLocation.java:165) ~[selenium-remote-driver-4.31.0.jar:?]
	at org.openqa.selenium.remote.ElementLocation.findElement(ElementLocation.java:59) ~[selenium-remote-driver-4.31.0.jar:?]
	at org.openqa.selenium.remote.RemoteWebDriver.findElement(RemoteWebDriver.java:368) ~[selenium-remote-driver-4.31.0.jar:?]
	at org.openqa.selenium.remote.RemoteWebDriver.findElement(RemoteWebDriver.java:362) ~[selenium-remote-driver-4.31.0.jar:?]
	at org.openqa.selenium.support.pagefactory.DefaultElementLocator.findElement(DefaultElementLocator.java:68) ~[selenium-support-4.31.0.jar:?]
	at org.openqa.selenium.support.pagefactory.internal.LocatingElementHandler.invoke(LocatingElementHandler.java:38) ~[selenium-support-4.31.0.jar:?]
	at jdk.proxy2/jdk.proxy2.$Proxy27.getText(Unknown Source) ~[?:?]
	at pageObjects.LP3065Page.getAddToCartMsg(LP3065Page.java:58) ~[test-classes/:?]
	at testCases.TC03_AddToCart.testAddToCart(TC03_AddToCart.java:41) ~[test-classes/:?]
	at java.base/jdk.internal.reflect.DirectMethodHandleAccessor.invoke(DirectMethodHandleAccessor.java:103) ~[?:?]
	at java.base/java.lang.reflect.Method.invoke(Method.java:580) ~[?:?]
	at org.testng.internal.invokers.MethodInvocationHelper.invokeMethod(MethodInvocationHelper.java:141) ~[testng-7.11.0.jar:7.11.0]
	at org.testng.internal.invokers.TestInvoker.invokeMethod(TestInvoker.java:687) ~[testng-7.11.0.jar:7.11.0]
	at org.testng.internal.invokers.TestInvoker.invokeTestMethod(TestInvoker.java:230) ~[testng-7.11.0.jar:7.11.0]
	at org.testng.internal.invokers.MethodRunner.runInSequence(MethodRunner.java:63) ~[testng-7.11.0.jar:7.11.0]
	at org.testng.internal.invokers.TestInvoker$MethodInvocationAgent.invoke(TestInvoker.java:995) ~[testng-7.11.0.jar:7.11.0]
	at org.testng.internal.invokers.TestInvoker.invokeTestMethods(TestInvoker.java:203) ~[testng-7.11.0.jar:7.11.0]
	at org.testng.internal.invokers.TestMethodWorker.invokeTestMethods(TestMethodWorker.java:154) ~[testng-7.11.0.jar:7.11.0]
	at org.testng.internal.invokers.TestMethodWorker.run(TestMethodWorker.java:134) ~[testng-7.11.0.jar:7.11.0]
	at java.base/java.util.ArrayList.forEach(ArrayList.java:1596) ~[?:?]
	at org.testng.TestRunner.privateRun(TestRunner.java:741) ~[testng-7.11.0.jar:7.11.0]
	at org.testng.TestRunner.run(TestRunner.java:616) ~[testng-7.11.0.jar:7.11.0]
	at org.testng.SuiteRunner.runTest(SuiteRunner.java:421) ~[testng-7.11.0.jar:7.11.0]
	at org.testng.SuiteRunner$SuiteWorker.run(SuiteRunner.java:463) ~[testng-7.11.0.jar:7.11.0]
	at org.testng.internal.thread.ThreadUtil.lambda$execute$0(ThreadUtil.java:64) ~[testng-7.11.0.jar:7.11.0]
	at java.base/java.util.concurrent.FutureTask.run(FutureTask.java:317) ~[?:?]
	at java.base/java.util.concurrent.ThreadPoolExecutor.runWorker(ThreadPoolExecutor.java:1144) ~[?:?]
	at java.base/java.util.concurrent.ThreadPoolExecutor$Worker.run(ThreadPoolExecutor.java:642) ~[?:?]
	at java.base/java.lang.Thread.run(Thread.java:1583) [?:?]
2025-05-21 18:58:29 WARN  RetryAnalyzer:18 - Retrying test 'testAddToCart' (1 of 2)
2025-05-21 18:58:29 INFO  TC03_AddToCart:20 - Starting test: testAddToCart
2025-05-21 18:58:29 DEBUG TC03_AddToCart:24 - HomePage loaded
2025-05-21 18:58:29 DEBUG TC02_Login:33 - Clicked Login
2025-05-21 18:58:29 DEBUG TC02_Login:37 - Entered email
2025-05-21 18:58:29 DEBUG TC02_Login:39 - Entered password
2025-05-21 18:58:29 DEBUG TC02_Login:41 - Clicked login button
2025-05-21 18:58:29 DEBUG TC03_AddToCart:26 - Clicked on Laptops
2025-05-21 18:58:29 DEBUG TC03_AddToCart:28 - Clicked on Show All Laptops
2025-05-21 18:58:29 DEBUG TC02_Login:45 - Login message displayed: true
2025-05-21 18:58:29 INFO  TC02_Login:48 - Login successful for: nona@yahoo.com
2025-05-21 18:58:30 INFO  TC02_Login:25 - Starting testLogin with email: sid@cloudberry.services
2025-05-21 18:58:30 DEBUG TC02_Login:29 - HomePage initialized
2025-05-21 18:58:30 DEBUG TC02_Login:31 - Clicked MyAccount
2025-05-21 18:58:30 DEBUG TC02_Login:33 - Clicked Login
2025-05-21 18:58:30 DEBUG TC02_Login:37 - Entered email
2025-05-21 18:58:30 DEBUG TC02_Login:39 - Entered password
2025-05-21 18:58:30 DEBUG TC02_Login:41 - Clicked login button
2025-05-21 18:58:30 DEBUG TC02_Login:45 - Login message displayed: true
2025-05-21 18:58:30 INFO  TC02_Login:48 - Login successful for: sid@cloudberry.services
2025-05-21 18:58:30 INFO  TC02_Login:25 - Starting testLogin with email: apushedwoman@gmail.com
2025-05-21 18:58:30 DEBUG TC02_Login:29 - HomePage initialized
2025-05-21 18:58:30 DEBUG TC02_Login:31 - Clicked MyAccount
2025-05-21 18:58:30 DEBUG TC02_Login:33 - Clicked Login
2025-05-21 18:58:30 DEBUG TC02_Login:37 - Entered email
2025-05-21 18:58:30 DEBUG TC02_Login:39 - Entered password
2025-05-21 18:58:31 DEBUG TC02_Login:41 - Clicked login button
2025-05-21 18:58:31 DEBUG TC02_Login:45 - Login message displayed: true
2025-05-21 18:58:31 INFO  TC02_Login:48 - Login successful for: apushedwoman@gmail.com
2025-05-21 18:58:31 INFO  TC02_Login:25 - Starting testLogin with email: hichamkhachiai@gmail.com
2025-05-21 18:58:31 DEBUG TC02_Login:29 - HomePage initialized
2025-05-21 18:58:31 DEBUG TC02_Login:31 - Clicked MyAccount
2025-05-21 18:58:31 DEBUG TC02_Login:33 - Clicked Login
2025-05-21 18:58:31 DEBUG TC02_Login:37 - Entered email
2025-05-21 18:58:31 DEBUG TC02_Login:39 - Entered password
2025-05-21 18:58:31 DEBUG TC03_AddToCart:32 - Clicked on HP LP3065 product
2025-05-21 18:58:31 DEBUG TC03_AddToCart:36 - Entered delivery date
2025-05-21 18:58:31 DEBUG TC02_Login:41 - Clicked login button
2025-05-21 18:58:31 DEBUG TC02_Login:45 - Login message displayed: true
2025-05-21 18:58:31 INFO  TC02_Login:48 - Login successful for: hichamkhachiai@gmail.com
2025-05-21 18:58:31 DEBUG TC03_AddToCart:39 - Clicked on Add to Cart
2025-05-21 18:58:32 INFO  BaseClass:139 - Browser session closed successfully
2025-05-21 18:58:32 INFO  BaseClass:44 - Initializing application on OS: windows and Browser: chrome
2025-05-21 18:58:32 DEBUG BaseClass:49 - Loaded configuration properties
2025-05-21 18:58:32 DEBUG BaseClass:119 - Driver assigned to thread-local storage
2025-05-21 18:58:33 INFO  BaseClass:126 - Application launched successfully: https://cloudberrystore.services/
2025-05-21 18:58:33 INFO  TC04_CompletePurchase:23 - Step 1: Starting testAddToCart
2025-05-21 18:58:33 DEBUG TC04_CompletePurchase:27 - Navigated to HomePage
2025-05-21 18:58:33 DEBUG TC04_CompletePurchase:30 - Clicked on 'Laptops'
2025-05-21 18:58:33 DEBUG TC04_CompletePurchase:33 - Clicked on 'Show All Laptops'
2025-05-21 18:58:33 ERROR TC05_AddToWishlist:81 - Unexpected exception in testAddToWishlist
org.openqa.selenium.NoSuchElementException: no such element: Unable to locate element: {"method":"xpath","selector":"//div[@class='alert alert-success alert-dismissible']"}
  (Session info: MicrosoftEdge=136.0.3240.76)
For documentation on this error, please visit: https://www.selenium.dev/documentation/webdriver/troubleshooting/errors#no-such-element-exception
Build info: version: '4.31.0', revision: '1ef9f18787*'
System info: os.name: 'Windows 11', os.arch: 'amd64', os.version: '10.0', java.version: '21.0.7'
Driver info: org.openqa.selenium.remote.RemoteWebDriver
Command: [43aa53d3be445d7c1b9be6723d5f4ef8, findElement {using=xpath, value=//div[@class='alert alert-success alert-dismissible']}]
Capabilities {acceptInsecureCerts: false, browserName: MicrosoftEdge, browserVersion: 136.0.3240.76, fedcm:accounts: true, ms:edgeOptions: {debuggerAddress: localhost:59403}, msedge: {msedgedriverVersion: 136.0.3240.76 (77e9ec69748f..., userDataDir: C:\Users\zhou_\AppData\Loca...}, networkConnectionEnabled: false, pageLoadStrategy: normal, platformName: Windows 11, proxy: Proxy(), se:bidiEnabled: false, se:cdp: ws://192.168.1.38:4444/sess..., se:cdpVersion: 136.0.3240.76, setWindowRect: true, strictFileInteractability: false, timeouts: {implicit: 0, pageLoad: 300000, script: 30000}, unhandledPromptBehavior: dismiss and notify, webauthn:extension:credBlob: true, webauthn:extension:largeBlob: true, webauthn:extension:minPinLength: true, webauthn:extension:prf: true, webauthn:virtualAuthenticators: true}
Session ID: 43aa53d3be445d7c1b9be6723d5f4ef8
	at java.base/jdk.internal.reflect.DirectConstructorHandleAccessor.newInstance(DirectConstructorHandleAccessor.java:62) ~[?:?]
	at java.base/java.lang.reflect.Constructor.newInstanceWithCaller(Constructor.java:502) ~[?:?]
	at java.base/java.lang.reflect.Constructor.newInstance(Constructor.java:486) ~[?:?]
	at org.openqa.selenium.remote.ErrorCodec.decode(ErrorCodec.java:167) ~[selenium-remote-driver-4.31.0.jar:?]
	at org.openqa.selenium.remote.codec.w3c.W3CHttpResponseCodec.decode(W3CHttpResponseCodec.java:138) ~[selenium-remote-driver-4.31.0.jar:?]
	at org.openqa.selenium.remote.codec.w3c.W3CHttpResponseCodec.decode(W3CHttpResponseCodec.java:50) ~[selenium-remote-driver-4.31.0.jar:?]
	at org.openqa.selenium.remote.HttpCommandExecutor.execute(HttpCommandExecutor.java:215) ~[selenium-remote-driver-4.31.0.jar:?]
	at org.openqa.selenium.remote.TracedCommandExecutor.execute(TracedCommandExecutor.java:53) ~[selenium-remote-driver-4.31.0.jar:?]
	at org.openqa.selenium.remote.RemoteWebDriver.execute(RemoteWebDriver.java:545) ~[selenium-remote-driver-4.31.0.jar:?]
	at org.openqa.selenium.remote.ElementLocation$ElementFinder$2.findElement(ElementLocation.java:165) ~[selenium-remote-driver-4.31.0.jar:?]
	at org.openqa.selenium.remote.ElementLocation.findElement(ElementLocation.java:59) ~[selenium-remote-driver-4.31.0.jar:?]
	at org.openqa.selenium.remote.RemoteWebDriver.findElement(RemoteWebDriver.java:368) ~[selenium-remote-driver-4.31.0.jar:?]
	at org.openqa.selenium.remote.RemoteWebDriver.findElement(RemoteWebDriver.java:362) ~[selenium-remote-driver-4.31.0.jar:?]
	at org.openqa.selenium.support.pagefactory.DefaultElementLocator.findElement(DefaultElementLocator.java:68) ~[selenium-support-4.31.0.jar:?]
	at org.openqa.selenium.support.pagefactory.internal.LocatingElementHandler.invoke(LocatingElementHandler.java:38) ~[selenium-support-4.31.0.jar:?]
	at jdk.proxy2/jdk.proxy2.$Proxy27.getText(Unknown Source) ~[?:?]
	at pageObjects.LP3065Page.getAddToWishlistMsg(LP3065Page.java:66) ~[test-classes/:?]
	at testCases.TC05_AddToWishlist.testAddToWishlist(TC05_AddToWishlist.java:65) ~[test-classes/:?]
	at java.base/jdk.internal.reflect.DirectMethodHandleAccessor.invoke(DirectMethodHandleAccessor.java:103) ~[?:?]
	at java.base/java.lang.reflect.Method.invoke(Method.java:580) ~[?:?]
	at org.testng.internal.invokers.MethodInvocationHelper.invokeMethod(MethodInvocationHelper.java:141) ~[testng-7.11.0.jar:7.11.0]
	at org.testng.internal.invokers.TestInvoker.invokeMethod(TestInvoker.java:687) ~[testng-7.11.0.jar:7.11.0]
	at org.testng.internal.invokers.TestInvoker.invokeTestMethod(TestInvoker.java:230) ~[testng-7.11.0.jar:7.11.0]
	at org.testng.internal.invokers.MethodRunner.runInSequence(MethodRunner.java:63) ~[testng-7.11.0.jar:7.11.0]
	at org.testng.internal.invokers.TestInvoker$MethodInvocationAgent.invoke(TestInvoker.java:995) ~[testng-7.11.0.jar:7.11.0]
	at org.testng.internal.invokers.TestInvoker.invokeTestMethods(TestInvoker.java:203) ~[testng-7.11.0.jar:7.11.0]
	at org.testng.internal.invokers.TestMethodWorker.invokeTestMethods(TestMethodWorker.java:154) ~[testng-7.11.0.jar:7.11.0]
	at org.testng.internal.invokers.TestMethodWorker.run(TestMethodWorker.java:134) ~[testng-7.11.0.jar:7.11.0]
	at java.base/java.util.ArrayList.forEach(ArrayList.java:1596) ~[?:?]
	at org.testng.TestRunner.privateRun(TestRunner.java:741) ~[testng-7.11.0.jar:7.11.0]
	at org.testng.TestRunner.run(TestRunner.java:616) ~[testng-7.11.0.jar:7.11.0]
	at org.testng.SuiteRunner.runTest(SuiteRunner.java:421) ~[testng-7.11.0.jar:7.11.0]
	at org.testng.SuiteRunner$SuiteWorker.run(SuiteRunner.java:463) ~[testng-7.11.0.jar:7.11.0]
	at org.testng.internal.thread.ThreadUtil.lambda$execute$0(ThreadUtil.java:64) ~[testng-7.11.0.jar:7.11.0]
	at java.base/java.util.concurrent.FutureTask.run(FutureTask.java:317) ~[?:?]
	at java.base/java.util.concurrent.ThreadPoolExecutor.runWorker(ThreadPoolExecutor.java:1144) ~[?:?]
	at java.base/java.util.concurrent.ThreadPoolExecutor$Worker.run(ThreadPoolExecutor.java:642) ~[?:?]
	at java.base/java.lang.Thread.run(Thread.java:1583) [?:?]
2025-05-21 18:58:33 WARN  RetryAnalyzer:18 - Retrying test 'testAddToWishlist' (1 of 2)
2025-05-21 18:58:33 INFO  TC05_AddToWishlist:22 - === Starting testAddToWishlist ===
2025-05-21 18:58:33 DEBUG TC05_AddToWishlist:27 - HomePage loaded
2025-05-21 18:58:33 DEBUG TC05_AddToWishlist:30 - Clicked 'My Account'
2025-05-21 18:58:33 DEBUG TC05_AddToWishlist:33 - Clicked 'Login'
2025-05-21 18:58:34 DEBUG TC05_AddToWishlist:37 - Entered email
2025-05-21 18:58:34 DEBUG TC05_AddToWishlist:40 - Entered password
2025-05-21 18:58:34 DEBUG TC05_AddToWishlist:43 - Clicked login button
2025-05-21 18:58:34 DEBUG TC05_AddToWishlist:48 - Navigated to Home Page after login
2025-05-21 18:58:34 DEBUG TC05_AddToWishlist:51 - Clicked 'Laptops'
2025-05-21 18:58:34 DEBUG TC05_AddToWishlist:54 - Clicked 'Show All Laptops'
2025-05-21 18:58:35 DEBUG TC04_CompletePurchase:37 - Selected HP LP3065
2025-05-21 18:58:35 DEBUG TC04_CompletePurchase:41 - Entered delivery date
2025-05-21 18:58:35 DEBUG TC04_CompletePurchase:44 - Clicked on 'Add to Cart'
2025-05-21 18:58:35 DEBUG TC04_CompletePurchase:47 - Clicked on 'Checkout'
2025-05-21 18:58:35 INFO  BaseClass:139 - Browser session closed successfully
2025-05-21 18:58:36 DEBUG TC05_AddToWishlist:58 - Selected HP LP3065 product
2025-05-21 18:58:36 DEBUG TC05_AddToWishlist:63 - Clicked 'Add to Wishlist'
2025-05-21 18:58:41 ERROR TC03_AddToCart:51 - Unexpected exception during Add to Cart test
org.openqa.selenium.NoSuchElementException: Unable to locate element: //div[@class='alert alert-success alert-dismissible']
For documentation on this error, please visit: https://www.selenium.dev/documentation/webdriver/troubleshooting/errors#no-such-element-exception
Build info: version: '4.31.0', revision: '1ef9f18787*'
System info: os.name: 'Windows 11', os.arch: 'amd64', os.version: '10.0', java.version: '21.0.7'
Driver info: org.openqa.selenium.remote.RemoteWebDriver
Command: [1c748a90-6192-49ca-98c7-4856dbba1baf, findElement {using=xpath, value=//div[@class='alert alert-success alert-dismissible']}]
Capabilities {acceptInsecureCerts: true, browserName: firefox, browserVersion: 138.0.4, moz:accessibilityChecks: false, moz:buildID: 20250517143237, moz:firefoxOptions: {binary: C:\Program Files\Mozilla Fi..., prefs: {remote.active-protocols: 3}}, moz:geckodriverVersion: 0.36.0, moz:headless: false, moz:platformVersion: 10.0, moz:processID: 25384, moz:profile: C:\Users\zhou_\AppData\Loca..., moz:shutdownTimeout: 60000, moz:webdriverClick: true, moz:windowless: false, pageLoadStrategy: normal, platformName: Windows 11, proxy: Proxy(), se:bidiEnabled: false, se:cdpEnabled: false, setWindowRect: true, strictFileInteractability: false, timeouts: {implicit: 0, pageLoad: 300000, script: 30000}, unhandledPromptBehavior: dismiss and notify, userAgent: Mozilla/5.0 (Windows NT 10....}
Session ID: 1c748a90-6192-49ca-98c7-4856dbba1baf
	at java.base/jdk.internal.reflect.DirectConstructorHandleAccessor.newInstance(DirectConstructorHandleAccessor.java:62) ~[?:?]
	at java.base/java.lang.reflect.Constructor.newInstanceWithCaller(Constructor.java:502) ~[?:?]
	at java.base/java.lang.reflect.Constructor.newInstance(Constructor.java:486) ~[?:?]
	at org.openqa.selenium.remote.ErrorCodec.decode(ErrorCodec.java:167) ~[selenium-remote-driver-4.31.0.jar:?]
	at org.openqa.selenium.remote.codec.w3c.W3CHttpResponseCodec.decode(W3CHttpResponseCodec.java:138) ~[selenium-remote-driver-4.31.0.jar:?]
	at org.openqa.selenium.remote.codec.w3c.W3CHttpResponseCodec.decode(W3CHttpResponseCodec.java:50) ~[selenium-remote-driver-4.31.0.jar:?]
	at org.openqa.selenium.remote.HttpCommandExecutor.execute(HttpCommandExecutor.java:215) ~[selenium-remote-driver-4.31.0.jar:?]
	at org.openqa.selenium.remote.TracedCommandExecutor.execute(TracedCommandExecutor.java:53) ~[selenium-remote-driver-4.31.0.jar:?]
	at org.openqa.selenium.remote.RemoteWebDriver.execute(RemoteWebDriver.java:545) ~[selenium-remote-driver-4.31.0.jar:?]
	at org.openqa.selenium.remote.ElementLocation$ElementFinder$2.findElement(ElementLocation.java:165) ~[selenium-remote-driver-4.31.0.jar:?]
	at org.openqa.selenium.remote.ElementLocation.findElement(ElementLocation.java:59) ~[selenium-remote-driver-4.31.0.jar:?]
	at org.openqa.selenium.remote.RemoteWebDriver.findElement(RemoteWebDriver.java:368) ~[selenium-remote-driver-4.31.0.jar:?]
	at org.openqa.selenium.remote.RemoteWebDriver.findElement(RemoteWebDriver.java:362) ~[selenium-remote-driver-4.31.0.jar:?]
	at org.openqa.selenium.support.pagefactory.DefaultElementLocator.findElement(DefaultElementLocator.java:68) ~[selenium-support-4.31.0.jar:?]
	at org.openqa.selenium.support.pagefactory.internal.LocatingElementHandler.invoke(LocatingElementHandler.java:38) ~[selenium-support-4.31.0.jar:?]
	at jdk.proxy2/jdk.proxy2.$Proxy27.getText(Unknown Source) ~[?:?]
	at pageObjects.LP3065Page.getAddToCartMsg(LP3065Page.java:58) ~[test-classes/:?]
	at testCases.TC03_AddToCart.testAddToCart(TC03_AddToCart.java:41) ~[test-classes/:?]
	at java.base/jdk.internal.reflect.DirectMethodHandleAccessor.invoke(DirectMethodHandleAccessor.java:103) ~[?:?]
	at java.base/java.lang.reflect.Method.invoke(Method.java:580) ~[?:?]
	at org.testng.internal.invokers.MethodInvocationHelper.invokeMethod(MethodInvocationHelper.java:141) ~[testng-7.11.0.jar:7.11.0]
	at org.testng.internal.invokers.TestInvoker.invokeMethod(TestInvoker.java:687) ~[testng-7.11.0.jar:7.11.0]
	at org.testng.internal.invokers.TestInvoker.retryFailed(TestInvoker.java:269) ~[testng-7.11.0.jar:7.11.0]
	at org.testng.internal.invokers.MethodRunner.runInSequence(MethodRunner.java:76) ~[testng-7.11.0.jar:7.11.0]
	at org.testng.internal.invokers.TestInvoker$MethodInvocationAgent.invoke(TestInvoker.java:995) ~[testng-7.11.0.jar:7.11.0]
	at org.testng.internal.invokers.TestInvoker.invokeTestMethods(TestInvoker.java:203) ~[testng-7.11.0.jar:7.11.0]
	at org.testng.internal.invokers.TestMethodWorker.invokeTestMethods(TestMethodWorker.java:154) ~[testng-7.11.0.jar:7.11.0]
	at org.testng.internal.invokers.TestMethodWorker.run(TestMethodWorker.java:134) ~[testng-7.11.0.jar:7.11.0]
	at java.base/java.util.ArrayList.forEach(ArrayList.java:1596) ~[?:?]
	at org.testng.TestRunner.privateRun(TestRunner.java:741) ~[testng-7.11.0.jar:7.11.0]
	at org.testng.TestRunner.run(TestRunner.java:616) ~[testng-7.11.0.jar:7.11.0]
	at org.testng.SuiteRunner.runTest(SuiteRunner.java:421) ~[testng-7.11.0.jar:7.11.0]
	at org.testng.SuiteRunner$SuiteWorker.run(SuiteRunner.java:463) ~[testng-7.11.0.jar:7.11.0]
	at org.testng.internal.thread.ThreadUtil.lambda$execute$0(ThreadUtil.java:64) ~[testng-7.11.0.jar:7.11.0]
	at java.base/java.util.concurrent.FutureTask.run(FutureTask.java:317) ~[?:?]
	at java.base/java.util.concurrent.ThreadPoolExecutor.runWorker(ThreadPoolExecutor.java:1144) ~[?:?]
	at java.base/java.util.concurrent.ThreadPoolExecutor$Worker.run(ThreadPoolExecutor.java:642) ~[?:?]
	at java.base/java.lang.Thread.run(Thread.java:1583) [?:?]
2025-05-21 18:58:41 WARN  RetryAnalyzer:18 - Retrying test 'testAddToCart' (2 of 2)
2025-05-21 18:58:41 INFO  TC03_AddToCart:20 - Starting test: testAddToCart
2025-05-21 18:58:41 DEBUG TC03_AddToCart:24 - HomePage loaded
2025-05-21 18:58:42 DEBUG TC03_AddToCart:26 - Clicked on Laptops
2025-05-21 18:58:42 DEBUG TC03_AddToCart:28 - Clicked on Show All Laptops
2025-05-21 18:58:43 DEBUG TC03_AddToCart:32 - Clicked on HP LP3065 product
2025-05-21 18:58:43 DEBUG TC03_AddToCart:36 - Entered delivery date
2025-05-21 18:58:43 DEBUG TC03_AddToCart:39 - Clicked on Add to Cart
2025-05-21 18:58:46 ERROR TC05_AddToWishlist:81 - Unexpected exception in testAddToWishlist
org.openqa.selenium.NoSuchElementException: no such element: Unable to locate element: {"method":"xpath","selector":"//div[@class='alert alert-success alert-dismissible']"}
  (Session info: MicrosoftEdge=136.0.3240.76)
For documentation on this error, please visit: https://www.selenium.dev/documentation/webdriver/troubleshooting/errors#no-such-element-exception
Build info: version: '4.31.0', revision: '1ef9f18787*'
System info: os.name: 'Windows 11', os.arch: 'amd64', os.version: '10.0', java.version: '21.0.7'
Driver info: org.openqa.selenium.remote.RemoteWebDriver
Command: [43aa53d3be445d7c1b9be6723d5f4ef8, findElement {using=xpath, value=//div[@class='alert alert-success alert-dismissible']}]
Capabilities {acceptInsecureCerts: false, browserName: MicrosoftEdge, browserVersion: 136.0.3240.76, fedcm:accounts: true, ms:edgeOptions: {debuggerAddress: localhost:59403}, msedge: {msedgedriverVersion: 136.0.3240.76 (77e9ec69748f..., userDataDir: C:\Users\zhou_\AppData\Loca...}, networkConnectionEnabled: false, pageLoadStrategy: normal, platformName: Windows 11, proxy: Proxy(), se:bidiEnabled: false, se:cdp: ws://192.168.1.38:4444/sess..., se:cdpVersion: 136.0.3240.76, setWindowRect: true, strictFileInteractability: false, timeouts: {implicit: 0, pageLoad: 300000, script: 30000}, unhandledPromptBehavior: dismiss and notify, webauthn:extension:credBlob: true, webauthn:extension:largeBlob: true, webauthn:extension:minPinLength: true, webauthn:extension:prf: true, webauthn:virtualAuthenticators: true}
Session ID: 43aa53d3be445d7c1b9be6723d5f4ef8
	at java.base/jdk.internal.reflect.DirectConstructorHandleAccessor.newInstance(DirectConstructorHandleAccessor.java:62) ~[?:?]
	at java.base/java.lang.reflect.Constructor.newInstanceWithCaller(Constructor.java:502) ~[?:?]
	at java.base/java.lang.reflect.Constructor.newInstance(Constructor.java:486) ~[?:?]
	at org.openqa.selenium.remote.ErrorCodec.decode(ErrorCodec.java:167) ~[selenium-remote-driver-4.31.0.jar:?]
	at org.openqa.selenium.remote.codec.w3c.W3CHttpResponseCodec.decode(W3CHttpResponseCodec.java:138) ~[selenium-remote-driver-4.31.0.jar:?]
	at org.openqa.selenium.remote.codec.w3c.W3CHttpResponseCodec.decode(W3CHttpResponseCodec.java:50) ~[selenium-remote-driver-4.31.0.jar:?]
	at org.openqa.selenium.remote.HttpCommandExecutor.execute(HttpCommandExecutor.java:215) ~[selenium-remote-driver-4.31.0.jar:?]
	at org.openqa.selenium.remote.TracedCommandExecutor.execute(TracedCommandExecutor.java:53) ~[selenium-remote-driver-4.31.0.jar:?]
	at org.openqa.selenium.remote.RemoteWebDriver.execute(RemoteWebDriver.java:545) ~[selenium-remote-driver-4.31.0.jar:?]
	at org.openqa.selenium.remote.ElementLocation$ElementFinder$2.findElement(ElementLocation.java:165) ~[selenium-remote-driver-4.31.0.jar:?]
	at org.openqa.selenium.remote.ElementLocation.findElement(ElementLocation.java:59) ~[selenium-remote-driver-4.31.0.jar:?]
	at org.openqa.selenium.remote.RemoteWebDriver.findElement(RemoteWebDriver.java:368) ~[selenium-remote-driver-4.31.0.jar:?]
	at org.openqa.selenium.remote.RemoteWebDriver.findElement(RemoteWebDriver.java:362) ~[selenium-remote-driver-4.31.0.jar:?]
	at org.openqa.selenium.support.pagefactory.DefaultElementLocator.findElement(DefaultElementLocator.java:68) ~[selenium-support-4.31.0.jar:?]
	at org.openqa.selenium.support.pagefactory.internal.LocatingElementHandler.invoke(LocatingElementHandler.java:38) ~[selenium-support-4.31.0.jar:?]
	at jdk.proxy2/jdk.proxy2.$Proxy27.getText(Unknown Source) ~[?:?]
	at pageObjects.LP3065Page.getAddToWishlistMsg(LP3065Page.java:66) ~[test-classes/:?]
	at testCases.TC05_AddToWishlist.testAddToWishlist(TC05_AddToWishlist.java:65) ~[test-classes/:?]
	at java.base/jdk.internal.reflect.DirectMethodHandleAccessor.invoke(DirectMethodHandleAccessor.java:103) ~[?:?]
	at java.base/java.lang.reflect.Method.invoke(Method.java:580) ~[?:?]
	at org.testng.internal.invokers.MethodInvocationHelper.invokeMethod(MethodInvocationHelper.java:141) ~[testng-7.11.0.jar:7.11.0]
	at org.testng.internal.invokers.TestInvoker.invokeMethod(TestInvoker.java:687) ~[testng-7.11.0.jar:7.11.0]
	at org.testng.internal.invokers.TestInvoker.retryFailed(TestInvoker.java:269) ~[testng-7.11.0.jar:7.11.0]
	at org.testng.internal.invokers.MethodRunner.runInSequence(MethodRunner.java:76) ~[testng-7.11.0.jar:7.11.0]
	at org.testng.internal.invokers.TestInvoker$MethodInvocationAgent.invoke(TestInvoker.java:995) ~[testng-7.11.0.jar:7.11.0]
	at org.testng.internal.invokers.TestInvoker.invokeTestMethods(TestInvoker.java:203) ~[testng-7.11.0.jar:7.11.0]
	at org.testng.internal.invokers.TestMethodWorker.invokeTestMethods(TestMethodWorker.java:154) ~[testng-7.11.0.jar:7.11.0]
	at org.testng.internal.invokers.TestMethodWorker.run(TestMethodWorker.java:134) ~[testng-7.11.0.jar:7.11.0]
	at java.base/java.util.ArrayList.forEach(ArrayList.java:1596) ~[?:?]
	at org.testng.TestRunner.privateRun(TestRunner.java:741) ~[testng-7.11.0.jar:7.11.0]
	at org.testng.TestRunner.run(TestRunner.java:616) ~[testng-7.11.0.jar:7.11.0]
	at org.testng.SuiteRunner.runTest(SuiteRunner.java:421) ~[testng-7.11.0.jar:7.11.0]
	at org.testng.SuiteRunner$SuiteWorker.run(SuiteRunner.java:463) ~[testng-7.11.0.jar:7.11.0]
	at org.testng.internal.thread.ThreadUtil.lambda$execute$0(ThreadUtil.java:64) ~[testng-7.11.0.jar:7.11.0]
	at java.base/java.util.concurrent.FutureTask.run(FutureTask.java:317) ~[?:?]
	at java.base/java.util.concurrent.ThreadPoolExecutor.runWorker(ThreadPoolExecutor.java:1144) ~[?:?]
	at java.base/java.util.concurrent.ThreadPoolExecutor$Worker.run(ThreadPoolExecutor.java:642) ~[?:?]
	at java.base/java.lang.Thread.run(Thread.java:1583) [?:?]
2025-05-21 18:58:46 WARN  RetryAnalyzer:18 - Retrying test 'testAddToWishlist' (2 of 2)
2025-05-21 18:58:46 INFO  TC05_AddToWishlist:22 - === Starting testAddToWishlist ===
2025-05-21 18:58:46 DEBUG TC05_AddToWishlist:27 - HomePage loaded
2025-05-21 18:58:46 DEBUG TC05_AddToWishlist:30 - Clicked 'My Account'
2025-05-21 18:58:46 DEBUG TC05_AddToWishlist:33 - Clicked 'Login'
2025-05-21 18:58:46 DEBUG TC05_AddToWishlist:37 - Entered email
2025-05-21 18:58:46 DEBUG TC05_AddToWishlist:40 - Entered password
2025-05-21 18:58:46 DEBUG TC05_AddToWishlist:43 - Clicked login button
2025-05-21 18:58:46 DEBUG TC05_AddToWishlist:48 - Navigated to Home Page after login
2025-05-21 18:58:46 DEBUG TC05_AddToWishlist:51 - Clicked 'Laptops'
2025-05-21 18:58:46 DEBUG TC05_AddToWishlist:54 - Clicked 'Show All Laptops'
2025-05-21 18:58:48 DEBUG TC05_AddToWishlist:58 - Selected HP LP3065 product
2025-05-21 18:58:48 DEBUG TC05_AddToWishlist:63 - Clicked 'Add to Wishlist'
2025-05-21 18:58:53 ERROR TC03_AddToCart:51 - Unexpected exception during Add to Cart test
org.openqa.selenium.NoSuchElementException: Unable to locate element: //div[@class='alert alert-success alert-dismissible']
For documentation on this error, please visit: https://www.selenium.dev/documentation/webdriver/troubleshooting/errors#no-such-element-exception
Build info: version: '4.31.0', revision: '1ef9f18787*'
System info: os.name: 'Windows 11', os.arch: 'amd64', os.version: '10.0', java.version: '21.0.7'
Driver info: org.openqa.selenium.remote.RemoteWebDriver
Command: [1c748a90-6192-49ca-98c7-4856dbba1baf, findElement {using=xpath, value=//div[@class='alert alert-success alert-dismissible']}]
Capabilities {acceptInsecureCerts: true, browserName: firefox, browserVersion: 138.0.4, moz:accessibilityChecks: false, moz:buildID: 20250517143237, moz:firefoxOptions: {binary: C:\Program Files\Mozilla Fi..., prefs: {remote.active-protocols: 3}}, moz:geckodriverVersion: 0.36.0, moz:headless: false, moz:platformVersion: 10.0, moz:processID: 25384, moz:profile: C:\Users\zhou_\AppData\Loca..., moz:shutdownTimeout: 60000, moz:webdriverClick: true, moz:windowless: false, pageLoadStrategy: normal, platformName: Windows 11, proxy: Proxy(), se:bidiEnabled: false, se:cdpEnabled: false, setWindowRect: true, strictFileInteractability: false, timeouts: {implicit: 0, pageLoad: 300000, script: 30000}, unhandledPromptBehavior: dismiss and notify, userAgent: Mozilla/5.0 (Windows NT 10....}
Session ID: 1c748a90-6192-49ca-98c7-4856dbba1baf
	at java.base/jdk.internal.reflect.DirectConstructorHandleAccessor.newInstance(DirectConstructorHandleAccessor.java:62) ~[?:?]
	at java.base/java.lang.reflect.Constructor.newInstanceWithCaller(Constructor.java:502) ~[?:?]
	at java.base/java.lang.reflect.Constructor.newInstance(Constructor.java:486) ~[?:?]
	at org.openqa.selenium.remote.ErrorCodec.decode(ErrorCodec.java:167) ~[selenium-remote-driver-4.31.0.jar:?]
	at org.openqa.selenium.remote.codec.w3c.W3CHttpResponseCodec.decode(W3CHttpResponseCodec.java:138) ~[selenium-remote-driver-4.31.0.jar:?]
	at org.openqa.selenium.remote.codec.w3c.W3CHttpResponseCodec.decode(W3CHttpResponseCodec.java:50) ~[selenium-remote-driver-4.31.0.jar:?]
	at org.openqa.selenium.remote.HttpCommandExecutor.execute(HttpCommandExecutor.java:215) ~[selenium-remote-driver-4.31.0.jar:?]
	at org.openqa.selenium.remote.TracedCommandExecutor.execute(TracedCommandExecutor.java:53) ~[selenium-remote-driver-4.31.0.jar:?]
	at org.openqa.selenium.remote.RemoteWebDriver.execute(RemoteWebDriver.java:545) ~[selenium-remote-driver-4.31.0.jar:?]
	at org.openqa.selenium.remote.ElementLocation$ElementFinder$2.findElement(ElementLocation.java:165) ~[selenium-remote-driver-4.31.0.jar:?]
	at org.openqa.selenium.remote.ElementLocation.findElement(ElementLocation.java:59) ~[selenium-remote-driver-4.31.0.jar:?]
	at org.openqa.selenium.remote.RemoteWebDriver.findElement(RemoteWebDriver.java:368) ~[selenium-remote-driver-4.31.0.jar:?]
	at org.openqa.selenium.remote.RemoteWebDriver.findElement(RemoteWebDriver.java:362) ~[selenium-remote-driver-4.31.0.jar:?]
	at org.openqa.selenium.support.pagefactory.DefaultElementLocator.findElement(DefaultElementLocator.java:68) ~[selenium-support-4.31.0.jar:?]
	at org.openqa.selenium.support.pagefactory.internal.LocatingElementHandler.invoke(LocatingElementHandler.java:38) ~[selenium-support-4.31.0.jar:?]
	at jdk.proxy2/jdk.proxy2.$Proxy27.getText(Unknown Source) ~[?:?]
	at pageObjects.LP3065Page.getAddToCartMsg(LP3065Page.java:58) ~[test-classes/:?]
	at testCases.TC03_AddToCart.testAddToCart(TC03_AddToCart.java:41) ~[test-classes/:?]
	at java.base/jdk.internal.reflect.DirectMethodHandleAccessor.invoke(DirectMethodHandleAccessor.java:103) ~[?:?]
	at java.base/java.lang.reflect.Method.invoke(Method.java:580) ~[?:?]
	at org.testng.internal.invokers.MethodInvocationHelper.invokeMethod(MethodInvocationHelper.java:141) ~[testng-7.11.0.jar:7.11.0]
	at org.testng.internal.invokers.TestInvoker.invokeMethod(TestInvoker.java:687) ~[testng-7.11.0.jar:7.11.0]
	at org.testng.internal.invokers.TestInvoker.retryFailed(TestInvoker.java:269) ~[testng-7.11.0.jar:7.11.0]
	at org.testng.internal.invokers.MethodRunner.runInSequence(MethodRunner.java:76) ~[testng-7.11.0.jar:7.11.0]
	at org.testng.internal.invokers.TestInvoker$MethodInvocationAgent.invoke(TestInvoker.java:995) ~[testng-7.11.0.jar:7.11.0]
	at org.testng.internal.invokers.TestInvoker.invokeTestMethods(TestInvoker.java:203) ~[testng-7.11.0.jar:7.11.0]
	at org.testng.internal.invokers.TestMethodWorker.invokeTestMethods(TestMethodWorker.java:154) ~[testng-7.11.0.jar:7.11.0]
	at org.testng.internal.invokers.TestMethodWorker.run(TestMethodWorker.java:134) ~[testng-7.11.0.jar:7.11.0]
	at java.base/java.util.ArrayList.forEach(ArrayList.java:1596) ~[?:?]
	at org.testng.TestRunner.privateRun(TestRunner.java:741) ~[testng-7.11.0.jar:7.11.0]
	at org.testng.TestRunner.run(TestRunner.java:616) ~[testng-7.11.0.jar:7.11.0]
	at org.testng.SuiteRunner.runTest(SuiteRunner.java:421) ~[testng-7.11.0.jar:7.11.0]
	at org.testng.SuiteRunner$SuiteWorker.run(SuiteRunner.java:463) ~[testng-7.11.0.jar:7.11.0]
	at org.testng.internal.thread.ThreadUtil.lambda$execute$0(ThreadUtil.java:64) ~[testng-7.11.0.jar:7.11.0]
	at java.base/java.util.concurrent.FutureTask.run(FutureTask.java:317) ~[?:?]
	at java.base/java.util.concurrent.ThreadPoolExecutor.runWorker(ThreadPoolExecutor.java:1144) ~[?:?]
	at java.base/java.util.concurrent.ThreadPoolExecutor$Worker.run(ThreadPoolExecutor.java:642) ~[?:?]
	at java.base/java.lang.Thread.run(Thread.java:1583) [?:?]
2025-05-21 18:58:54 INFO  BaseClass:154 - Screenshot captured: C:\Workspace\test automation bootcamp\NinjaV6\screenshots\testAddToCart_20250521065853.png
2025-05-21 18:58:54 INFO  BaseClass:139 - Browser session closed successfully
2025-05-21 18:58:54 INFO  BaseClass:44 - Initializing application on OS: windows and Browser: firefox
2025-05-21 18:58:54 DEBUG BaseClass:49 - Loaded configuration properties
2025-05-21 18:58:56 DEBUG BaseClass:119 - Driver assigned to thread-local storage
2025-05-21 18:58:57 INFO  BaseClass:126 - Application launched successfully: https://cloudberrystore.services/
2025-05-21 18:58:57 INFO  TC05_AddToWishlist:22 - === Starting testAddToWishlist ===
2025-05-21 18:58:57 DEBUG TC05_AddToWishlist:27 - HomePage loaded
2025-05-21 18:58:57 DEBUG TC05_AddToWishlist:30 - Clicked 'My Account'
2025-05-21 18:58:57 DEBUG TC05_AddToWishlist:33 - Clicked 'Login'
2025-05-21 18:58:57 DEBUG TC05_AddToWishlist:37 - Entered email
2025-05-21 18:58:57 DEBUG TC05_AddToWishlist:40 - Entered password
2025-05-21 18:58:57 DEBUG TC05_AddToWishlist:43 - Clicked login button
2025-05-21 18:58:57 DEBUG TC05_AddToWishlist:48 - Navigated to Home Page after login
2025-05-21 18:58:58 DEBUG TC05_AddToWishlist:51 - Clicked 'Laptops'
2025-05-21 18:58:58 DEBUG TC05_AddToWishlist:54 - Clicked 'Show All Laptops'
2025-05-21 18:58:58 ERROR TC05_AddToWishlist:81 - Unexpected exception in testAddToWishlist
org.openqa.selenium.NoSuchElementException: no such element: Unable to locate element: {"method":"xpath","selector":"//div[@class='alert alert-success alert-dismissible']"}
  (Session info: MicrosoftEdge=136.0.3240.76)
For documentation on this error, please visit: https://www.selenium.dev/documentation/webdriver/troubleshooting/errors#no-such-element-exception
Build info: version: '4.31.0', revision: '1ef9f18787*'
System info: os.name: 'Windows 11', os.arch: 'amd64', os.version: '10.0', java.version: '21.0.7'
Driver info: org.openqa.selenium.remote.RemoteWebDriver
Command: [43aa53d3be445d7c1b9be6723d5f4ef8, findElement {using=xpath, value=//div[@class='alert alert-success alert-dismissible']}]
Capabilities {acceptInsecureCerts: false, browserName: MicrosoftEdge, browserVersion: 136.0.3240.76, fedcm:accounts: true, ms:edgeOptions: {debuggerAddress: localhost:59403}, msedge: {msedgedriverVersion: 136.0.3240.76 (77e9ec69748f..., userDataDir: C:\Users\zhou_\AppData\Loca...}, networkConnectionEnabled: false, pageLoadStrategy: normal, platformName: Windows 11, proxy: Proxy(), se:bidiEnabled: false, se:cdp: ws://192.168.1.38:4444/sess..., se:cdpVersion: 136.0.3240.76, setWindowRect: true, strictFileInteractability: false, timeouts: {implicit: 0, pageLoad: 300000, script: 30000}, unhandledPromptBehavior: dismiss and notify, webauthn:extension:credBlob: true, webauthn:extension:largeBlob: true, webauthn:extension:minPinLength: true, webauthn:extension:prf: true, webauthn:virtualAuthenticators: true}
Session ID: 43aa53d3be445d7c1b9be6723d5f4ef8
	at java.base/jdk.internal.reflect.DirectConstructorHandleAccessor.newInstance(DirectConstructorHandleAccessor.java:62) ~[?:?]
	at java.base/java.lang.reflect.Constructor.newInstanceWithCaller(Constructor.java:502) ~[?:?]
	at java.base/java.lang.reflect.Constructor.newInstance(Constructor.java:486) ~[?:?]
	at org.openqa.selenium.remote.ErrorCodec.decode(ErrorCodec.java:167) ~[selenium-remote-driver-4.31.0.jar:?]
	at org.openqa.selenium.remote.codec.w3c.W3CHttpResponseCodec.decode(W3CHttpResponseCodec.java:138) ~[selenium-remote-driver-4.31.0.jar:?]
	at org.openqa.selenium.remote.codec.w3c.W3CHttpResponseCodec.decode(W3CHttpResponseCodec.java:50) ~[selenium-remote-driver-4.31.0.jar:?]
	at org.openqa.selenium.remote.HttpCommandExecutor.execute(HttpCommandExecutor.java:215) ~[selenium-remote-driver-4.31.0.jar:?]
	at org.openqa.selenium.remote.TracedCommandExecutor.execute(TracedCommandExecutor.java:53) ~[selenium-remote-driver-4.31.0.jar:?]
	at org.openqa.selenium.remote.RemoteWebDriver.execute(RemoteWebDriver.java:545) ~[selenium-remote-driver-4.31.0.jar:?]
	at org.openqa.selenium.remote.ElementLocation$ElementFinder$2.findElement(ElementLocation.java:165) ~[selenium-remote-driver-4.31.0.jar:?]
	at org.openqa.selenium.remote.ElementLocation.findElement(ElementLocation.java:59) ~[selenium-remote-driver-4.31.0.jar:?]
	at org.openqa.selenium.remote.RemoteWebDriver.findElement(RemoteWebDriver.java:368) ~[selenium-remote-driver-4.31.0.jar:?]
	at org.openqa.selenium.remote.RemoteWebDriver.findElement(RemoteWebDriver.java:362) ~[selenium-remote-driver-4.31.0.jar:?]
	at org.openqa.selenium.support.pagefactory.DefaultElementLocator.findElement(DefaultElementLocator.java:68) ~[selenium-support-4.31.0.jar:?]
	at org.openqa.selenium.support.pagefactory.internal.LocatingElementHandler.invoke(LocatingElementHandler.java:38) ~[selenium-support-4.31.0.jar:?]
	at jdk.proxy2/jdk.proxy2.$Proxy27.getText(Unknown Source) ~[?:?]
	at pageObjects.LP3065Page.getAddToWishlistMsg(LP3065Page.java:66) ~[test-classes/:?]
	at testCases.TC05_AddToWishlist.testAddToWishlist(TC05_AddToWishlist.java:65) ~[test-classes/:?]
	at java.base/jdk.internal.reflect.DirectMethodHandleAccessor.invoke(DirectMethodHandleAccessor.java:103) ~[?:?]
	at java.base/java.lang.reflect.Method.invoke(Method.java:580) ~[?:?]
	at org.testng.internal.invokers.MethodInvocationHelper.invokeMethod(MethodInvocationHelper.java:141) ~[testng-7.11.0.jar:7.11.0]
	at org.testng.internal.invokers.TestInvoker.invokeMethod(TestInvoker.java:687) ~[testng-7.11.0.jar:7.11.0]
	at org.testng.internal.invokers.TestInvoker.retryFailed(TestInvoker.java:269) ~[testng-7.11.0.jar:7.11.0]
	at org.testng.internal.invokers.MethodRunner.runInSequence(MethodRunner.java:76) ~[testng-7.11.0.jar:7.11.0]
	at org.testng.internal.invokers.TestInvoker$MethodInvocationAgent.invoke(TestInvoker.java:995) ~[testng-7.11.0.jar:7.11.0]
	at org.testng.internal.invokers.TestInvoker.invokeTestMethods(TestInvoker.java:203) ~[testng-7.11.0.jar:7.11.0]
	at org.testng.internal.invokers.TestMethodWorker.invokeTestMethods(TestMethodWorker.java:154) ~[testng-7.11.0.jar:7.11.0]
	at org.testng.internal.invokers.TestMethodWorker.run(TestMethodWorker.java:134) ~[testng-7.11.0.jar:7.11.0]
	at java.base/java.util.ArrayList.forEach(ArrayList.java:1596) ~[?:?]
	at org.testng.TestRunner.privateRun(TestRunner.java:741) ~[testng-7.11.0.jar:7.11.0]
	at org.testng.TestRunner.run(TestRunner.java:616) ~[testng-7.11.0.jar:7.11.0]
	at org.testng.SuiteRunner.runTest(SuiteRunner.java:421) ~[testng-7.11.0.jar:7.11.0]
	at org.testng.SuiteRunner$SuiteWorker.run(SuiteRunner.java:463) ~[testng-7.11.0.jar:7.11.0]
	at org.testng.internal.thread.ThreadUtil.lambda$execute$0(ThreadUtil.java:64) ~[testng-7.11.0.jar:7.11.0]
	at java.base/java.util.concurrent.FutureTask.run(FutureTask.java:317) ~[?:?]
	at java.base/java.util.concurrent.ThreadPoolExecutor.runWorker(ThreadPoolExecutor.java:1144) ~[?:?]
	at java.base/java.util.concurrent.ThreadPoolExecutor$Worker.run(ThreadPoolExecutor.java:642) ~[?:?]
	at java.base/java.lang.Thread.run(Thread.java:1583) [?:?]
2025-05-21 18:58:58 INFO  BaseClass:154 - Screenshot captured: C:\Workspace\test automation bootcamp\NinjaV6\screenshots\testAddToWishlist_20250521065858.png
2025-05-21 18:58:59 DEBUG TC05_AddToWishlist:58 - Selected HP LP3065 product
2025-05-21 18:59:00 INFO  BaseClass:139 - Browser session closed successfully
2025-05-21 18:59:00 INFO  BaseClass:44 - Initializing application on OS: windows and Browser: edge
2025-05-21 18:59:00 DEBUG BaseClass:49 - Loaded configuration properties
2025-05-21 18:59:00 DEBUG TC05_AddToWishlist:63 - Clicked 'Add to Wishlist'
2025-05-21 18:59:00 DEBUG TC05_AddToWishlist:66 - Wishlist message: Success: You have added HP LP3065 to your wish list!
2025-05-21 18:59:00 INFO  TC05_AddToWishlist:70 - Wishlist success message displayed
2025-05-21 18:59:00 DEBUG BaseClass:119 - Driver assigned to thread-local storage
2025-05-21 18:59:00 INFO  BaseClass:139 - Browser session closed successfully
2025-05-21 18:59:00 INFO  BaseClass:44 - Initializing application on OS: windows and Browser: firefox
2025-05-21 18:59:00 DEBUG BaseClass:49 - Loaded configuration properties
2025-05-21 18:59:01 INFO  BaseClass:126 - Application launched successfully: https://cloudberrystore.services/
2025-05-21 18:59:01 INFO  TC01_LaunchApplication:18 - Starting test: testLaunchApplication
2025-05-21 18:59:01 DEBUG TC01_LaunchApplication:22 - HomePage object created
2025-05-21 18:59:01 DEBUG TC01_LaunchApplication:25 - Fetched page title: Your store of fun
2025-05-21 18:59:01 INFO  TC01_LaunchApplication:28 - Assertion passed: Title is as expected.
2025-05-21 18:59:02 INFO  BaseClass:139 - Browser session closed successfully
2025-05-21 18:59:02 INFO  BaseClass:44 - Initializing application on OS: windows and Browser: edge
2025-05-21 18:59:02 DEBUG BaseClass:49 - Loaded configuration properties
2025-05-21 18:59:02 DEBUG BaseClass:119 - Driver assigned to thread-local storage
2025-05-21 18:59:03 DEBUG BaseClass:119 - Driver assigned to thread-local storage
2025-05-21 18:59:03 INFO  BaseClass:126 - Application launched successfully: https://cloudberrystore.services/
2025-05-21 18:59:03 INFO  TC01_LaunchApplication:18 - Starting test: testLaunchApplication
2025-05-21 18:59:03 DEBUG TC01_LaunchApplication:22 - HomePage object created
2025-05-21 18:59:03 DEBUG TC01_LaunchApplication:25 - Fetched page title: Your store of fun
2025-05-21 18:59:03 INFO  TC01_LaunchApplication:28 - Assertion passed: Title is as expected.
2025-05-21 18:59:04 INFO  BaseClass:139 - Browser session closed successfully
2025-05-21 18:59:04 INFO  BaseClass:44 - Initializing application on OS: windows and Browser: firefox
2025-05-21 18:59:04 DEBUG BaseClass:49 - Loaded configuration properties
2025-05-21 18:59:04 INFO  BaseClass:126 - Application launched successfully: https://cloudberrystore.services/
2025-05-21 18:59:04 DEBUG PackageRelationshipCollection:307 - Parsing relationship: /xl/_rels/workbook.xml.rels
2025-05-21 18:59:04 DEBUG PackageRelationshipCollection:307 - Parsing relationship: /xl/worksheets/_rels/sheet1.xml.rels
2025-05-21 18:59:04 DEBUG PackageRelationshipCollection:307 - Parsing relationship: /_rels/.rels
2025-05-21 18:59:04 DEBUG POIXMLFactory:65 - using default POIXMLDocumentPart for http://schemas.openxmlformats.org/officeDocument/2006/relationships/printerSettings
2025-05-21 18:59:04 DEBUG PackageRelationshipCollection:307 - Parsing relationship: /xl/_rels/workbook.xml.rels
2025-05-21 18:59:04 DEBUG PackageRelationshipCollection:307 - Parsing relationship: /xl/worksheets/_rels/sheet1.xml.rels
2025-05-21 18:59:04 DEBUG PackageRelationshipCollection:307 - Parsing relationship: /_rels/.rels
2025-05-21 18:59:04 DEBUG POIXMLFactory:65 - using default POIXMLDocumentPart for http://schemas.openxmlformats.org/officeDocument/2006/relationships/printerSettings
2025-05-21 18:59:04 DEBUG PackageRelationshipCollection:307 - Parsing relationship: /xl/_rels/workbook.xml.rels
2025-05-21 18:59:04 DEBUG PackageRelationshipCollection:307 - Parsing relationship: /xl/worksheets/_rels/sheet1.xml.rels
2025-05-21 18:59:04 DEBUG PackageRelationshipCollection:307 - Parsing relationship: /_rels/.rels
2025-05-21 18:59:04 DEBUG POIXMLFactory:65 - using default POIXMLDocumentPart for http://schemas.openxmlformats.org/officeDocument/2006/relationships/printerSettings
2025-05-21 18:59:04 DEBUG PackageRelationshipCollection:307 - Parsing relationship: /xl/_rels/workbook.xml.rels
2025-05-21 18:59:04 DEBUG PackageRelationshipCollection:307 - Parsing relationship: /xl/worksheets/_rels/sheet1.xml.rels
2025-05-21 18:59:04 DEBUG PackageRelationshipCollection:307 - Parsing relationship: /_rels/.rels
2025-05-21 18:59:04 DEBUG POIXMLFactory:65 - using default POIXMLDocumentPart for http://schemas.openxmlformats.org/officeDocument/2006/relationships/printerSettings
2025-05-21 18:59:04 DEBUG PackageRelationshipCollection:307 - Parsing relationship: /xl/_rels/workbook.xml.rels
2025-05-21 18:59:04 DEBUG PackageRelationshipCollection:307 - Parsing relationship: /xl/worksheets/_rels/sheet1.xml.rels
2025-05-21 18:59:04 DEBUG PackageRelationshipCollection:307 - Parsing relationship: /_rels/.rels
2025-05-21 18:59:04 DEBUG POIXMLFactory:65 - using default POIXMLDocumentPart for http://schemas.openxmlformats.org/officeDocument/2006/relationships/printerSettings
2025-05-21 18:59:04 DEBUG PackageRelationshipCollection:307 - Parsing relationship: /xl/_rels/workbook.xml.rels
2025-05-21 18:59:04 DEBUG PackageRelationshipCollection:307 - Parsing relationship: /xl/worksheets/_rels/sheet1.xml.rels
2025-05-21 18:59:04 DEBUG PackageRelationshipCollection:307 - Parsing relationship: /_rels/.rels
2025-05-21 18:59:04 DEBUG POIXMLFactory:65 - using default POIXMLDocumentPart for http://schemas.openxmlformats.org/officeDocument/2006/relationships/printerSettings
2025-05-21 18:59:04 DEBUG PackageRelationshipCollection:307 - Parsing relationship: /xl/_rels/workbook.xml.rels
2025-05-21 18:59:04 DEBUG PackageRelationshipCollection:307 - Parsing relationship: /xl/worksheets/_rels/sheet1.xml.rels
2025-05-21 18:59:04 DEBUG PackageRelationshipCollection:307 - Parsing relationship: /_rels/.rels
2025-05-21 18:59:04 DEBUG POIXMLFactory:65 - using default POIXMLDocumentPart for http://schemas.openxmlformats.org/officeDocument/2006/relationships/printerSettings
2025-05-21 18:59:04 DEBUG PackageRelationshipCollection:307 - Parsing relationship: /xl/_rels/workbook.xml.rels
2025-05-21 18:59:04 DEBUG PackageRelationshipCollection:307 - Parsing relationship: /xl/worksheets/_rels/sheet1.xml.rels
2025-05-21 18:59:04 DEBUG PackageRelationshipCollection:307 - Parsing relationship: /_rels/.rels
2025-05-21 18:59:04 DEBUG POIXMLFactory:65 - using default POIXMLDocumentPart for http://schemas.openxmlformats.org/officeDocument/2006/relationships/printerSettings
2025-05-21 18:59:04 DEBUG PackageRelationshipCollection:307 - Parsing relationship: /xl/_rels/workbook.xml.rels
2025-05-21 18:59:04 DEBUG PackageRelationshipCollection:307 - Parsing relationship: /xl/worksheets/_rels/sheet1.xml.rels
2025-05-21 18:59:04 DEBUG PackageRelationshipCollection:307 - Parsing relationship: /_rels/.rels
2025-05-21 18:59:04 DEBUG POIXMLFactory:65 - using default POIXMLDocumentPart for http://schemas.openxmlformats.org/officeDocument/2006/relationships/printerSettings
2025-05-21 18:59:04 DEBUG PackageRelationshipCollection:307 - Parsing relationship: /xl/_rels/workbook.xml.rels
2025-05-21 18:59:04 DEBUG PackageRelationshipCollection:307 - Parsing relationship: /xl/worksheets/_rels/sheet1.xml.rels
2025-05-21 18:59:04 DEBUG PackageRelationshipCollection:307 - Parsing relationship: /_rels/.rels
2025-05-21 18:59:04 DEBUG POIXMLFactory:65 - using default POIXMLDocumentPart for http://schemas.openxmlformats.org/officeDocument/2006/relationships/printerSettings
2025-05-21 18:59:04 DEBUG PackageRelationshipCollection:307 - Parsing relationship: /xl/_rels/workbook.xml.rels
2025-05-21 18:59:04 DEBUG PackageRelationshipCollection:307 - Parsing relationship: /xl/worksheets/_rels/sheet1.xml.rels
2025-05-21 18:59:04 DEBUG PackageRelationshipCollection:307 - Parsing relationship: /_rels/.rels
2025-05-21 18:59:04 DEBUG POIXMLFactory:65 - using default POIXMLDocumentPart for http://schemas.openxmlformats.org/officeDocument/2006/relationships/printerSettings
2025-05-21 18:59:04 DEBUG PackageRelationshipCollection:307 - Parsing relationship: /xl/_rels/workbook.xml.rels
2025-05-21 18:59:04 DEBUG PackageRelationshipCollection:307 - Parsing relationship: /xl/worksheets/_rels/sheet1.xml.rels
2025-05-21 18:59:04 DEBUG PackageRelationshipCollection:307 - Parsing relationship: /_rels/.rels
2025-05-21 18:59:04 DEBUG POIXMLFactory:65 - using default POIXMLDocumentPart for http://schemas.openxmlformats.org/officeDocument/2006/relationships/printerSettings
2025-05-21 18:59:04 INFO  TC02_Login:25 - Starting testLogin with email: smitasharma.qa@gmail.com
2025-05-21 18:59:04 DEBUG TC02_Login:29 - HomePage initialized
2025-05-21 18:59:04 DEBUG TC02_Login:31 - Clicked MyAccount
2025-05-21 18:59:04 DEBUG TC02_Login:33 - Clicked Login
2025-05-21 18:59:05 DEBUG TC02_Login:37 - Entered email
2025-05-21 18:59:05 DEBUG TC02_Login:39 - Entered password
2025-05-21 18:59:05 DEBUG TC02_Login:41 - Clicked login button
2025-05-21 18:59:05 DEBUG TC02_Login:45 - Login message displayed: true
2025-05-21 18:59:05 INFO  TC02_Login:48 - Login successful for: smitasharma.qa@gmail.com
2025-05-21 18:59:05 INFO  TC02_Login:25 - Starting testLogin with email: nona@yahoo.com
2025-05-21 18:59:05 DEBUG TC02_Login:29 - HomePage initialized
2025-05-21 18:59:05 DEBUG TC02_Login:31 - Clicked MyAccount
2025-05-21 18:59:05 DEBUG TC02_Login:33 - Clicked Login
2025-05-21 18:59:05 DEBUG TC02_Login:37 - Entered email
2025-05-21 18:59:05 DEBUG TC02_Login:39 - Entered password
2025-05-21 18:59:05 DEBUG TC02_Login:41 - Clicked login button
2025-05-21 18:59:06 DEBUG TC02_Login:45 - Login message displayed: true
2025-05-21 18:59:06 INFO  TC02_Login:48 - Login successful for: nona@yahoo.com
2025-05-21 18:59:06 INFO  TC02_Login:25 - Starting testLogin with email: sid@cloudberry.services
2025-05-21 18:59:06 DEBUG TC02_Login:29 - HomePage initialized
2025-05-21 18:59:06 DEBUG TC02_Login:31 - Clicked MyAccount
2025-05-21 18:59:06 DEBUG TC02_Login:33 - Clicked Login
2025-05-21 18:59:06 DEBUG TC02_Login:37 - Entered email
2025-05-21 18:59:06 DEBUG BaseClass:119 - Driver assigned to thread-local storage
2025-05-21 18:59:06 DEBUG TC02_Login:39 - Entered password
2025-05-21 18:59:06 DEBUG TC02_Login:41 - Clicked login button
2025-05-21 18:59:06 DEBUG TC02_Login:45 - Login message displayed: true
2025-05-21 18:59:06 INFO  TC02_Login:48 - Login successful for: sid@cloudberry.services
2025-05-21 18:59:07 INFO  TC02_Login:25 - Starting testLogin with email: apushedwoman@gmail.com
2025-05-21 18:59:07 DEBUG TC02_Login:29 - HomePage initialized
2025-05-21 18:59:07 INFO  BaseClass:126 - Application launched successfully: https://cloudberrystore.services/
2025-05-21 18:59:07 DEBUG PackageRelationshipCollection:307 - Parsing relationship: /xl/_rels/workbook.xml.rels
2025-05-21 18:59:07 DEBUG PackageRelationshipCollection:307 - Parsing relationship: /xl/worksheets/_rels/sheet1.xml.rels
2025-05-21 18:59:07 DEBUG PackageRelationshipCollection:307 - Parsing relationship: /_rels/.rels
2025-05-21 18:59:07 DEBUG POIXMLFactory:65 - using default POIXMLDocumentPart for http://schemas.openxmlformats.org/officeDocument/2006/relationships/printerSettings
2025-05-21 18:59:07 DEBUG PackageRelationshipCollection:307 - Parsing relationship: /xl/_rels/workbook.xml.rels
2025-05-21 18:59:07 DEBUG PackageRelationshipCollection:307 - Parsing relationship: /xl/worksheets/_rels/sheet1.xml.rels
2025-05-21 18:59:07 DEBUG PackageRelationshipCollection:307 - Parsing relationship: /_rels/.rels
2025-05-21 18:59:07 DEBUG POIXMLFactory:65 - using default POIXMLDocumentPart for http://schemas.openxmlformats.org/officeDocument/2006/relationships/printerSettings
2025-05-21 18:59:07 DEBUG PackageRelationshipCollection:307 - Parsing relationship: /xl/_rels/workbook.xml.rels
2025-05-21 18:59:07 DEBUG PackageRelationshipCollection:307 - Parsing relationship: /xl/worksheets/_rels/sheet1.xml.rels
2025-05-21 18:59:07 DEBUG PackageRelationshipCollection:307 - Parsing relationship: /_rels/.rels
2025-05-21 18:59:07 DEBUG POIXMLFactory:65 - using default POIXMLDocumentPart for http://schemas.openxmlformats.org/officeDocument/2006/relationships/printerSettings
2025-05-21 18:59:07 DEBUG PackageRelationshipCollection:307 - Parsing relationship: /xl/_rels/workbook.xml.rels
2025-05-21 18:59:07 DEBUG PackageRelationshipCollection:307 - Parsing relationship: /xl/worksheets/_rels/sheet1.xml.rels
2025-05-21 18:59:07 DEBUG PackageRelationshipCollection:307 - Parsing relationship: /_rels/.rels
2025-05-21 18:59:07 DEBUG POIXMLFactory:65 - using default POIXMLDocumentPart for http://schemas.openxmlformats.org/officeDocument/2006/relationships/printerSettings
2025-05-21 18:59:07 DEBUG PackageRelationshipCollection:307 - Parsing relationship: /xl/_rels/workbook.xml.rels
2025-05-21 18:59:07 DEBUG PackageRelationshipCollection:307 - Parsing relationship: /xl/worksheets/_rels/sheet1.xml.rels
2025-05-21 18:59:07 DEBUG PackageRelationshipCollection:307 - Parsing relationship: /_rels/.rels
2025-05-21 18:59:07 DEBUG POIXMLFactory:65 - using default POIXMLDocumentPart for http://schemas.openxmlformats.org/officeDocument/2006/relationships/printerSettings
2025-05-21 18:59:07 DEBUG TC02_Login:31 - Clicked MyAccount
2025-05-21 18:59:07 DEBUG PackageRelationshipCollection:307 - Parsing relationship: /xl/_rels/workbook.xml.rels
2025-05-21 18:59:07 DEBUG PackageRelationshipCollection:307 - Parsing relationship: /xl/worksheets/_rels/sheet1.xml.rels
2025-05-21 18:59:07 DEBUG PackageRelationshipCollection:307 - Parsing relationship: /_rels/.rels
2025-05-21 18:59:07 DEBUG POIXMLFactory:65 - using default POIXMLDocumentPart for http://schemas.openxmlformats.org/officeDocument/2006/relationships/printerSettings
2025-05-21 18:59:07 DEBUG PackageRelationshipCollection:307 - Parsing relationship: /xl/_rels/workbook.xml.rels
2025-05-21 18:59:07 DEBUG PackageRelationshipCollection:307 - Parsing relationship: /xl/worksheets/_rels/sheet1.xml.rels
2025-05-21 18:59:07 DEBUG PackageRelationshipCollection:307 - Parsing relationship: /_rels/.rels
2025-05-21 18:59:07 DEBUG POIXMLFactory:65 - using default POIXMLDocumentPart for http://schemas.openxmlformats.org/officeDocument/2006/relationships/printerSettings
2025-05-21 18:59:07 DEBUG PackageRelationshipCollection:307 - Parsing relationship: /xl/_rels/workbook.xml.rels
2025-05-21 18:59:07 DEBUG PackageRelationshipCollection:307 - Parsing relationship: /xl/worksheets/_rels/sheet1.xml.rels
2025-05-21 18:59:07 DEBUG PackageRelationshipCollection:307 - Parsing relationship: /_rels/.rels
2025-05-21 18:59:07 DEBUG POIXMLFactory:65 - using default POIXMLDocumentPart for http://schemas.openxmlformats.org/officeDocument/2006/relationships/printerSettings
2025-05-21 18:59:07 DEBUG PackageRelationshipCollection:307 - Parsing relationship: /xl/_rels/workbook.xml.rels
2025-05-21 18:59:07 DEBUG PackageRelationshipCollection:307 - Parsing relationship: /xl/worksheets/_rels/sheet1.xml.rels
2025-05-21 18:59:07 DEBUG PackageRelationshipCollection:307 - Parsing relationship: /_rels/.rels
2025-05-21 18:59:07 DEBUG POIXMLFactory:65 - using default POIXMLDocumentPart for http://schemas.openxmlformats.org/officeDocument/2006/relationships/printerSettings
2025-05-21 18:59:07 DEBUG PackageRelationshipCollection:307 - Parsing relationship: /xl/_rels/workbook.xml.rels
2025-05-21 18:59:07 DEBUG PackageRelationshipCollection:307 - Parsing relationship: /xl/worksheets/_rels/sheet1.xml.rels
2025-05-21 18:59:07 DEBUG PackageRelationshipCollection:307 - Parsing relationship: /_rels/.rels
2025-05-21 18:59:07 DEBUG POIXMLFactory:65 - using default POIXMLDocumentPart for http://schemas.openxmlformats.org/officeDocument/2006/relationships/printerSettings
2025-05-21 18:59:07 DEBUG PackageRelationshipCollection:307 - Parsing relationship: /xl/_rels/workbook.xml.rels
2025-05-21 18:59:07 DEBUG PackageRelationshipCollection:307 - Parsing relationship: /xl/worksheets/_rels/sheet1.xml.rels
2025-05-21 18:59:07 DEBUG PackageRelationshipCollection:307 - Parsing relationship: /_rels/.rels
2025-05-21 18:59:07 DEBUG POIXMLFactory:65 - using default POIXMLDocumentPart for http://schemas.openxmlformats.org/officeDocument/2006/relationships/printerSettings
2025-05-21 18:59:07 DEBUG PackageRelationshipCollection:307 - Parsing relationship: /xl/_rels/workbook.xml.rels
2025-05-21 18:59:07 DEBUG PackageRelationshipCollection:307 - Parsing relationship: /xl/worksheets/_rels/sheet1.xml.rels
2025-05-21 18:59:07 DEBUG PackageRelationshipCollection:307 - Parsing relationship: /_rels/.rels
2025-05-21 18:59:07 DEBUG POIXMLFactory:65 - using default POIXMLDocumentPart for http://schemas.openxmlformats.org/officeDocument/2006/relationships/printerSettings
2025-05-21 18:59:07 INFO  TC02_Login:25 - Starting testLogin with email: smitasharma.qa@gmail.com
2025-05-21 18:59:07 DEBUG TC02_Login:29 - HomePage initialized
2025-05-21 18:59:07 DEBUG TC02_Login:33 - Clicked Login
2025-05-21 18:59:07 DEBUG TC02_Login:37 - Entered email
2025-05-21 18:59:07 DEBUG TC02_Login:39 - Entered password
2025-05-21 18:59:07 DEBUG TC02_Login:41 - Clicked login button
2025-05-21 18:59:07 DEBUG TC02_Login:31 - Clicked MyAccount
2025-05-21 18:59:07 DEBUG TC02_Login:33 - Clicked Login
2025-05-21 18:59:07 DEBUG TC02_Login:37 - Entered email
2025-05-21 18:59:07 DEBUG TC02_Login:39 - Entered password
2025-05-21 18:59:07 DEBUG TC02_Login:41 - Clicked login button
2025-05-21 18:59:07 DEBUG TC02_Login:45 - Login message displayed: true
2025-05-21 18:59:07 INFO  TC02_Login:48 - Login successful for: smitasharma.qa@gmail.com
2025-05-21 18:59:08 INFO  TC02_Login:25 - Starting testLogin with email: nona@yahoo.com
2025-05-21 18:59:08 DEBUG TC02_Login:29 - HomePage initialized
2025-05-21 18:59:08 DEBUG TC02_Login:31 - Clicked MyAccount
2025-05-21 18:59:08 DEBUG TC02_Login:33 - Clicked Login
2025-05-21 18:59:08 DEBUG TC02_Login:37 - Entered email
2025-05-21 18:59:08 DEBUG TC02_Login:39 - Entered password
2025-05-21 18:59:08 DEBUG TC02_Login:45 - Login message displayed: true
2025-05-21 18:59:08 INFO  TC02_Login:48 - Login successful for: apushedwoman@gmail.com
2025-05-21 18:59:08 INFO  TC02_Login:25 - Starting testLogin with email: hichamkhachiai@gmail.com
2025-05-21 18:59:08 DEBUG TC02_Login:29 - HomePage initialized
2025-05-21 18:59:08 DEBUG TC02_Login:41 - Clicked login button
2025-05-21 18:59:08 DEBUG TC02_Login:45 - Login message displayed: true
2025-05-21 18:59:08 INFO  TC02_Login:48 - Login successful for: nona@yahoo.com
2025-05-21 18:59:08 DEBUG TC02_Login:31 - Clicked MyAccount
2025-05-21 18:59:09 DEBUG TC02_Login:33 - Clicked Login
2025-05-21 18:59:09 DEBUG TC02_Login:37 - Entered email
2025-05-21 18:59:09 DEBUG TC02_Login:39 - Entered password
2025-05-21 18:59:09 DEBUG TC02_Login:41 - Clicked login button
2025-05-21 18:59:09 INFO  TC02_Login:25 - Starting testLogin with email: sid@cloudberry.services
2025-05-21 18:59:09 DEBUG TC02_Login:29 - HomePage initialized
2025-05-21 18:59:09 DEBUG TC02_Login:45 - Login message displayed: true
2025-05-21 18:59:09 INFO  TC02_Login:48 - Login successful for: hichamkhachiai@gmail.com
2025-05-21 18:59:09 DEBUG TC02_Login:31 - Clicked MyAccount
2025-05-21 18:59:09 DEBUG TC02_Login:33 - Clicked Login
2025-05-21 18:59:09 DEBUG TC02_Login:37 - Entered email
2025-05-21 18:59:09 DEBUG TC02_Login:39 - Entered password
2025-05-21 18:59:09 DEBUG TC02_Login:41 - Clicked login button
2025-05-21 18:59:09 DEBUG TC02_Login:45 - Login message displayed: true
2025-05-21 18:59:09 INFO  TC02_Login:48 - Login successful for: sid@cloudberry.services
2025-05-21 18:59:10 INFO  TC02_Login:25 - Starting testLogin with email: apushedwoman@gmail.com
2025-05-21 18:59:10 DEBUG TC02_Login:29 - HomePage initialized
2025-05-21 18:59:10 DEBUG TC02_Login:31 - Clicked MyAccount
2025-05-21 18:59:10 DEBUG TC02_Login:33 - Clicked Login
2025-05-21 18:59:10 DEBUG TC02_Login:37 - Entered email
2025-05-21 18:59:10 DEBUG TC02_Login:39 - Entered password
2025-05-21 18:59:10 DEBUG TC02_Login:41 - Clicked login button
2025-05-21 18:59:10 DEBUG TC02_Login:45 - Login message displayed: true
2025-05-21 18:59:10 INFO  TC02_Login:48 - Login successful for: apushedwoman@gmail.com
2025-05-21 18:59:10 INFO  BaseClass:139 - Browser session closed successfully
2025-05-21 18:59:10 INFO  BaseClass:44 - Initializing application on OS: windows and Browser: edge
2025-05-21 18:59:10 DEBUG BaseClass:49 - Loaded configuration properties
2025-05-21 18:59:10 INFO  TC02_Login:25 - Starting testLogin with email: hichamkhachiai@gmail.com
2025-05-21 18:59:10 DEBUG TC02_Login:29 - HomePage initialized
2025-05-21 18:59:11 DEBUG TC02_Login:31 - Clicked MyAccount
2025-05-21 18:59:11 DEBUG TC02_Login:33 - Clicked Login
2025-05-21 18:59:11 DEBUG TC02_Login:37 - Entered email
2025-05-21 18:59:11 DEBUG TC02_Login:39 - Entered password
2025-05-21 18:59:11 DEBUG TC02_Login:41 - Clicked login button
2025-05-21 18:59:11 DEBUG TC02_Login:45 - Login message displayed: true
2025-05-21 18:59:11 INFO  TC02_Login:48 - Login successful for: hichamkhachiai@gmail.com
2025-05-21 18:59:11 DEBUG BaseClass:119 - Driver assigned to thread-local storage
2025-05-21 18:59:12 INFO  BaseClass:126 - Application launched successfully: https://cloudberrystore.services/
2025-05-21 18:59:12 INFO  TC04_CompletePurchase:23 - Step 1: Starting testAddToCart
2025-05-21 18:59:12 DEBUG TC04_CompletePurchase:27 - Navigated to HomePage
2025-05-21 18:59:12 DEBUG TC04_CompletePurchase:30 - Clicked on 'Laptops'
2025-05-21 18:59:12 DEBUG TC04_CompletePurchase:33 - Clicked on 'Show All Laptops'
2025-05-21 18:59:12 INFO  BaseClass:139 - Browser session closed successfully
2025-05-21 18:59:12 INFO  BaseClass:44 - Initializing application on OS: windows and Browser: firefox
2025-05-21 18:59:12 DEBUG BaseClass:49 - Loaded configuration properties
2025-05-21 18:59:14 DEBUG BaseClass:119 - Driver assigned to thread-local storage
2025-05-21 18:59:15 INFO  BaseClass:126 - Application launched successfully: https://cloudberrystore.services/
2025-05-21 18:59:15 INFO  TC04_CompletePurchase:23 - Step 1: Starting testAddToCart
2025-05-21 18:59:15 DEBUG TC04_CompletePurchase:27 - Navigated to HomePage
2025-05-21 18:59:15 DEBUG TC04_CompletePurchase:37 - Selected HP LP3065
2025-05-21 18:59:15 DEBUG TC04_CompletePurchase:30 - Clicked on 'Laptops'
2025-05-21 18:59:15 DEBUG TC04_CompletePurchase:41 - Entered delivery date
2025-05-21 18:59:15 DEBUG TC04_CompletePurchase:44 - Clicked on 'Add to Cart'
2025-05-21 18:59:15 DEBUG TC04_CompletePurchase:33 - Clicked on 'Show All Laptops'
2025-05-21 18:59:15 DEBUG TC04_CompletePurchase:47 - Clicked on 'Checkout'
2025-05-21 18:59:17 INFO  BaseClass:139 - Browser session closed successfully
2025-05-21 18:59:17 DEBUG TC04_CompletePurchase:37 - Selected HP LP3065
2025-05-21 18:59:17 DEBUG TC04_CompletePurchase:41 - Entered delivery date
2025-05-21 18:59:17 DEBUG TC04_CompletePurchase:44 - Clicked on 'Add to Cart'
2025-05-21 18:59:17 DEBUG TC04_CompletePurchase:47 - Clicked on 'Checkout'
2025-05-21 18:59:18 INFO  BaseClass:139 - Browser session closed successfully
2025-05-21 19:44:12 INFO  BaseClass:44 - Initializing application on OS: windows and Browser: chrome
2025-05-21 19:44:12 INFO  BaseClass:44 - Initializing application on OS: windows and Browser: firefox
2025-05-21 19:44:12 INFO  BaseClass:44 - Initializing application on OS: windows and Browser: edge
2025-05-21 19:44:12 DEBUG BaseClass:49 - Loaded configuration properties
2025-05-21 19:44:12 DEBUG BaseClass:49 - Loaded configuration properties
2025-05-21 19:44:12 DEBUG BaseClass:49 - Loaded configuration properties
2025-05-21 19:44:14 DEBUG BaseClass:107 - EdgeDriver initialized
2025-05-21 19:44:14 DEBUG BaseClass:119 - Driver assigned to thread-local storage
2025-05-21 19:44:15 INFO  BaseClass:126 - Application launched successfully: https://cloudberrystore.services/
2025-05-21 19:44:15 INFO  TC06_AddAffiliate:21 - === Starting testAddAffiliate ===
2025-05-21 19:44:15 DEBUG TC06_AddAffiliate:26 - Navigated to HomePage
2025-05-21 19:44:15 DEBUG BaseClass:103 - ChromeDriver initialized
2025-05-21 19:44:15 DEBUG BaseClass:119 - Driver assigned to thread-local storage
2025-05-21 19:44:16 DEBUG BaseClass:111 - FirefoxDriver initialized
2025-05-21 19:44:16 DEBUG BaseClass:119 - Driver assigned to thread-local storage
2025-05-21 19:44:16 DEBUG TC06_AddAffiliate:29 - Clicked on Affiliate link
2025-05-21 19:44:16 DEBUG TC06_AddAffiliate:34 - Entered email
2025-05-21 19:44:16 DEBUG TC06_AddAffiliate:37 - Entered password
2025-05-21 19:44:16 DEBUG TC06_AddAffiliate:40 - Clicked login button
2025-05-21 19:44:17 INFO  BaseClass:126 - Application launched successfully: https://cloudberrystore.services/
2025-05-21 19:44:17 INFO  TC06_AddAffiliate:21 - === Starting testAddAffiliate ===
2025-05-21 19:44:17 DEBUG TC06_AddAffiliate:26 - Navigated to HomePage
2025-05-21 19:44:17 INFO  BaseClass:126 - Application launched successfully: https://cloudberrystore.services/
2025-05-21 19:44:17 INFO  TC06_AddAffiliate:21 - === Starting testAddAffiliate ===
2025-05-21 19:44:17 DEBUG TC06_AddAffiliate:26 - Navigated to HomePage
2025-05-21 19:44:17 DEBUG TC06_AddAffiliate:45 - Entered company name
2025-05-21 19:44:17 DEBUG TC06_AddAffiliate:48 - Entered website URL
2025-05-21 19:44:17 DEBUG TC06_AddAffiliate:51 - Entered Tax ID
2025-05-21 19:44:17 DEBUG TC06_AddAffiliate:54 - Entered cheque name
2025-05-21 19:44:17 DEBUG TC06_AddAffiliate:57 - Clicked Continue button
2025-05-21 19:44:18 DEBUG TC06_AddAffiliate:29 - Clicked on Affiliate link
2025-05-21 19:44:18 DEBUG TC06_AddAffiliate:34 - Entered email
2025-05-21 19:44:18 DEBUG TC06_AddAffiliate:37 - Entered password
2025-05-21 19:44:18 DEBUG TC06_AddAffiliate:62 - Affiliate success message visibility: true
2025-05-21 19:44:18 INFO  TC06_AddAffiliate:65 - Affiliate successfully added
2025-05-21 19:44:18 DEBUG TC06_AddAffiliate:29 - Clicked on Affiliate link
2025-05-21 19:44:18 DEBUG TC06_AddAffiliate:34 - Entered email
2025-05-21 19:44:18 DEBUG TC06_AddAffiliate:37 - Entered password
2025-05-21 19:44:18 DEBUG TC06_AddAffiliate:40 - Clicked login button
2025-05-21 19:44:18 DEBUG TC06_AddAffiliate:45 - Entered company name
2025-05-21 19:44:18 DEBUG TC06_AddAffiliate:48 - Entered website URL
2025-05-21 19:44:18 DEBUG TC06_AddAffiliate:40 - Clicked login button
2025-05-21 19:44:18 DEBUG TC06_AddAffiliate:51 - Entered Tax ID
2025-05-21 19:44:18 DEBUG TC06_AddAffiliate:54 - Entered cheque name
2025-05-21 19:44:18 DEBUG TC06_AddAffiliate:45 - Entered company name
2025-05-21 19:44:18 DEBUG TC06_AddAffiliate:57 - Clicked Continue button
2025-05-21 19:44:18 DEBUG TC06_AddAffiliate:48 - Entered website URL
2025-05-21 19:44:18 DEBUG TC06_AddAffiliate:62 - Affiliate success message visibility: true
2025-05-21 19:44:18 INFO  TC06_AddAffiliate:65 - Affiliate successfully added
2025-05-21 19:44:18 DEBUG TC06_AddAffiliate:51 - Entered Tax ID
2025-05-21 19:44:18 DEBUG TC06_AddAffiliate:54 - Entered cheque name
2025-05-21 19:44:19 DEBUG TC06_AddAffiliate:57 - Clicked Continue button
2025-05-21 19:44:19 DEBUG TC06_AddAffiliate:62 - Affiliate success message visibility: true
2025-05-21 19:44:19 INFO  TC06_AddAffiliate:65 - Affiliate successfully added
2025-05-21 19:44:19 INFO  BaseClass:139 - Browser session closed successfully
2025-05-21 19:44:19 INFO  BaseClass:44 - Initializing application on OS: windows and Browser: chrome
2025-05-21 19:44:19 DEBUG BaseClass:49 - Loaded configuration properties
2025-05-21 19:44:19 INFO  BaseClass:139 - Browser session closed successfully
2025-05-21 19:44:19 INFO  BaseClass:44 - Initializing application on OS: windows and Browser: edge
2025-05-21 19:44:19 DEBUG BaseClass:49 - Loaded configuration properties
2025-05-21 19:44:19 INFO  BaseClass:139 - Browser session closed successfully
2025-05-21 19:44:19 INFO  BaseClass:44 - Initializing application on OS: windows and Browser: firefox
2025-05-21 19:44:19 DEBUG BaseClass:49 - Loaded configuration properties
2025-05-21 19:44:20 DEBUG BaseClass:103 - ChromeDriver initialized
2025-05-21 19:44:20 DEBUG BaseClass:119 - Driver assigned to thread-local storage
2025-05-21 19:44:20 INFO  BaseClass:126 - Application launched successfully: https://cloudberrystore.services/
2025-05-21 19:44:20 INFO  TC03_AddToCart:20 - Starting test: testAddToCart
2025-05-21 19:44:20 DEBUG TC03_AddToCart:24 - HomePage loaded
2025-05-21 19:44:20 DEBUG BaseClass:107 - EdgeDriver initialized
2025-05-21 19:44:20 DEBUG BaseClass:119 - Driver assigned to thread-local storage
2025-05-21 19:44:20 DEBUG TC03_AddToCart:26 - Clicked on Laptops
2025-05-21 19:44:21 DEBUG TC03_AddToCart:28 - Clicked on Show All Laptops
2025-05-21 19:44:22 INFO  BaseClass:126 - Application launched successfully: https://cloudberrystore.services/
2025-05-21 19:44:22 INFO  TC03_AddToCart:20 - Starting test: testAddToCart
2025-05-21 19:44:22 DEBUG TC03_AddToCart:24 - HomePage loaded
2025-05-21 19:44:22 DEBUG TC03_AddToCart:26 - Clicked on Laptops
2025-05-21 19:44:22 DEBUG BaseClass:111 - FirefoxDriver initialized
2025-05-21 19:44:22 DEBUG BaseClass:119 - Driver assigned to thread-local storage
2025-05-21 19:44:22 DEBUG TC03_AddToCart:28 - Clicked on Show All Laptops
2025-05-21 19:44:22 DEBUG TC03_AddToCart:32 - Clicked on HP LP3065 product
2025-05-21 19:44:23 DEBUG TC03_AddToCart:36 - Entered delivery date
2025-05-21 19:44:23 DEBUG TC03_AddToCart:39 - Clicked on Add to Cart
2025-05-21 19:44:23 DEBUG TC03_AddToCart:42 - Add to Cart message: Success: You have added HP LP3065 to your shopping cart!
2025-05-21 19:44:23 INFO  TC03_AddToCart:45 - Add to Cart assertion passed
2025-05-21 19:44:23 INFO  BaseClass:139 - Browser session closed successfully
2025-05-21 19:44:23 INFO  BaseClass:44 - Initializing application on OS: windows and Browser: chrome
2025-05-21 19:44:23 DEBUG BaseClass:49 - Loaded configuration properties
2025-05-21 19:44:23 INFO  BaseClass:126 - Application launched successfully: https://cloudberrystore.services/
2025-05-21 19:44:23 INFO  TC03_AddToCart:20 - Starting test: testAddToCart
2025-05-21 19:44:23 DEBUG TC03_AddToCart:24 - HomePage loaded
2025-05-21 19:44:23 DEBUG TC03_AddToCart:26 - Clicked on Laptops
2025-05-21 19:44:24 DEBUG TC03_AddToCart:28 - Clicked on Show All Laptops
2025-05-21 19:44:24 DEBUG BaseClass:103 - ChromeDriver initialized
2025-05-21 19:44:24 DEBUG BaseClass:119 - Driver assigned to thread-local storage
2025-05-21 19:44:24 DEBUG TC03_AddToCart:32 - Clicked on HP LP3065 product
2025-05-21 19:44:24 DEBUG TC03_AddToCart:36 - Entered delivery date
2025-05-21 19:44:25 DEBUG TC03_AddToCart:39 - Clicked on Add to Cart
2025-05-21 19:44:25 INFO  BaseClass:126 - Application launched successfully: https://cloudberrystore.services/
2025-05-21 19:44:25 INFO  TC05_AddToWishlist:22 - === Starting testAddToWishlist ===
2025-05-21 19:44:25 DEBUG TC05_AddToWishlist:27 - HomePage loaded
2025-05-21 19:44:25 DEBUG TC03_AddToCart:42 - Add to Cart message: Success: You have added HP LP3065 to your shopping cart!
2025-05-21 19:44:25 INFO  TC03_AddToCart:45 - Add to Cart assertion passed
2025-05-21 19:44:25 DEBUG TC05_AddToWishlist:30 - Clicked 'My Account'
2025-05-21 19:44:25 DEBUG TC05_AddToWishlist:33 - Clicked 'Login'
2025-05-21 19:44:25 DEBUG TC05_AddToWishlist:37 - Entered email
2025-05-21 19:44:25 DEBUG TC05_AddToWishlist:40 - Entered password
2025-05-21 19:44:25 DEBUG TC05_AddToWishlist:43 - Clicked login button
2025-05-21 19:44:25 DEBUG TC03_AddToCart:32 - Clicked on HP LP3065 product
2025-05-21 19:44:25 DEBUG TC03_AddToCart:36 - Entered delivery date
2025-05-21 19:44:26 DEBUG TC03_AddToCart:39 - Clicked on Add to Cart
2025-05-21 19:44:26 DEBUG TC05_AddToWishlist:48 - Navigated to Home Page after login
2025-05-21 19:44:26 DEBUG TC05_AddToWishlist:51 - Clicked 'Laptops'
2025-05-21 19:44:26 DEBUG TC05_AddToWishlist:54 - Clicked 'Show All Laptops'
2025-05-21 19:44:26 INFO  BaseClass:139 - Browser session closed successfully
2025-05-21 19:44:26 INFO  BaseClass:44 - Initializing application on OS: windows and Browser: edge
2025-05-21 19:44:26 DEBUG BaseClass:49 - Loaded configuration properties
2025-05-21 19:44:27 DEBUG BaseClass:107 - EdgeDriver initialized
2025-05-21 19:44:27 DEBUG BaseClass:119 - Driver assigned to thread-local storage
2025-05-21 19:44:27 INFO  BaseClass:126 - Application launched successfully: https://cloudberrystore.services/
2025-05-21 19:44:27 INFO  TC05_AddToWishlist:22 - === Starting testAddToWishlist ===
2025-05-21 19:44:27 DEBUG TC05_AddToWishlist:27 - HomePage loaded
2025-05-21 19:44:27 DEBUG TC05_AddToWishlist:30 - Clicked 'My Account'
2025-05-21 19:44:28 DEBUG TC05_AddToWishlist:33 - Clicked 'Login'
2025-05-21 19:44:28 DEBUG TC05_AddToWishlist:58 - Selected HP LP3065 product
2025-05-21 19:44:28 DEBUG TC05_AddToWishlist:37 - Entered email
2025-05-21 19:44:28 DEBUG TC05_AddToWishlist:40 - Entered password
2025-05-21 19:44:28 DEBUG TC05_AddToWishlist:63 - Clicked 'Add to Wishlist'
2025-05-21 19:44:28 DEBUG TC05_AddToWishlist:43 - Clicked login button
2025-05-21 19:44:28 DEBUG TC05_AddToWishlist:66 - Wishlist message: Success: You have added HP LP3065 to your wish list!
2025-05-21 19:44:28 INFO  TC05_AddToWishlist:70 - Wishlist success message displayed
2025-05-21 19:44:28 DEBUG TC05_AddToWishlist:48 - Navigated to Home Page after login
2025-05-21 19:44:28 INFO  BaseClass:139 - Browser session closed successfully
2025-05-21 19:44:28 INFO  BaseClass:44 - Initializing application on OS: windows and Browser: chrome
2025-05-21 19:44:28 DEBUG BaseClass:49 - Loaded configuration properties
2025-05-21 19:44:28 DEBUG TC05_AddToWishlist:51 - Clicked 'Laptops'
2025-05-21 19:44:28 DEBUG TC05_AddToWishlist:54 - Clicked 'Show All Laptops'
2025-05-21 19:44:29 DEBUG BaseClass:103 - ChromeDriver initialized
2025-05-21 19:44:29 DEBUG BaseClass:119 - Driver assigned to thread-local storage
2025-05-21 19:44:30 INFO  BaseClass:126 - Application launched successfully: https://cloudberrystore.services/
2025-05-21 19:44:30 INFO  TC01_LaunchApplication:18 - Starting test: testLaunchApplication
2025-05-21 19:44:30 DEBUG TC01_LaunchApplication:22 - HomePage object created
2025-05-21 19:44:30 DEBUG TC01_LaunchApplication:25 - Fetched page title: Your store of fun
2025-05-21 19:44:30 INFO  TC01_LaunchApplication:28 - Assertion passed: Title is as expected.
2025-05-21 19:44:30 INFO  BaseClass:139 - Browser session closed successfully
2025-05-21 19:44:30 INFO  BaseClass:44 - Initializing application on OS: windows and Browser: chrome
2025-05-21 19:44:30 DEBUG BaseClass:49 - Loaded configuration properties
2025-05-21 19:44:30 DEBUG TC05_AddToWishlist:58 - Selected HP LP3065 product
2025-05-21 19:44:30 DEBUG TC05_AddToWishlist:63 - Clicked 'Add to Wishlist'
2025-05-21 19:44:30 DEBUG TC05_AddToWishlist:66 - Wishlist message: Success: You have added HP LP3065 to your wish list!
2025-05-21 19:44:30 INFO  TC05_AddToWishlist:70 - Wishlist success message displayed
2025-05-21 19:44:30 DEBUG BaseClass:103 - ChromeDriver initialized
2025-05-21 19:44:30 DEBUG BaseClass:119 - Driver assigned to thread-local storage
2025-05-21 19:44:31 INFO  BaseClass:139 - Browser session closed successfully
2025-05-21 19:44:31 INFO  BaseClass:44 - Initializing application on OS: windows and Browser: edge
2025-05-21 19:44:31 DEBUG BaseClass:49 - Loaded configuration properties
2025-05-21 19:44:31 INFO  BaseClass:126 - Application launched successfully: https://cloudberrystore.services/
2025-05-21 19:44:32 DEBUG PackageRelationshipCollection:307 - Parsing relationship: /xl/_rels/workbook.xml.rels
2025-05-21 19:44:32 DEBUG PackageRelationshipCollection:307 - Parsing relationship: /xl/worksheets/_rels/sheet1.xml.rels
2025-05-21 19:44:32 DEBUG PackageRelationshipCollection:307 - Parsing relationship: /_rels/.rels
2025-05-21 19:44:32 DEBUG POIXMLFactory:65 - using default POIXMLDocumentPart for http://schemas.openxmlformats.org/officeDocument/2006/relationships/printerSettings
2025-05-21 19:44:32 DEBUG PackageRelationshipCollection:307 - Parsing relationship: /xl/_rels/workbook.xml.rels
2025-05-21 19:44:32 DEBUG PackageRelationshipCollection:307 - Parsing relationship: /xl/worksheets/_rels/sheet1.xml.rels
2025-05-21 19:44:32 DEBUG PackageRelationshipCollection:307 - Parsing relationship: /_rels/.rels
2025-05-21 19:44:32 DEBUG POIXMLFactory:65 - using default POIXMLDocumentPart for http://schemas.openxmlformats.org/officeDocument/2006/relationships/printerSettings
2025-05-21 19:44:32 DEBUG PackageRelationshipCollection:307 - Parsing relationship: /xl/_rels/workbook.xml.rels
2025-05-21 19:44:32 DEBUG PackageRelationshipCollection:307 - Parsing relationship: /xl/worksheets/_rels/sheet1.xml.rels
2025-05-21 19:44:32 DEBUG PackageRelationshipCollection:307 - Parsing relationship: /_rels/.rels
2025-05-21 19:44:32 DEBUG POIXMLFactory:65 - using default POIXMLDocumentPart for http://schemas.openxmlformats.org/officeDocument/2006/relationships/printerSettings
2025-05-21 19:44:32 DEBUG PackageRelationshipCollection:307 - Parsing relationship: /xl/_rels/workbook.xml.rels
2025-05-21 19:44:32 DEBUG PackageRelationshipCollection:307 - Parsing relationship: /xl/worksheets/_rels/sheet1.xml.rels
2025-05-21 19:44:32 DEBUG PackageRelationshipCollection:307 - Parsing relationship: /_rels/.rels
2025-05-21 19:44:32 DEBUG POIXMLFactory:65 - using default POIXMLDocumentPart for http://schemas.openxmlformats.org/officeDocument/2006/relationships/printerSettings
2025-05-21 19:44:32 DEBUG PackageRelationshipCollection:307 - Parsing relationship: /xl/_rels/workbook.xml.rels
2025-05-21 19:44:32 DEBUG PackageRelationshipCollection:307 - Parsing relationship: /xl/worksheets/_rels/sheet1.xml.rels
2025-05-21 19:44:32 DEBUG PackageRelationshipCollection:307 - Parsing relationship: /_rels/.rels
2025-05-21 19:44:32 DEBUG POIXMLFactory:65 - using default POIXMLDocumentPart for http://schemas.openxmlformats.org/officeDocument/2006/relationships/printerSettings
2025-05-21 19:44:32 DEBUG PackageRelationshipCollection:307 - Parsing relationship: /xl/_rels/workbook.xml.rels
2025-05-21 19:44:32 DEBUG PackageRelationshipCollection:307 - Parsing relationship: /xl/worksheets/_rels/sheet1.xml.rels
2025-05-21 19:44:32 DEBUG PackageRelationshipCollection:307 - Parsing relationship: /_rels/.rels
2025-05-21 19:44:32 DEBUG POIXMLFactory:65 - using default POIXMLDocumentPart for http://schemas.openxmlformats.org/officeDocument/2006/relationships/printerSettings
2025-05-21 19:44:32 DEBUG PackageRelationshipCollection:307 - Parsing relationship: /xl/_rels/workbook.xml.rels
2025-05-21 19:44:32 DEBUG PackageRelationshipCollection:307 - Parsing relationship: /xl/worksheets/_rels/sheet1.xml.rels
2025-05-21 19:44:32 DEBUG PackageRelationshipCollection:307 - Parsing relationship: /_rels/.rels
2025-05-21 19:44:32 DEBUG POIXMLFactory:65 - using default POIXMLDocumentPart for http://schemas.openxmlformats.org/officeDocument/2006/relationships/printerSettings
2025-05-21 19:44:32 DEBUG PackageRelationshipCollection:307 - Parsing relationship: /xl/_rels/workbook.xml.rels
2025-05-21 19:44:32 DEBUG PackageRelationshipCollection:307 - Parsing relationship: /xl/worksheets/_rels/sheet1.xml.rels
2025-05-21 19:44:32 DEBUG PackageRelationshipCollection:307 - Parsing relationship: /_rels/.rels
2025-05-21 19:44:32 DEBUG POIXMLFactory:65 - using default POIXMLDocumentPart for http://schemas.openxmlformats.org/officeDocument/2006/relationships/printerSettings
2025-05-21 19:44:32 DEBUG PackageRelationshipCollection:307 - Parsing relationship: /xl/_rels/workbook.xml.rels
2025-05-21 19:44:32 DEBUG PackageRelationshipCollection:307 - Parsing relationship: /xl/worksheets/_rels/sheet1.xml.rels
2025-05-21 19:44:32 DEBUG PackageRelationshipCollection:307 - Parsing relationship: /_rels/.rels
2025-05-21 19:44:32 DEBUG POIXMLFactory:65 - using default POIXMLDocumentPart for http://schemas.openxmlformats.org/officeDocument/2006/relationships/printerSettings
2025-05-21 19:44:32 DEBUG PackageRelationshipCollection:307 - Parsing relationship: /xl/_rels/workbook.xml.rels
2025-05-21 19:44:32 DEBUG PackageRelationshipCollection:307 - Parsing relationship: /xl/worksheets/_rels/sheet1.xml.rels
2025-05-21 19:44:32 DEBUG PackageRelationshipCollection:307 - Parsing relationship: /_rels/.rels
2025-05-21 19:44:32 DEBUG POIXMLFactory:65 - using default POIXMLDocumentPart for http://schemas.openxmlformats.org/officeDocument/2006/relationships/printerSettings
2025-05-21 19:44:32 DEBUG PackageRelationshipCollection:307 - Parsing relationship: /xl/_rels/workbook.xml.rels
2025-05-21 19:44:32 DEBUG PackageRelationshipCollection:307 - Parsing relationship: /xl/worksheets/_rels/sheet1.xml.rels
2025-05-21 19:44:32 DEBUG PackageRelationshipCollection:307 - Parsing relationship: /_rels/.rels
2025-05-21 19:44:32 DEBUG POIXMLFactory:65 - using default POIXMLDocumentPart for http://schemas.openxmlformats.org/officeDocument/2006/relationships/printerSettings
2025-05-21 19:44:32 DEBUG PackageRelationshipCollection:307 - Parsing relationship: /xl/_rels/workbook.xml.rels
2025-05-21 19:44:32 DEBUG PackageRelationshipCollection:307 - Parsing relationship: /xl/worksheets/_rels/sheet1.xml.rels
2025-05-21 19:44:32 DEBUG PackageRelationshipCollection:307 - Parsing relationship: /_rels/.rels
2025-05-21 19:44:32 DEBUG POIXMLFactory:65 - using default POIXMLDocumentPart for http://schemas.openxmlformats.org/officeDocument/2006/relationships/printerSettings
2025-05-21 19:44:32 INFO  TC02_Login:25 - Starting testLogin with email: smitasharma.qa@gmail.com
2025-05-21 19:44:32 DEBUG TC02_Login:29 - HomePage initialized
2025-05-21 19:44:32 DEBUG TC02_Login:31 - Clicked MyAccount
2025-05-21 19:44:32 DEBUG BaseClass:107 - EdgeDriver initialized
2025-05-21 19:44:32 DEBUG BaseClass:119 - Driver assigned to thread-local storage
2025-05-21 19:44:33 DEBUG TC02_Login:33 - Clicked Login
2025-05-21 19:44:33 DEBUG TC02_Login:37 - Entered email
2025-05-21 19:44:33 DEBUG TC02_Login:39 - Entered password
2025-05-21 19:44:33 DEBUG TC02_Login:41 - Clicked login button
2025-05-21 19:44:33 DEBUG TC02_Login:45 - Login message displayed: true
2025-05-21 19:44:33 INFO  TC02_Login:48 - Login successful for: smitasharma.qa@gmail.com
2025-05-21 19:44:33 INFO  BaseClass:126 - Application launched successfully: https://cloudberrystore.services/
2025-05-21 19:44:33 INFO  TC01_LaunchApplication:18 - Starting test: testLaunchApplication
2025-05-21 19:44:33 DEBUG TC01_LaunchApplication:22 - HomePage object created
2025-05-21 19:44:33 DEBUG TC01_LaunchApplication:25 - Fetched page title: Your store of fun
2025-05-21 19:44:33 INFO  TC01_LaunchApplication:28 - Assertion passed: Title is as expected.
2025-05-21 19:44:33 INFO  TC02_Login:25 - Starting testLogin with email: nona@yahoo.com
2025-05-21 19:44:33 DEBUG TC02_Login:29 - HomePage initialized
2025-05-21 19:44:33 DEBUG TC02_Login:31 - Clicked MyAccount
2025-05-21 19:44:33 DEBUG TC02_Login:33 - Clicked Login
2025-05-21 19:44:33 DEBUG TC02_Login:37 - Entered email
2025-05-21 19:44:33 DEBUG TC02_Login:39 - Entered password
2025-05-21 19:44:33 DEBUG TC02_Login:41 - Clicked login button
2025-05-21 19:44:34 DEBUG TC02_Login:45 - Login message displayed: true
2025-05-21 19:44:34 INFO  TC02_Login:48 - Login successful for: nona@yahoo.com
2025-05-21 19:44:34 INFO  TC02_Login:25 - Starting testLogin with email: sid@cloudberry.services
2025-05-21 19:44:34 DEBUG TC02_Login:29 - HomePage initialized
2025-05-21 19:44:34 DEBUG TC02_Login:31 - Clicked MyAccount
2025-05-21 19:44:34 DEBUG TC02_Login:33 - Clicked Login
2025-05-21 19:44:34 DEBUG TC02_Login:37 - Entered email
2025-05-21 19:44:34 DEBUG TC02_Login:39 - Entered password
2025-05-21 19:44:34 DEBUG TC02_Login:41 - Clicked login button
2025-05-21 19:44:34 DEBUG TC02_Login:45 - Login message displayed: true
2025-05-21 19:44:34 INFO  TC02_Login:48 - Login successful for: sid@cloudberry.services
2025-05-21 19:44:34 INFO  BaseClass:139 - Browser session closed successfully
2025-05-21 19:44:34 INFO  BaseClass:44 - Initializing application on OS: windows and Browser: edge
2025-05-21 19:44:34 DEBUG BaseClass:49 - Loaded configuration properties
2025-05-21 19:44:34 INFO  TC02_Login:25 - Starting testLogin with email: apushedwoman@gmail.com
2025-05-21 19:44:34 DEBUG TC02_Login:29 - HomePage initialized
2025-05-21 19:44:34 DEBUG TC02_Login:31 - Clicked MyAccount
2025-05-21 19:44:34 DEBUG TC02_Login:33 - Clicked Login
2025-05-21 19:44:35 DEBUG TC02_Login:37 - Entered email
2025-05-21 19:44:35 DEBUG TC02_Login:39 - Entered password
2025-05-21 19:44:35 DEBUG TC02_Login:41 - Clicked login button
2025-05-21 19:44:35 DEBUG TC02_Login:45 - Login message displayed: true
2025-05-21 19:44:35 INFO  TC02_Login:48 - Login successful for: apushedwoman@gmail.com
2025-05-21 19:44:35 INFO  TC02_Login:25 - Starting testLogin with email: hichamkhachiai@gmail.com
2025-05-21 19:44:35 DEBUG TC02_Login:29 - HomePage initialized
2025-05-21 19:44:35 DEBUG TC02_Login:31 - Clicked MyAccount
2025-05-21 19:44:35 DEBUG BaseClass:107 - EdgeDriver initialized
2025-05-21 19:44:35 DEBUG BaseClass:119 - Driver assigned to thread-local storage
2025-05-21 19:44:35 DEBUG TC02_Login:33 - Clicked Login
2025-05-21 19:44:35 DEBUG TC02_Login:37 - Entered email
2025-05-21 19:44:35 DEBUG TC02_Login:39 - Entered password
2025-05-21 19:44:35 DEBUG TC02_Login:41 - Clicked login button
2025-05-21 19:44:36 DEBUG TC02_Login:45 - Login message displayed: true
2025-05-21 19:44:36 INFO  TC02_Login:48 - Login successful for: hichamkhachiai@gmail.com
2025-05-21 19:44:36 ERROR TC03_AddToCart:51 - Unexpected exception during Add to Cart test
org.openqa.selenium.NoSuchElementException: Unable to locate element: //div[@class='alert alert-success alert-dismissible']
For documentation on this error, please visit: https://www.selenium.dev/documentation/webdriver/troubleshooting/errors#no-such-element-exception
Build info: version: '4.31.0', revision: '1ef9f18787*'
System info: os.name: 'Windows 11', os.arch: 'amd64', os.version: '10.0', java.version: '21.0.7'
Driver info: org.openqa.selenium.firefox.FirefoxDriver
Command: [517c9918-d4d8-4e6a-b7ac-74e7de471a7c, findElement {using=xpath, value=//div[@class='alert alert-success alert-dismissible']}]
Capabilities {acceptInsecureCerts: true, browserName: firefox, browserVersion: 138.0.4, moz:accessibilityChecks: false, moz:buildID: 20250517143237, moz:geckodriverVersion: 0.36.0, moz:headless: false, moz:platformVersion: 10.0, moz:processID: 19956, moz:profile: C:\Users\zhou_\AppData\Loca..., moz:shutdownTimeout: 60000, moz:webdriverClick: true, moz:windowless: false, pageLoadStrategy: normal, platformName: windows, proxy: Proxy(), setWindowRect: true, strictFileInteractability: false, timeouts: {implicit: 0, pageLoad: 300000, script: 30000}, unhandledPromptBehavior: dismiss and notify, userAgent: Mozilla/5.0 (Windows NT 10....}
Session ID: 517c9918-d4d8-4e6a-b7ac-74e7de471a7c
	at java.base/jdk.internal.reflect.DirectConstructorHandleAccessor.newInstance(DirectConstructorHandleAccessor.java:62) ~[?:?]
	at java.base/java.lang.reflect.Constructor.newInstanceWithCaller(Constructor.java:502) ~[?:?]
	at java.base/java.lang.reflect.Constructor.newInstance(Constructor.java:486) ~[?:?]
	at org.openqa.selenium.remote.ErrorCodec.decode(ErrorCodec.java:167) ~[selenium-remote-driver-4.31.0.jar:?]
	at org.openqa.selenium.remote.codec.w3c.W3CHttpResponseCodec.decode(W3CHttpResponseCodec.java:138) ~[selenium-remote-driver-4.31.0.jar:?]
	at org.openqa.selenium.remote.codec.w3c.W3CHttpResponseCodec.decode(W3CHttpResponseCodec.java:50) ~[selenium-remote-driver-4.31.0.jar:?]
	at org.openqa.selenium.remote.HttpCommandExecutor.execute(HttpCommandExecutor.java:215) ~[selenium-remote-driver-4.31.0.jar:?]
	at org.openqa.selenium.remote.service.DriverCommandExecutor.invokeExecute(DriverCommandExecutor.java:216) ~[selenium-remote-driver-4.31.0.jar:?]
	at org.openqa.selenium.remote.service.DriverCommandExecutor.execute(DriverCommandExecutor.java:174) ~[selenium-remote-driver-4.31.0.jar:?]
	at org.openqa.selenium.remote.RemoteWebDriver.execute(RemoteWebDriver.java:545) ~[selenium-remote-driver-4.31.0.jar:?]
	at org.openqa.selenium.remote.ElementLocation$ElementFinder$2.findElement(ElementLocation.java:165) ~[selenium-remote-driver-4.31.0.jar:?]
	at org.openqa.selenium.remote.ElementLocation.findElement(ElementLocation.java:59) ~[selenium-remote-driver-4.31.0.jar:?]
	at org.openqa.selenium.remote.RemoteWebDriver.findElement(RemoteWebDriver.java:368) ~[selenium-remote-driver-4.31.0.jar:?]
	at org.openqa.selenium.remote.RemoteWebDriver.findElement(RemoteWebDriver.java:362) ~[selenium-remote-driver-4.31.0.jar:?]
	at org.openqa.selenium.support.pagefactory.DefaultElementLocator.findElement(DefaultElementLocator.java:68) ~[selenium-support-4.31.0.jar:?]
	at org.openqa.selenium.support.pagefactory.internal.LocatingElementHandler.invoke(LocatingElementHandler.java:38) ~[selenium-support-4.31.0.jar:?]
	at jdk.proxy2/jdk.proxy2.$Proxy27.getText(Unknown Source) ~[?:?]
	at pageObjects.LP3065Page.getAddToCartMsg(LP3065Page.java:58) ~[test-classes/:?]
	at testCases.TC03_AddToCart.testAddToCart(TC03_AddToCart.java:41) ~[test-classes/:?]
	at java.base/jdk.internal.reflect.DirectMethodHandleAccessor.invoke(DirectMethodHandleAccessor.java:103) ~[?:?]
	at java.base/java.lang.reflect.Method.invoke(Method.java:580) ~[?:?]
	at org.testng.internal.invokers.MethodInvocationHelper.invokeMethod(MethodInvocationHelper.java:141) ~[testng-7.11.0.jar:7.11.0]
	at org.testng.internal.invokers.TestInvoker.invokeMethod(TestInvoker.java:687) ~[testng-7.11.0.jar:7.11.0]
	at org.testng.internal.invokers.TestInvoker.invokeTestMethod(TestInvoker.java:230) ~[testng-7.11.0.jar:7.11.0]
	at org.testng.internal.invokers.MethodRunner.runInSequence(MethodRunner.java:63) ~[testng-7.11.0.jar:7.11.0]
	at org.testng.internal.invokers.TestInvoker$MethodInvocationAgent.invoke(TestInvoker.java:995) ~[testng-7.11.0.jar:7.11.0]
	at org.testng.internal.invokers.TestInvoker.invokeTestMethods(TestInvoker.java:203) ~[testng-7.11.0.jar:7.11.0]
	at org.testng.internal.invokers.TestMethodWorker.invokeTestMethods(TestMethodWorker.java:154) ~[testng-7.11.0.jar:7.11.0]
	at org.testng.internal.invokers.TestMethodWorker.run(TestMethodWorker.java:134) ~[testng-7.11.0.jar:7.11.0]
	at java.base/java.util.ArrayList.forEach(ArrayList.java:1596) ~[?:?]
	at org.testng.TestRunner.privateRun(TestRunner.java:741) ~[testng-7.11.0.jar:7.11.0]
	at org.testng.TestRunner.run(TestRunner.java:616) ~[testng-7.11.0.jar:7.11.0]
	at org.testng.SuiteRunner.runTest(SuiteRunner.java:421) ~[testng-7.11.0.jar:7.11.0]
	at org.testng.SuiteRunner$SuiteWorker.run(SuiteRunner.java:463) ~[testng-7.11.0.jar:7.11.0]
	at org.testng.internal.thread.ThreadUtil.lambda$execute$0(ThreadUtil.java:64) ~[testng-7.11.0.jar:7.11.0]
	at java.base/java.util.concurrent.FutureTask.run(FutureTask.java:317) ~[?:?]
	at java.base/java.util.concurrent.ThreadPoolExecutor.runWorker(ThreadPoolExecutor.java:1144) ~[?:?]
	at java.base/java.util.concurrent.ThreadPoolExecutor$Worker.run(ThreadPoolExecutor.java:642) ~[?:?]
	at java.base/java.lang.Thread.run(Thread.java:1583) [?:?]
2025-05-21 19:44:36 WARN  RetryAnalyzer:18 - Retrying test 'testAddToCart' (1 of 2)
2025-05-21 19:44:36 INFO  TC03_AddToCart:20 - Starting test: testAddToCart
2025-05-21 19:44:36 DEBUG TC03_AddToCart:24 - HomePage loaded
2025-05-21 19:44:36 INFO  BaseClass:126 - Application launched successfully: https://cloudberrystore.services/
2025-05-21 19:44:36 DEBUG PackageRelationshipCollection:307 - Parsing relationship: /xl/_rels/workbook.xml.rels
2025-05-21 19:44:36 DEBUG PackageRelationshipCollection:307 - Parsing relationship: /xl/worksheets/_rels/sheet1.xml.rels
2025-05-21 19:44:36 DEBUG PackageRelationshipCollection:307 - Parsing relationship: /_rels/.rels
2025-05-21 19:44:36 DEBUG POIXMLFactory:65 - using default POIXMLDocumentPart for http://schemas.openxmlformats.org/officeDocument/2006/relationships/printerSettings
2025-05-21 19:44:36 DEBUG PackageRelationshipCollection:307 - Parsing relationship: /xl/_rels/workbook.xml.rels
2025-05-21 19:44:36 DEBUG PackageRelationshipCollection:307 - Parsing relationship: /xl/worksheets/_rels/sheet1.xml.rels
2025-05-21 19:44:36 DEBUG PackageRelationshipCollection:307 - Parsing relationship: /_rels/.rels
2025-05-21 19:44:36 DEBUG POIXMLFactory:65 - using default POIXMLDocumentPart for http://schemas.openxmlformats.org/officeDocument/2006/relationships/printerSettings
2025-05-21 19:44:36 DEBUG PackageRelationshipCollection:307 - Parsing relationship: /xl/_rels/workbook.xml.rels
2025-05-21 19:44:36 DEBUG PackageRelationshipCollection:307 - Parsing relationship: /xl/worksheets/_rels/sheet1.xml.rels
2025-05-21 19:44:36 DEBUG PackageRelationshipCollection:307 - Parsing relationship: /_rels/.rels
2025-05-21 19:44:36 DEBUG POIXMLFactory:65 - using default POIXMLDocumentPart for http://schemas.openxmlformats.org/officeDocument/2006/relationships/printerSettings
2025-05-21 19:44:36 DEBUG PackageRelationshipCollection:307 - Parsing relationship: /xl/_rels/workbook.xml.rels
2025-05-21 19:44:36 DEBUG PackageRelationshipCollection:307 - Parsing relationship: /xl/worksheets/_rels/sheet1.xml.rels
2025-05-21 19:44:36 DEBUG PackageRelationshipCollection:307 - Parsing relationship: /_rels/.rels
2025-05-21 19:44:36 DEBUG POIXMLFactory:65 - using default POIXMLDocumentPart for http://schemas.openxmlformats.org/officeDocument/2006/relationships/printerSettings
2025-05-21 19:44:36 DEBUG PackageRelationshipCollection:307 - Parsing relationship: /xl/_rels/workbook.xml.rels
2025-05-21 19:44:36 DEBUG PackageRelationshipCollection:307 - Parsing relationship: /xl/worksheets/_rels/sheet1.xml.rels
2025-05-21 19:44:36 DEBUG PackageRelationshipCollection:307 - Parsing relationship: /_rels/.rels
2025-05-21 19:44:36 DEBUG POIXMLFactory:65 - using default POIXMLDocumentPart for http://schemas.openxmlformats.org/officeDocument/2006/relationships/printerSettings
2025-05-21 19:44:36 DEBUG PackageRelationshipCollection:307 - Parsing relationship: /xl/_rels/workbook.xml.rels
2025-05-21 19:44:36 DEBUG PackageRelationshipCollection:307 - Parsing relationship: /xl/worksheets/_rels/sheet1.xml.rels
2025-05-21 19:44:36 DEBUG PackageRelationshipCollection:307 - Parsing relationship: /_rels/.rels
2025-05-21 19:44:36 DEBUG POIXMLFactory:65 - using default POIXMLDocumentPart for http://schemas.openxmlformats.org/officeDocument/2006/relationships/printerSettings
2025-05-21 19:44:36 DEBUG PackageRelationshipCollection:307 - Parsing relationship: /xl/_rels/workbook.xml.rels
2025-05-21 19:44:36 DEBUG PackageRelationshipCollection:307 - Parsing relationship: /xl/worksheets/_rels/sheet1.xml.rels
2025-05-21 19:44:36 DEBUG PackageRelationshipCollection:307 - Parsing relationship: /_rels/.rels
2025-05-21 19:44:36 DEBUG POIXMLFactory:65 - using default POIXMLDocumentPart for http://schemas.openxmlformats.org/officeDocument/2006/relationships/printerSettings
2025-05-21 19:44:36 DEBUG PackageRelationshipCollection:307 - Parsing relationship: /xl/_rels/workbook.xml.rels
2025-05-21 19:44:36 DEBUG PackageRelationshipCollection:307 - Parsing relationship: /xl/worksheets/_rels/sheet1.xml.rels
2025-05-21 19:44:36 DEBUG PackageRelationshipCollection:307 - Parsing relationship: /_rels/.rels
2025-05-21 19:44:36 DEBUG POIXMLFactory:65 - using default POIXMLDocumentPart for http://schemas.openxmlformats.org/officeDocument/2006/relationships/printerSettings
2025-05-21 19:44:36 DEBUG PackageRelationshipCollection:307 - Parsing relationship: /xl/_rels/workbook.xml.rels
2025-05-21 19:44:36 DEBUG PackageRelationshipCollection:307 - Parsing relationship: /xl/worksheets/_rels/sheet1.xml.rels
2025-05-21 19:44:36 DEBUG PackageRelationshipCollection:307 - Parsing relationship: /_rels/.rels
2025-05-21 19:44:36 DEBUG TC03_AddToCart:26 - Clicked on Laptops
2025-05-21 19:44:36 DEBUG POIXMLFactory:65 - using default POIXMLDocumentPart for http://schemas.openxmlformats.org/officeDocument/2006/relationships/printerSettings
2025-05-21 19:44:36 DEBUG PackageRelationshipCollection:307 - Parsing relationship: /xl/_rels/workbook.xml.rels
2025-05-21 19:44:36 DEBUG PackageRelationshipCollection:307 - Parsing relationship: /xl/worksheets/_rels/sheet1.xml.rels
2025-05-21 19:44:36 DEBUG PackageRelationshipCollection:307 - Parsing relationship: /_rels/.rels
2025-05-21 19:44:36 DEBUG POIXMLFactory:65 - using default POIXMLDocumentPart for http://schemas.openxmlformats.org/officeDocument/2006/relationships/printerSettings
2025-05-21 19:44:36 DEBUG PackageRelationshipCollection:307 - Parsing relationship: /xl/_rels/workbook.xml.rels
2025-05-21 19:44:36 DEBUG PackageRelationshipCollection:307 - Parsing relationship: /xl/worksheets/_rels/sheet1.xml.rels
2025-05-21 19:44:36 DEBUG PackageRelationshipCollection:307 - Parsing relationship: /_rels/.rels
2025-05-21 19:44:36 DEBUG POIXMLFactory:65 - using default POIXMLDocumentPart for http://schemas.openxmlformats.org/officeDocument/2006/relationships/printerSettings
2025-05-21 19:44:36 DEBUG PackageRelationshipCollection:307 - Parsing relationship: /xl/_rels/workbook.xml.rels
2025-05-21 19:44:36 DEBUG PackageRelationshipCollection:307 - Parsing relationship: /xl/worksheets/_rels/sheet1.xml.rels
2025-05-21 19:44:36 DEBUG PackageRelationshipCollection:307 - Parsing relationship: /_rels/.rels
2025-05-21 19:44:36 DEBUG POIXMLFactory:65 - using default POIXMLDocumentPart for http://schemas.openxmlformats.org/officeDocument/2006/relationships/printerSettings
2025-05-21 19:44:36 INFO  TC02_Login:25 - Starting testLogin with email: smitasharma.qa@gmail.com
2025-05-21 19:44:36 DEBUG TC02_Login:29 - HomePage initialized
2025-05-21 19:44:36 DEBUG TC02_Login:31 - Clicked MyAccount
2025-05-21 19:44:36 INFO  BaseClass:139 - Browser session closed successfully
2025-05-21 19:44:36 INFO  BaseClass:44 - Initializing application on OS: windows and Browser: chrome
2025-05-21 19:44:36 DEBUG BaseClass:49 - Loaded configuration properties
2025-05-21 19:44:36 DEBUG TC03_AddToCart:28 - Clicked on Show All Laptops
2025-05-21 19:44:37 DEBUG TC02_Login:33 - Clicked Login
2025-05-21 19:44:37 DEBUG TC02_Login:37 - Entered email
2025-05-21 19:44:37 DEBUG TC02_Login:39 - Entered password
2025-05-21 19:44:37 DEBUG TC02_Login:41 - Clicked login button
2025-05-21 19:44:37 DEBUG BaseClass:103 - ChromeDriver initialized
2025-05-21 19:44:37 DEBUG BaseClass:119 - Driver assigned to thread-local storage
2025-05-21 19:44:37 DEBUG TC02_Login:45 - Login message displayed: true
2025-05-21 19:44:37 INFO  TC02_Login:48 - Login successful for: smitasharma.qa@gmail.com
2025-05-21 19:44:37 INFO  TC02_Login:25 - Starting testLogin with email: nona@yahoo.com
2025-05-21 19:44:37 DEBUG TC02_Login:29 - HomePage initialized
2025-05-21 19:44:37 DEBUG TC02_Login:31 - Clicked MyAccount
2025-05-21 19:44:37 DEBUG TC02_Login:33 - Clicked Login
2025-05-21 19:44:37 DEBUG TC02_Login:37 - Entered email
2025-05-21 19:44:37 INFO  BaseClass:126 - Application launched successfully: https://cloudberrystore.services/
2025-05-21 19:44:37 INFO  TC04_CompletePurchase:23 - Step 1: Starting testAddToCart
2025-05-21 19:44:37 DEBUG TC04_CompletePurchase:27 - Navigated to HomePage
2025-05-21 19:44:37 DEBUG TC02_Login:39 - Entered password
2025-05-21 19:44:37 DEBUG TC04_CompletePurchase:30 - Clicked on 'Laptops'
2025-05-21 19:44:37 DEBUG TC02_Login:41 - Clicked login button
2025-05-21 19:44:38 DEBUG TC04_CompletePurchase:33 - Clicked on 'Show All Laptops'
2025-05-21 19:44:38 DEBUG TC02_Login:45 - Login message displayed: true
2025-05-21 19:44:38 INFO  TC02_Login:48 - Login successful for: nona@yahoo.com
2025-05-21 19:44:38 DEBUG TC03_AddToCart:32 - Clicked on HP LP3065 product
2025-05-21 19:44:38 DEBUG TC03_AddToCart:36 - Entered delivery date
2025-05-21 19:44:38 INFO  TC02_Login:25 - Starting testLogin with email: sid@cloudberry.services
2025-05-21 19:44:38 DEBUG TC02_Login:29 - HomePage initialized
2025-05-21 19:44:38 DEBUG TC02_Login:31 - Clicked MyAccount
2025-05-21 19:44:38 DEBUG TC02_Login:33 - Clicked Login
2025-05-21 19:44:38 DEBUG TC02_Login:37 - Entered email
2025-05-21 19:44:38 DEBUG TC03_AddToCart:39 - Clicked on Add to Cart
2025-05-21 19:44:38 DEBUG TC02_Login:39 - Entered password
2025-05-21 19:44:38 DEBUG TC02_Login:41 - Clicked login button
2025-05-21 19:44:38 DEBUG TC02_Login:45 - Login message displayed: true
2025-05-21 19:44:38 INFO  TC02_Login:48 - Login successful for: sid@cloudberry.services
2025-05-21 19:44:38 INFO  TC02_Login:25 - Starting testLogin with email: apushedwoman@gmail.com
2025-05-21 19:44:38 DEBUG TC02_Login:29 - HomePage initialized
2025-05-21 19:44:38 DEBUG TC02_Login:31 - Clicked MyAccount
2025-05-21 19:44:39 DEBUG TC02_Login:33 - Clicked Login
2025-05-21 19:44:39 DEBUG TC02_Login:37 - Entered email
2025-05-21 19:44:39 DEBUG TC02_Login:39 - Entered password
2025-05-21 19:44:39 DEBUG TC02_Login:41 - Clicked login button
2025-05-21 19:44:39 DEBUG TC02_Login:45 - Login message displayed: true
2025-05-21 19:44:39 INFO  TC02_Login:48 - Login successful for: apushedwoman@gmail.com
2025-05-21 19:44:39 INFO  TC02_Login:25 - Starting testLogin with email: hichamkhachiai@gmail.com
2025-05-21 19:44:39 DEBUG TC02_Login:29 - HomePage initialized
2025-05-21 19:44:39 DEBUG TC02_Login:31 - Clicked MyAccount
2025-05-21 19:44:39 DEBUG TC02_Login:33 - Clicked Login
2025-05-21 19:44:39 DEBUG TC02_Login:37 - Entered email
2025-05-21 19:44:39 DEBUG TC02_Login:39 - Entered password
2025-05-21 19:44:39 DEBUG TC02_Login:41 - Clicked login button
2025-05-21 19:44:39 DEBUG TC04_CompletePurchase:37 - Selected HP LP3065
2025-05-21 19:44:39 DEBUG TC02_Login:45 - Login message displayed: true
2025-05-21 19:44:39 INFO  TC02_Login:48 - Login successful for: hichamkhachiai@gmail.com
2025-05-21 19:44:39 DEBUG TC04_CompletePurchase:41 - Entered delivery date
2025-05-21 19:44:39 DEBUG TC04_CompletePurchase:44 - Clicked on 'Add to Cart'
2025-05-21 19:44:40 DEBUG TC04_CompletePurchase:47 - Clicked on 'Checkout'
2025-05-21 19:44:40 INFO  BaseClass:139 - Browser session closed successfully
2025-05-21 19:44:41 INFO  BaseClass:139 - Browser session closed successfully
2025-05-21 19:44:41 INFO  BaseClass:44 - Initializing application on OS: windows and Browser: edge
2025-05-21 19:44:41 DEBUG BaseClass:49 - Loaded configuration properties
2025-05-21 19:44:41 DEBUG BaseClass:107 - EdgeDriver initialized
2025-05-21 19:44:41 DEBUG BaseClass:119 - Driver assigned to thread-local storage
2025-05-21 19:44:42 INFO  BaseClass:126 - Application launched successfully: https://cloudberrystore.services/
2025-05-21 19:44:42 INFO  TC04_CompletePurchase:23 - Step 1: Starting testAddToCart
2025-05-21 19:44:42 DEBUG TC04_CompletePurchase:27 - Navigated to HomePage
2025-05-21 19:44:42 DEBUG TC04_CompletePurchase:30 - Clicked on 'Laptops'
2025-05-21 19:44:43 DEBUG TC04_CompletePurchase:33 - Clicked on 'Show All Laptops'
2025-05-21 19:44:44 DEBUG TC04_CompletePurchase:37 - Selected HP LP3065
2025-05-21 19:44:44 DEBUG TC04_CompletePurchase:41 - Entered delivery date
2025-05-21 19:44:44 DEBUG TC04_CompletePurchase:44 - Clicked on 'Add to Cart'
2025-05-21 19:44:45 DEBUG TC04_CompletePurchase:47 - Clicked on 'Checkout'
2025-05-21 19:44:46 INFO  BaseClass:139 - Browser session closed successfully
2025-05-21 19:44:48 ERROR TC03_AddToCart:51 - Unexpected exception during Add to Cart test
org.openqa.selenium.NoSuchElementException: Unable to locate element: //div[@class='alert alert-success alert-dismissible']
For documentation on this error, please visit: https://www.selenium.dev/documentation/webdriver/troubleshooting/errors#no-such-element-exception
Build info: version: '4.31.0', revision: '1ef9f18787*'
System info: os.name: 'Windows 11', os.arch: 'amd64', os.version: '10.0', java.version: '21.0.7'
Driver info: org.openqa.selenium.firefox.FirefoxDriver
Command: [517c9918-d4d8-4e6a-b7ac-74e7de471a7c, findElement {using=xpath, value=//div[@class='alert alert-success alert-dismissible']}]
Capabilities {acceptInsecureCerts: true, browserName: firefox, browserVersion: 138.0.4, moz:accessibilityChecks: false, moz:buildID: 20250517143237, moz:geckodriverVersion: 0.36.0, moz:headless: false, moz:platformVersion: 10.0, moz:processID: 19956, moz:profile: C:\Users\zhou_\AppData\Loca..., moz:shutdownTimeout: 60000, moz:webdriverClick: true, moz:windowless: false, pageLoadStrategy: normal, platformName: windows, proxy: Proxy(), setWindowRect: true, strictFileInteractability: false, timeouts: {implicit: 0, pageLoad: 300000, script: 30000}, unhandledPromptBehavior: dismiss and notify, userAgent: Mozilla/5.0 (Windows NT 10....}
Session ID: 517c9918-d4d8-4e6a-b7ac-74e7de471a7c
	at java.base/jdk.internal.reflect.DirectConstructorHandleAccessor.newInstance(DirectConstructorHandleAccessor.java:62) ~[?:?]
	at java.base/java.lang.reflect.Constructor.newInstanceWithCaller(Constructor.java:502) ~[?:?]
	at java.base/java.lang.reflect.Constructor.newInstance(Constructor.java:486) ~[?:?]
	at org.openqa.selenium.remote.ErrorCodec.decode(ErrorCodec.java:167) ~[selenium-remote-driver-4.31.0.jar:?]
	at org.openqa.selenium.remote.codec.w3c.W3CHttpResponseCodec.decode(W3CHttpResponseCodec.java:138) ~[selenium-remote-driver-4.31.0.jar:?]
	at org.openqa.selenium.remote.codec.w3c.W3CHttpResponseCodec.decode(W3CHttpResponseCodec.java:50) ~[selenium-remote-driver-4.31.0.jar:?]
	at org.openqa.selenium.remote.HttpCommandExecutor.execute(HttpCommandExecutor.java:215) ~[selenium-remote-driver-4.31.0.jar:?]
	at org.openqa.selenium.remote.service.DriverCommandExecutor.invokeExecute(DriverCommandExecutor.java:216) ~[selenium-remote-driver-4.31.0.jar:?]
	at org.openqa.selenium.remote.service.DriverCommandExecutor.execute(DriverCommandExecutor.java:174) ~[selenium-remote-driver-4.31.0.jar:?]
	at org.openqa.selenium.remote.RemoteWebDriver.execute(RemoteWebDriver.java:545) ~[selenium-remote-driver-4.31.0.jar:?]
	at org.openqa.selenium.remote.ElementLocation$ElementFinder$2.findElement(ElementLocation.java:165) ~[selenium-remote-driver-4.31.0.jar:?]
	at org.openqa.selenium.remote.ElementLocation.findElement(ElementLocation.java:59) ~[selenium-remote-driver-4.31.0.jar:?]
	at org.openqa.selenium.remote.RemoteWebDriver.findElement(RemoteWebDriver.java:368) ~[selenium-remote-driver-4.31.0.jar:?]
	at org.openqa.selenium.remote.RemoteWebDriver.findElement(RemoteWebDriver.java:362) ~[selenium-remote-driver-4.31.0.jar:?]
	at org.openqa.selenium.support.pagefactory.DefaultElementLocator.findElement(DefaultElementLocator.java:68) ~[selenium-support-4.31.0.jar:?]
	at org.openqa.selenium.support.pagefactory.internal.LocatingElementHandler.invoke(LocatingElementHandler.java:38) ~[selenium-support-4.31.0.jar:?]
	at jdk.proxy2/jdk.proxy2.$Proxy27.getText(Unknown Source) ~[?:?]
	at pageObjects.LP3065Page.getAddToCartMsg(LP3065Page.java:58) ~[test-classes/:?]
	at testCases.TC03_AddToCart.testAddToCart(TC03_AddToCart.java:41) ~[test-classes/:?]
	at java.base/jdk.internal.reflect.DirectMethodHandleAccessor.invoke(DirectMethodHandleAccessor.java:103) ~[?:?]
	at java.base/java.lang.reflect.Method.invoke(Method.java:580) ~[?:?]
	at org.testng.internal.invokers.MethodInvocationHelper.invokeMethod(MethodInvocationHelper.java:141) ~[testng-7.11.0.jar:7.11.0]
	at org.testng.internal.invokers.TestInvoker.invokeMethod(TestInvoker.java:687) ~[testng-7.11.0.jar:7.11.0]
	at org.testng.internal.invokers.TestInvoker.retryFailed(TestInvoker.java:269) ~[testng-7.11.0.jar:7.11.0]
	at org.testng.internal.invokers.MethodRunner.runInSequence(MethodRunner.java:76) ~[testng-7.11.0.jar:7.11.0]
	at org.testng.internal.invokers.TestInvoker$MethodInvocationAgent.invoke(TestInvoker.java:995) ~[testng-7.11.0.jar:7.11.0]
	at org.testng.internal.invokers.TestInvoker.invokeTestMethods(TestInvoker.java:203) ~[testng-7.11.0.jar:7.11.0]
	at org.testng.internal.invokers.TestMethodWorker.invokeTestMethods(TestMethodWorker.java:154) ~[testng-7.11.0.jar:7.11.0]
	at org.testng.internal.invokers.TestMethodWorker.run(TestMethodWorker.java:134) ~[testng-7.11.0.jar:7.11.0]
	at java.base/java.util.ArrayList.forEach(ArrayList.java:1596) ~[?:?]
	at org.testng.TestRunner.privateRun(TestRunner.java:741) ~[testng-7.11.0.jar:7.11.0]
	at org.testng.TestRunner.run(TestRunner.java:616) ~[testng-7.11.0.jar:7.11.0]
	at org.testng.SuiteRunner.runTest(SuiteRunner.java:421) ~[testng-7.11.0.jar:7.11.0]
	at org.testng.SuiteRunner$SuiteWorker.run(SuiteRunner.java:463) ~[testng-7.11.0.jar:7.11.0]
	at org.testng.internal.thread.ThreadUtil.lambda$execute$0(ThreadUtil.java:64) ~[testng-7.11.0.jar:7.11.0]
	at java.base/java.util.concurrent.FutureTask.run(FutureTask.java:317) ~[?:?]
	at java.base/java.util.concurrent.ThreadPoolExecutor.runWorker(ThreadPoolExecutor.java:1144) ~[?:?]
	at java.base/java.util.concurrent.ThreadPoolExecutor$Worker.run(ThreadPoolExecutor.java:642) ~[?:?]
	at java.base/java.lang.Thread.run(Thread.java:1583) [?:?]
2025-05-21 19:44:48 WARN  RetryAnalyzer:18 - Retrying test 'testAddToCart' (2 of 2)
2025-05-21 19:44:48 INFO  TC03_AddToCart:20 - Starting test: testAddToCart
2025-05-21 19:44:48 DEBUG TC03_AddToCart:24 - HomePage loaded
2025-05-21 19:44:48 DEBUG TC03_AddToCart:26 - Clicked on Laptops
2025-05-21 19:44:48 DEBUG TC03_AddToCart:28 - Clicked on Show All Laptops
2025-05-21 19:44:50 DEBUG TC03_AddToCart:32 - Clicked on HP LP3065 product
2025-05-21 19:44:50 DEBUG TC03_AddToCart:36 - Entered delivery date
2025-05-21 19:44:50 DEBUG TC03_AddToCart:39 - Clicked on Add to Cart
2025-05-21 19:45:00 ERROR TC03_AddToCart:51 - Unexpected exception during Add to Cart test
org.openqa.selenium.NoSuchElementException: Unable to locate element: //div[@class='alert alert-success alert-dismissible']
For documentation on this error, please visit: https://www.selenium.dev/documentation/webdriver/troubleshooting/errors#no-such-element-exception
Build info: version: '4.31.0', revision: '1ef9f18787*'
System info: os.name: 'Windows 11', os.arch: 'amd64', os.version: '10.0', java.version: '21.0.7'
Driver info: org.openqa.selenium.firefox.FirefoxDriver
Command: [517c9918-d4d8-4e6a-b7ac-74e7de471a7c, findElement {using=xpath, value=//div[@class='alert alert-success alert-dismissible']}]
Capabilities {acceptInsecureCerts: true, browserName: firefox, browserVersion: 138.0.4, moz:accessibilityChecks: false, moz:buildID: 20250517143237, moz:geckodriverVersion: 0.36.0, moz:headless: false, moz:platformVersion: 10.0, moz:processID: 19956, moz:profile: C:\Users\zhou_\AppData\Loca..., moz:shutdownTimeout: 60000, moz:webdriverClick: true, moz:windowless: false, pageLoadStrategy: normal, platformName: windows, proxy: Proxy(), setWindowRect: true, strictFileInteractability: false, timeouts: {implicit: 0, pageLoad: 300000, script: 30000}, unhandledPromptBehavior: dismiss and notify, userAgent: Mozilla/5.0 (Windows NT 10....}
Session ID: 517c9918-d4d8-4e6a-b7ac-74e7de471a7c
	at java.base/jdk.internal.reflect.DirectConstructorHandleAccessor.newInstance(DirectConstructorHandleAccessor.java:62) ~[?:?]
	at java.base/java.lang.reflect.Constructor.newInstanceWithCaller(Constructor.java:502) ~[?:?]
	at java.base/java.lang.reflect.Constructor.newInstance(Constructor.java:486) ~[?:?]
	at org.openqa.selenium.remote.ErrorCodec.decode(ErrorCodec.java:167) ~[selenium-remote-driver-4.31.0.jar:?]
	at org.openqa.selenium.remote.codec.w3c.W3CHttpResponseCodec.decode(W3CHttpResponseCodec.java:138) ~[selenium-remote-driver-4.31.0.jar:?]
	at org.openqa.selenium.remote.codec.w3c.W3CHttpResponseCodec.decode(W3CHttpResponseCodec.java:50) ~[selenium-remote-driver-4.31.0.jar:?]
	at org.openqa.selenium.remote.HttpCommandExecutor.execute(HttpCommandExecutor.java:215) ~[selenium-remote-driver-4.31.0.jar:?]
	at org.openqa.selenium.remote.service.DriverCommandExecutor.invokeExecute(DriverCommandExecutor.java:216) ~[selenium-remote-driver-4.31.0.jar:?]
	at org.openqa.selenium.remote.service.DriverCommandExecutor.execute(DriverCommandExecutor.java:174) ~[selenium-remote-driver-4.31.0.jar:?]
	at org.openqa.selenium.remote.RemoteWebDriver.execute(RemoteWebDriver.java:545) ~[selenium-remote-driver-4.31.0.jar:?]
	at org.openqa.selenium.remote.ElementLocation$ElementFinder$2.findElement(ElementLocation.java:165) ~[selenium-remote-driver-4.31.0.jar:?]
	at org.openqa.selenium.remote.ElementLocation.findElement(ElementLocation.java:59) ~[selenium-remote-driver-4.31.0.jar:?]
	at org.openqa.selenium.remote.RemoteWebDriver.findElement(RemoteWebDriver.java:368) ~[selenium-remote-driver-4.31.0.jar:?]
	at org.openqa.selenium.remote.RemoteWebDriver.findElement(RemoteWebDriver.java:362) ~[selenium-remote-driver-4.31.0.jar:?]
	at org.openqa.selenium.support.pagefactory.DefaultElementLocator.findElement(DefaultElementLocator.java:68) ~[selenium-support-4.31.0.jar:?]
	at org.openqa.selenium.support.pagefactory.internal.LocatingElementHandler.invoke(LocatingElementHandler.java:38) ~[selenium-support-4.31.0.jar:?]
	at jdk.proxy2/jdk.proxy2.$Proxy27.getText(Unknown Source) ~[?:?]
	at pageObjects.LP3065Page.getAddToCartMsg(LP3065Page.java:58) ~[test-classes/:?]
	at testCases.TC03_AddToCart.testAddToCart(TC03_AddToCart.java:41) ~[test-classes/:?]
	at java.base/jdk.internal.reflect.DirectMethodHandleAccessor.invoke(DirectMethodHandleAccessor.java:103) ~[?:?]
	at java.base/java.lang.reflect.Method.invoke(Method.java:580) ~[?:?]
	at org.testng.internal.invokers.MethodInvocationHelper.invokeMethod(MethodInvocationHelper.java:141) ~[testng-7.11.0.jar:7.11.0]
	at org.testng.internal.invokers.TestInvoker.invokeMethod(TestInvoker.java:687) ~[testng-7.11.0.jar:7.11.0]
	at org.testng.internal.invokers.TestInvoker.retryFailed(TestInvoker.java:269) ~[testng-7.11.0.jar:7.11.0]
	at org.testng.internal.invokers.MethodRunner.runInSequence(MethodRunner.java:76) ~[testng-7.11.0.jar:7.11.0]
	at org.testng.internal.invokers.TestInvoker$MethodInvocationAgent.invoke(TestInvoker.java:995) ~[testng-7.11.0.jar:7.11.0]
	at org.testng.internal.invokers.TestInvoker.invokeTestMethods(TestInvoker.java:203) ~[testng-7.11.0.jar:7.11.0]
	at org.testng.internal.invokers.TestMethodWorker.invokeTestMethods(TestMethodWorker.java:154) ~[testng-7.11.0.jar:7.11.0]
	at org.testng.internal.invokers.TestMethodWorker.run(TestMethodWorker.java:134) ~[testng-7.11.0.jar:7.11.0]
	at java.base/java.util.ArrayList.forEach(ArrayList.java:1596) ~[?:?]
	at org.testng.TestRunner.privateRun(TestRunner.java:741) ~[testng-7.11.0.jar:7.11.0]
	at org.testng.TestRunner.run(TestRunner.java:616) ~[testng-7.11.0.jar:7.11.0]
	at org.testng.SuiteRunner.runTest(SuiteRunner.java:421) ~[testng-7.11.0.jar:7.11.0]
	at org.testng.SuiteRunner$SuiteWorker.run(SuiteRunner.java:463) ~[testng-7.11.0.jar:7.11.0]
	at org.testng.internal.thread.ThreadUtil.lambda$execute$0(ThreadUtil.java:64) ~[testng-7.11.0.jar:7.11.0]
	at java.base/java.util.concurrent.FutureTask.run(FutureTask.java:317) ~[?:?]
	at java.base/java.util.concurrent.ThreadPoolExecutor.runWorker(ThreadPoolExecutor.java:1144) ~[?:?]
	at java.base/java.util.concurrent.ThreadPoolExecutor$Worker.run(ThreadPoolExecutor.java:642) ~[?:?]
	at java.base/java.lang.Thread.run(Thread.java:1583) [?:?]
2025-05-21 19:45:00 INFO  BaseClass:154 - Screenshot captured: C:\Workspace\test automation bootcamp\NinjaV6\screenshots\testAddToCart_20250521074500.png
2025-05-21 19:45:01 INFO  BaseClass:139 - Browser session closed successfully
2025-05-21 19:45:01 INFO  BaseClass:44 - Initializing application on OS: windows and Browser: firefox
2025-05-21 19:45:01 DEBUG BaseClass:49 - Loaded configuration properties
2025-05-21 19:45:03 DEBUG BaseClass:111 - FirefoxDriver initialized
2025-05-21 19:45:03 DEBUG BaseClass:119 - Driver assigned to thread-local storage
2025-05-21 19:45:03 INFO  BaseClass:126 - Application launched successfully: https://cloudberrystore.services/
2025-05-21 19:45:03 INFO  TC05_AddToWishlist:22 - === Starting testAddToWishlist ===
2025-05-21 19:45:03 DEBUG TC05_AddToWishlist:27 - HomePage loaded
2025-05-21 19:45:03 DEBUG TC05_AddToWishlist:30 - Clicked 'My Account'
2025-05-21 19:45:04 DEBUG TC05_AddToWishlist:33 - Clicked 'Login'
2025-05-21 19:45:04 DEBUG TC05_AddToWishlist:37 - Entered email
2025-05-21 19:45:04 DEBUG TC05_AddToWishlist:40 - Entered password
2025-05-21 19:45:04 DEBUG TC05_AddToWishlist:43 - Clicked login button
2025-05-21 19:45:04 DEBUG TC05_AddToWishlist:48 - Navigated to Home Page after login
2025-05-21 19:45:04 DEBUG TC05_AddToWishlist:51 - Clicked 'Laptops'
2025-05-21 19:45:04 DEBUG TC05_AddToWishlist:54 - Clicked 'Show All Laptops'
2025-05-21 19:45:06 DEBUG TC05_AddToWishlist:58 - Selected HP LP3065 product
2025-05-21 19:45:06 DEBUG TC05_AddToWishlist:63 - Clicked 'Add to Wishlist'
2025-05-21 19:45:06 DEBUG TC05_AddToWishlist:66 - Wishlist message: Success: You have added HP LP3065 to your wish list!
2025-05-21 19:45:06 INFO  TC05_AddToWishlist:70 - Wishlist success message displayed
2025-05-21 19:45:07 INFO  BaseClass:139 - Browser session closed successfully
2025-05-21 19:45:07 INFO  BaseClass:44 - Initializing application on OS: windows and Browser: firefox
2025-05-21 19:45:07 DEBUG BaseClass:49 - Loaded configuration properties
2025-05-21 19:45:09 DEBUG BaseClass:111 - FirefoxDriver initialized
2025-05-21 19:45:09 DEBUG BaseClass:119 - Driver assigned to thread-local storage
2025-05-21 19:45:09 INFO  BaseClass:126 - Application launched successfully: https://cloudberrystore.services/
2025-05-21 19:45:09 INFO  TC01_LaunchApplication:18 - Starting test: testLaunchApplication
2025-05-21 19:45:09 DEBUG TC01_LaunchApplication:22 - HomePage object created
2025-05-21 19:45:09 DEBUG TC01_LaunchApplication:25 - Fetched page title: Your store of fun
2025-05-21 19:45:09 INFO  TC01_LaunchApplication:28 - Assertion passed: Title is as expected.
2025-05-21 19:45:10 INFO  BaseClass:139 - Browser session closed successfully
2025-05-21 19:45:10 INFO  BaseClass:44 - Initializing application on OS: windows and Browser: firefox
2025-05-21 19:45:10 DEBUG BaseClass:49 - Loaded configuration properties
2025-05-21 19:45:12 DEBUG BaseClass:111 - FirefoxDriver initialized
2025-05-21 19:45:12 DEBUG BaseClass:119 - Driver assigned to thread-local storage
2025-05-21 19:45:12 INFO  BaseClass:126 - Application launched successfully: https://cloudberrystore.services/
2025-05-21 19:45:12 DEBUG PackageRelationshipCollection:307 - Parsing relationship: /xl/_rels/workbook.xml.rels
2025-05-21 19:45:12 DEBUG PackageRelationshipCollection:307 - Parsing relationship: /xl/worksheets/_rels/sheet1.xml.rels
2025-05-21 19:45:12 DEBUG PackageRelationshipCollection:307 - Parsing relationship: /_rels/.rels
2025-05-21 19:45:13 DEBUG POIXMLFactory:65 - using default POIXMLDocumentPart for http://schemas.openxmlformats.org/officeDocument/2006/relationships/printerSettings
2025-05-21 19:45:13 DEBUG PackageRelationshipCollection:307 - Parsing relationship: /xl/_rels/workbook.xml.rels
2025-05-21 19:45:13 DEBUG PackageRelationshipCollection:307 - Parsing relationship: /xl/worksheets/_rels/sheet1.xml.rels
2025-05-21 19:45:13 DEBUG PackageRelationshipCollection:307 - Parsing relationship: /_rels/.rels
2025-05-21 19:45:13 DEBUG POIXMLFactory:65 - using default POIXMLDocumentPart for http://schemas.openxmlformats.org/officeDocument/2006/relationships/printerSettings
2025-05-21 19:45:13 DEBUG PackageRelationshipCollection:307 - Parsing relationship: /xl/_rels/workbook.xml.rels
2025-05-21 19:45:13 DEBUG PackageRelationshipCollection:307 - Parsing relationship: /xl/worksheets/_rels/sheet1.xml.rels
2025-05-21 19:45:13 DEBUG PackageRelationshipCollection:307 - Parsing relationship: /_rels/.rels
2025-05-21 19:45:13 DEBUG POIXMLFactory:65 - using default POIXMLDocumentPart for http://schemas.openxmlformats.org/officeDocument/2006/relationships/printerSettings
2025-05-21 19:45:13 DEBUG PackageRelationshipCollection:307 - Parsing relationship: /xl/_rels/workbook.xml.rels
2025-05-21 19:45:13 DEBUG PackageRelationshipCollection:307 - Parsing relationship: /xl/worksheets/_rels/sheet1.xml.rels
2025-05-21 19:45:13 DEBUG PackageRelationshipCollection:307 - Parsing relationship: /_rels/.rels
2025-05-21 19:45:13 DEBUG POIXMLFactory:65 - using default POIXMLDocumentPart for http://schemas.openxmlformats.org/officeDocument/2006/relationships/printerSettings
2025-05-21 19:45:13 DEBUG PackageRelationshipCollection:307 - Parsing relationship: /xl/_rels/workbook.xml.rels
2025-05-21 19:45:13 DEBUG PackageRelationshipCollection:307 - Parsing relationship: /xl/worksheets/_rels/sheet1.xml.rels
2025-05-21 19:45:13 DEBUG PackageRelationshipCollection:307 - Parsing relationship: /_rels/.rels
2025-05-21 19:45:13 DEBUG POIXMLFactory:65 - using default POIXMLDocumentPart for http://schemas.openxmlformats.org/officeDocument/2006/relationships/printerSettings
2025-05-21 19:45:13 DEBUG PackageRelationshipCollection:307 - Parsing relationship: /xl/_rels/workbook.xml.rels
2025-05-21 19:45:13 DEBUG PackageRelationshipCollection:307 - Parsing relationship: /xl/worksheets/_rels/sheet1.xml.rels
2025-05-21 19:45:13 DEBUG PackageRelationshipCollection:307 - Parsing relationship: /_rels/.rels
2025-05-21 19:45:13 DEBUG POIXMLFactory:65 - using default POIXMLDocumentPart for http://schemas.openxmlformats.org/officeDocument/2006/relationships/printerSettings
2025-05-21 19:45:13 DEBUG PackageRelationshipCollection:307 - Parsing relationship: /xl/_rels/workbook.xml.rels
2025-05-21 19:45:13 DEBUG PackageRelationshipCollection:307 - Parsing relationship: /xl/worksheets/_rels/sheet1.xml.rels
2025-05-21 19:45:13 DEBUG PackageRelationshipCollection:307 - Parsing relationship: /_rels/.rels
2025-05-21 19:45:13 DEBUG POIXMLFactory:65 - using default POIXMLDocumentPart for http://schemas.openxmlformats.org/officeDocument/2006/relationships/printerSettings
2025-05-21 19:45:13 DEBUG PackageRelationshipCollection:307 - Parsing relationship: /xl/_rels/workbook.xml.rels
2025-05-21 19:45:13 DEBUG PackageRelationshipCollection:307 - Parsing relationship: /xl/worksheets/_rels/sheet1.xml.rels
2025-05-21 19:45:13 DEBUG PackageRelationshipCollection:307 - Parsing relationship: /_rels/.rels
2025-05-21 19:45:13 DEBUG POIXMLFactory:65 - using default POIXMLDocumentPart for http://schemas.openxmlformats.org/officeDocument/2006/relationships/printerSettings
2025-05-21 19:45:13 DEBUG PackageRelationshipCollection:307 - Parsing relationship: /xl/_rels/workbook.xml.rels
2025-05-21 19:45:13 DEBUG PackageRelationshipCollection:307 - Parsing relationship: /xl/worksheets/_rels/sheet1.xml.rels
2025-05-21 19:45:13 DEBUG PackageRelationshipCollection:307 - Parsing relationship: /_rels/.rels
2025-05-21 19:45:13 DEBUG POIXMLFactory:65 - using default POIXMLDocumentPart for http://schemas.openxmlformats.org/officeDocument/2006/relationships/printerSettings
2025-05-21 19:45:13 DEBUG PackageRelationshipCollection:307 - Parsing relationship: /xl/_rels/workbook.xml.rels
2025-05-21 19:45:13 DEBUG PackageRelationshipCollection:307 - Parsing relationship: /xl/worksheets/_rels/sheet1.xml.rels
2025-05-21 19:45:13 DEBUG PackageRelationshipCollection:307 - Parsing relationship: /_rels/.rels
2025-05-21 19:45:13 DEBUG POIXMLFactory:65 - using default POIXMLDocumentPart for http://schemas.openxmlformats.org/officeDocument/2006/relationships/printerSettings
2025-05-21 19:45:13 DEBUG PackageRelationshipCollection:307 - Parsing relationship: /xl/_rels/workbook.xml.rels
2025-05-21 19:45:13 DEBUG PackageRelationshipCollection:307 - Parsing relationship: /xl/worksheets/_rels/sheet1.xml.rels
2025-05-21 19:45:13 DEBUG PackageRelationshipCollection:307 - Parsing relationship: /_rels/.rels
2025-05-21 19:45:13 DEBUG POIXMLFactory:65 - using default POIXMLDocumentPart for http://schemas.openxmlformats.org/officeDocument/2006/relationships/printerSettings
2025-05-21 19:45:13 DEBUG PackageRelationshipCollection:307 - Parsing relationship: /xl/_rels/workbook.xml.rels
2025-05-21 19:45:13 DEBUG PackageRelationshipCollection:307 - Parsing relationship: /xl/worksheets/_rels/sheet1.xml.rels
2025-05-21 19:45:13 DEBUG PackageRelationshipCollection:307 - Parsing relationship: /_rels/.rels
2025-05-21 19:45:13 DEBUG POIXMLFactory:65 - using default POIXMLDocumentPart for http://schemas.openxmlformats.org/officeDocument/2006/relationships/printerSettings
2025-05-21 19:45:13 INFO  TC02_Login:25 - Starting testLogin with email: smitasharma.qa@gmail.com
2025-05-21 19:45:13 DEBUG TC02_Login:29 - HomePage initialized
2025-05-21 19:45:13 DEBUG TC02_Login:31 - Clicked MyAccount
2025-05-21 19:45:13 DEBUG TC02_Login:33 - Clicked Login
2025-05-21 19:45:13 DEBUG TC02_Login:37 - Entered email
2025-05-21 19:45:13 DEBUG TC02_Login:39 - Entered password
2025-05-21 19:45:13 DEBUG TC02_Login:41 - Clicked login button
2025-05-21 19:45:13 DEBUG TC02_Login:45 - Login message displayed: true
2025-05-21 19:45:13 INFO  TC02_Login:48 - Login successful for: smitasharma.qa@gmail.com
2025-05-21 19:45:14 INFO  TC02_Login:25 - Starting testLogin with email: nona@yahoo.com
2025-05-21 19:45:14 DEBUG TC02_Login:29 - HomePage initialized
2025-05-21 19:45:14 DEBUG TC02_Login:31 - Clicked MyAccount
2025-05-21 19:45:14 DEBUG TC02_Login:33 - Clicked Login
2025-05-21 19:45:14 DEBUG TC02_Login:37 - Entered email
2025-05-21 19:45:14 DEBUG TC02_Login:39 - Entered password
2025-05-21 19:45:14 DEBUG TC02_Login:41 - Clicked login button
2025-05-21 19:45:14 DEBUG TC02_Login:45 - Login message displayed: true
2025-05-21 19:45:14 INFO  TC02_Login:48 - Login successful for: nona@yahoo.com
2025-05-21 19:45:15 INFO  TC02_Login:25 - Starting testLogin with email: sid@cloudberry.services
2025-05-21 19:45:15 DEBUG TC02_Login:29 - HomePage initialized
2025-05-21 19:45:15 DEBUG TC02_Login:31 - Clicked MyAccount
2025-05-21 19:45:15 DEBUG TC02_Login:33 - Clicked Login
2025-05-21 19:45:15 DEBUG TC02_Login:37 - Entered email
2025-05-21 19:45:15 DEBUG TC02_Login:39 - Entered password
2025-05-21 19:45:15 DEBUG TC02_Login:41 - Clicked login button
2025-05-21 19:45:15 DEBUG TC02_Login:45 - Login message displayed: true
2025-05-21 19:45:15 INFO  TC02_Login:48 - Login successful for: sid@cloudberry.services
2025-05-21 19:45:15 INFO  TC02_Login:25 - Starting testLogin with email: apushedwoman@gmail.com
2025-05-21 19:45:15 DEBUG TC02_Login:29 - HomePage initialized
2025-05-21 19:45:16 DEBUG TC02_Login:31 - Clicked MyAccount
2025-05-21 19:45:16 DEBUG TC02_Login:33 - Clicked Login
2025-05-21 19:45:16 DEBUG TC02_Login:37 - Entered email
2025-05-21 19:45:16 DEBUG TC02_Login:39 - Entered password
2025-05-21 19:45:16 DEBUG TC02_Login:41 - Clicked login button
2025-05-21 19:45:16 DEBUG TC02_Login:45 - Login message displayed: true
2025-05-21 19:45:16 INFO  TC02_Login:48 - Login successful for: apushedwoman@gmail.com
2025-05-21 19:45:16 INFO  TC02_Login:25 - Starting testLogin with email: hichamkhachiai@gmail.com
2025-05-21 19:45:16 DEBUG TC02_Login:29 - HomePage initialized
2025-05-21 19:45:16 DEBUG TC02_Login:31 - Clicked MyAccount
2025-05-21 19:45:16 DEBUG TC02_Login:33 - Clicked Login
2025-05-21 19:45:16 DEBUG TC02_Login:37 - Entered email
2025-05-21 19:45:16 DEBUG TC02_Login:39 - Entered password
2025-05-21 19:45:17 DEBUG TC02_Login:41 - Clicked login button
2025-05-21 19:45:17 DEBUG TC02_Login:45 - Login message displayed: true
2025-05-21 19:45:17 INFO  TC02_Login:48 - Login successful for: hichamkhachiai@gmail.com
2025-05-21 19:45:18 INFO  BaseClass:139 - Browser session closed successfully
2025-05-21 19:45:18 INFO  BaseClass:44 - Initializing application on OS: windows and Browser: firefox
2025-05-21 19:45:18 DEBUG BaseClass:49 - Loaded configuration properties
2025-05-21 19:45:19 DEBUG BaseClass:111 - FirefoxDriver initialized
2025-05-21 19:45:19 DEBUG BaseClass:119 - Driver assigned to thread-local storage
2025-05-21 19:45:20 INFO  BaseClass:126 - Application launched successfully: https://cloudberrystore.services/
2025-05-21 19:45:20 INFO  TC04_CompletePurchase:23 - Step 1: Starting testAddToCart
2025-05-21 19:45:20 DEBUG TC04_CompletePurchase:27 - Navigated to HomePage
2025-05-21 19:45:20 DEBUG TC04_CompletePurchase:30 - Clicked on 'Laptops'
2025-05-21 19:45:20 DEBUG TC04_CompletePurchase:33 - Clicked on 'Show All Laptops'
2025-05-21 19:45:22 DEBUG TC04_CompletePurchase:37 - Selected HP LP3065
2025-05-21 19:45:22 DEBUG TC04_CompletePurchase:41 - Entered delivery date
2025-05-21 19:45:22 DEBUG TC04_CompletePurchase:44 - Clicked on 'Add to Cart'
2025-05-21 19:45:22 DEBUG TC04_CompletePurchase:47 - Clicked on 'Checkout'
2025-05-21 19:45:23 INFO  BaseClass:139 - Browser session closed successfully
2025-05-21 19:55:23 INFO  BaseClass:44 - Initializing application on OS: windows and Browser: edge
2025-05-21 19:55:23 DEBUG BaseClass:49 - Loaded configuration properties
2025-05-21 19:55:23 INFO  BaseClass:44 - Initializing application on OS: windows and Browser: firefox
2025-05-21 19:55:23 INFO  BaseClass:44 - Initializing application on OS: windows and Browser: chrome
2025-05-21 19:55:23 DEBUG BaseClass:49 - Loaded configuration properties
2025-05-21 19:55:23 DEBUG BaseClass:49 - Loaded configuration properties
2025-05-21 19:55:25 DEBUG BaseClass:119 - Driver assigned to thread-local storage
2025-05-21 19:55:26 DEBUG BaseClass:119 - Driver assigned to thread-local storage
2025-05-21 19:55:26 DEBUG BaseClass:119 - Driver assigned to thread-local storage
2025-05-21 19:55:28 INFO  BaseClass:126 - Application launched successfully: https://cloudberrystore.services/
2025-05-21 19:55:28 INFO  TC06_AddAffiliate:21 - === Starting testAddAffiliate ===
2025-05-21 19:55:28 DEBUG TC06_AddAffiliate:26 - Navigated to HomePage
2025-05-21 19:55:28 INFO  BaseClass:126 - Application launched successfully: https://cloudberrystore.services/
2025-05-21 19:55:28 INFO  TC06_AddAffiliate:21 - === Starting testAddAffiliate ===
2025-05-21 19:55:28 DEBUG TC06_AddAffiliate:26 - Navigated to HomePage
2025-05-21 19:55:29 INFO  BaseClass:126 - Application launched successfully: https://cloudberrystore.services/
2025-05-21 19:55:29 INFO  TC06_AddAffiliate:21 - === Starting testAddAffiliate ===
2025-05-21 19:55:29 DEBUG TC06_AddAffiliate:26 - Navigated to HomePage
2025-05-21 19:55:29 DEBUG TC06_AddAffiliate:29 - Clicked on Affiliate link
2025-05-21 19:55:29 DEBUG TC06_AddAffiliate:34 - Entered email
2025-05-21 19:55:29 DEBUG TC06_AddAffiliate:37 - Entered password
2025-05-21 19:55:29 DEBUG TC06_AddAffiliate:40 - Clicked login button
2025-05-21 19:55:29 DEBUG TC06_AddAffiliate:29 - Clicked on Affiliate link
2025-05-21 19:55:29 DEBUG TC06_AddAffiliate:34 - Entered email
2025-05-21 19:55:29 DEBUG TC06_AddAffiliate:37 - Entered password
2025-05-21 19:55:29 DEBUG TC06_AddAffiliate:40 - Clicked login button
2025-05-21 19:55:29 DEBUG TC06_AddAffiliate:29 - Clicked on Affiliate link
2025-05-21 19:55:30 DEBUG TC06_AddAffiliate:34 - Entered email
2025-05-21 19:55:30 DEBUG TC06_AddAffiliate:37 - Entered password
2025-05-21 19:55:30 DEBUG TC06_AddAffiliate:40 - Clicked login button
2025-05-21 19:55:30 DEBUG TC06_AddAffiliate:45 - Entered company name
2025-05-21 19:55:30 DEBUG TC06_AddAffiliate:45 - Entered company name
2025-05-21 19:55:30 DEBUG TC06_AddAffiliate:48 - Entered website URL
2025-05-21 19:55:30 DEBUG TC06_AddAffiliate:51 - Entered Tax ID
2025-05-21 19:55:30 DEBUG TC06_AddAffiliate:48 - Entered website URL
2025-05-21 19:55:30 DEBUG TC06_AddAffiliate:54 - Entered cheque name
2025-05-21 19:55:30 DEBUG TC06_AddAffiliate:45 - Entered company name
2025-05-21 19:55:30 DEBUG TC06_AddAffiliate:51 - Entered Tax ID
2025-05-21 19:55:30 DEBUG TC06_AddAffiliate:48 - Entered website URL
2025-05-21 19:55:30 DEBUG TC06_AddAffiliate:54 - Entered cheque name
2025-05-21 19:55:30 DEBUG TC06_AddAffiliate:51 - Entered Tax ID
2025-05-21 19:55:30 DEBUG TC06_AddAffiliate:57 - Clicked Continue button
2025-05-21 19:55:30 DEBUG TC06_AddAffiliate:54 - Entered cheque name
2025-05-21 19:55:30 DEBUG TC06_AddAffiliate:57 - Clicked Continue button
2025-05-21 19:55:30 DEBUG TC06_AddAffiliate:57 - Clicked Continue button
2025-05-21 19:55:30 DEBUG TC06_AddAffiliate:62 - Affiliate success message visibility: true
2025-05-21 19:55:30 INFO  TC06_AddAffiliate:65 - Affiliate successfully added
2025-05-21 19:55:30 DEBUG TC06_AddAffiliate:62 - Affiliate success message visibility: true
2025-05-21 19:55:30 INFO  TC06_AddAffiliate:65 - Affiliate successfully added
2025-05-21 19:55:30 DEBUG TC06_AddAffiliate:62 - Affiliate success message visibility: true
2025-05-21 19:55:30 INFO  TC06_AddAffiliate:65 - Affiliate successfully added
2025-05-21 19:55:31 INFO  BaseClass:139 - Browser session closed successfully
2025-05-21 19:55:31 INFO  BaseClass:44 - Initializing application on OS: windows and Browser: chrome
2025-05-21 19:55:31 DEBUG BaseClass:49 - Loaded configuration properties
2025-05-21 19:55:31 INFO  BaseClass:139 - Browser session closed successfully
2025-05-21 19:55:31 INFO  BaseClass:44 - Initializing application on OS: windows and Browser: firefox
2025-05-21 19:55:31 DEBUG BaseClass:49 - Loaded configuration properties
2025-05-21 19:55:31 DEBUG BaseClass:119 - Driver assigned to thread-local storage
2025-05-21 19:55:32 INFO  BaseClass:139 - Browser session closed successfully
2025-05-21 19:55:32 INFO  BaseClass:44 - Initializing application on OS: windows and Browser: edge
2025-05-21 19:55:32 DEBUG BaseClass:49 - Loaded configuration properties
2025-05-21 19:55:32 INFO  BaseClass:126 - Application launched successfully: https://cloudberrystore.services/
2025-05-21 19:55:32 INFO  TC03_AddToCart:20 - Starting test: testAddToCart
2025-05-21 19:55:32 DEBUG TC03_AddToCart:24 - HomePage loaded
2025-05-21 19:55:32 DEBUG TC03_AddToCart:26 - Clicked on Laptops
2025-05-21 19:55:32 DEBUG TC03_AddToCart:28 - Clicked on Show All Laptops
2025-05-21 19:55:33 DEBUG BaseClass:119 - Driver assigned to thread-local storage
2025-05-21 19:55:33 INFO  BaseClass:126 - Application launched successfully: https://cloudberrystore.services/
2025-05-21 19:55:33 INFO  TC03_AddToCart:20 - Starting test: testAddToCart
2025-05-21 19:55:33 DEBUG TC03_AddToCart:24 - HomePage loaded
2025-05-21 19:55:34 DEBUG TC03_AddToCart:26 - Clicked on Laptops
2025-05-21 19:55:34 DEBUG BaseClass:119 - Driver assigned to thread-local storage
2025-05-21 19:55:34 DEBUG TC03_AddToCart:28 - Clicked on Show All Laptops
2025-05-21 19:55:34 DEBUG TC03_AddToCart:32 - Clicked on HP LP3065 product
2025-05-21 19:55:34 DEBUG TC03_AddToCart:36 - Entered delivery date
2025-05-21 19:55:34 DEBUG TC03_AddToCart:39 - Clicked on Add to Cart
2025-05-21 19:55:34 DEBUG TC03_AddToCart:42 - Add to Cart message: Success: You have added HP LP3065 to your shopping cart!
2025-05-21 19:55:34 INFO  TC03_AddToCart:45 - Add to Cart assertion passed
2025-05-21 19:55:34 INFO  BaseClass:139 - Browser session closed successfully
2025-05-21 19:55:34 INFO  BaseClass:44 - Initializing application on OS: windows and Browser: chrome
2025-05-21 19:55:34 DEBUG BaseClass:49 - Loaded configuration properties
2025-05-21 19:55:35 INFO  BaseClass:126 - Application launched successfully: https://cloudberrystore.services/
2025-05-21 19:55:35 INFO  TC03_AddToCart:20 - Starting test: testAddToCart
2025-05-21 19:55:35 DEBUG TC03_AddToCart:24 - HomePage loaded
2025-05-21 19:55:35 DEBUG TC03_AddToCart:26 - Clicked on Laptops
2025-05-21 19:55:35 DEBUG TC03_AddToCart:28 - Clicked on Show All Laptops
2025-05-21 19:55:35 DEBUG BaseClass:119 - Driver assigned to thread-local storage
2025-05-21 19:55:36 DEBUG TC03_AddToCart:32 - Clicked on HP LP3065 product
2025-05-21 19:55:36 INFO  BaseClass:126 - Application launched successfully: https://cloudberrystore.services/
2025-05-21 19:55:36 INFO  TC05_AddToWishlist:22 - === Starting testAddToWishlist ===
2025-05-21 19:55:36 DEBUG TC05_AddToWishlist:27 - HomePage loaded
2025-05-21 19:55:36 DEBUG TC03_AddToCart:36 - Entered delivery date
2025-05-21 19:55:36 DEBUG TC05_AddToWishlist:30 - Clicked 'My Account'
2025-05-21 19:55:36 DEBUG TC03_AddToCart:39 - Clicked on Add to Cart
2025-05-21 19:55:36 DEBUG TC03_AddToCart:42 - Add to Cart message: Success: You have added HP LP3065 to your shopping cart!
2025-05-21 19:55:36 INFO  TC03_AddToCart:45 - Add to Cart assertion passed
2025-05-21 19:55:36 DEBUG TC05_AddToWishlist:33 - Clicked 'Login'
2025-05-21 19:55:36 DEBUG TC05_AddToWishlist:37 - Entered email
2025-05-21 19:55:36 DEBUG TC05_AddToWishlist:40 - Entered password
2025-05-21 19:55:36 DEBUG TC05_AddToWishlist:43 - Clicked login button
2025-05-21 19:55:36 DEBUG TC05_AddToWishlist:48 - Navigated to Home Page after login
2025-05-21 19:55:36 DEBUG TC05_AddToWishlist:51 - Clicked 'Laptops'
2025-05-21 19:55:37 DEBUG TC05_AddToWishlist:54 - Clicked 'Show All Laptops'
2025-05-21 19:55:37 DEBUG TC03_AddToCart:32 - Clicked on HP LP3065 product
2025-05-21 19:55:37 DEBUG TC03_AddToCart:36 - Entered delivery date
2025-05-21 19:55:37 DEBUG TC03_AddToCart:39 - Clicked on Add to Cart
2025-05-21 19:55:37 INFO  BaseClass:139 - Browser session closed successfully
2025-05-21 19:55:37 INFO  BaseClass:44 - Initializing application on OS: windows and Browser: edge
2025-05-21 19:55:37 DEBUG BaseClass:49 - Loaded configuration properties
2025-05-21 19:55:38 DEBUG BaseClass:119 - Driver assigned to thread-local storage
2025-05-21 19:55:38 DEBUG TC05_AddToWishlist:58 - Selected HP LP3065 product
2025-05-21 19:55:39 DEBUG TC05_AddToWishlist:63 - Clicked 'Add to Wishlist'
2025-05-21 19:55:39 INFO  BaseClass:126 - Application launched successfully: https://cloudberrystore.services/
2025-05-21 19:55:39 INFO  TC05_AddToWishlist:22 - === Starting testAddToWishlist ===
2025-05-21 19:55:39 DEBUG TC05_AddToWishlist:27 - HomePage loaded
2025-05-21 19:55:39 DEBUG TC05_AddToWishlist:30 - Clicked 'My Account'
2025-05-21 19:55:39 DEBUG TC05_AddToWishlist:66 - Wishlist message: Success: You have added HP LP3065 to your wish list!
2025-05-21 19:55:39 INFO  TC05_AddToWishlist:70 - Wishlist success message displayed
2025-05-21 19:55:39 INFO  BaseClass:139 - Browser session closed successfully
2025-05-21 19:55:39 INFO  BaseClass:44 - Initializing application on OS: windows and Browser: chrome
2025-05-21 19:55:39 DEBUG BaseClass:49 - Loaded configuration properties
2025-05-21 19:55:39 DEBUG TC05_AddToWishlist:33 - Clicked 'Login'
2025-05-21 19:55:39 DEBUG TC05_AddToWishlist:37 - Entered email
2025-05-21 19:55:39 DEBUG TC05_AddToWishlist:40 - Entered password
2025-05-21 19:55:39 DEBUG TC05_AddToWishlist:43 - Clicked login button
2025-05-21 19:55:39 ERROR TC05_AddToWishlist:81 - Unexpected exception in testAddToWishlist
org.openqa.selenium.WebDriverException: unknown error: unhandled inspector error: {"code":-32000,"message":"Node with given id does not belong to the document"}
  (Session info: MicrosoftEdge=136.0.3240.76)
Build info: version: '4.31.0', revision: '1ef9f18787*'
System info: os.name: 'Windows 11', os.arch: 'amd64', os.version: '10.0', java.version: '21.0.7'
Driver info: org.openqa.selenium.remote.RemoteWebDriver
Command: [1cf95b7e4ddad88993b774ce8962f138, clickElement {id=f.185083646A41B2E91278F08FCDEE9CE5.d.49FDCD93C7EFE2369D80F5F7705989D7.e.28}]
Capabilities {acceptInsecureCerts: false, browserName: MicrosoftEdge, browserVersion: 136.0.3240.76, fedcm:accounts: true, ms:edgeOptions: {debuggerAddress: localhost:60636}, msedge: {msedgedriverVersion: 136.0.3240.76 (77e9ec69748f..., userDataDir: C:\Users\zhou_\AppData\Loca...}, networkConnectionEnabled: false, pageLoadStrategy: normal, platformName: Windows 11, proxy: Proxy(), se:bidiEnabled: false, se:cdp: ws://192.168.1.38:4444/sess..., se:cdpVersion: 136.0.3240.76, setWindowRect: true, strictFileInteractability: false, timeouts: {implicit: 0, pageLoad: 300000, script: 30000}, unhandledPromptBehavior: dismiss and notify, webauthn:extension:credBlob: true, webauthn:extension:largeBlob: true, webauthn:extension:minPinLength: true, webauthn:extension:prf: true, webauthn:virtualAuthenticators: true}
Element: [[RemoteWebDriver: MicrosoftEdge on Windows 11 (1cf95b7e4ddad88993b774ce8962f138)] -> xpath: //img[@title='Your Store']]
Session ID: 1cf95b7e4ddad88993b774ce8962f138
	at java.base/jdk.internal.reflect.DirectConstructorHandleAccessor.newInstance(DirectConstructorHandleAccessor.java:62) ~[?:?]
	at java.base/java.lang.reflect.Constructor.newInstanceWithCaller(Constructor.java:502) ~[?:?]
	at java.base/java.lang.reflect.Constructor.newInstance(Constructor.java:486) ~[?:?]
	at org.openqa.selenium.remote.ErrorCodec.decode(ErrorCodec.java:167) ~[selenium-remote-driver-4.31.0.jar:?]
	at org.openqa.selenium.remote.codec.w3c.W3CHttpResponseCodec.decode(W3CHttpResponseCodec.java:138) ~[selenium-remote-driver-4.31.0.jar:?]
	at org.openqa.selenium.remote.codec.w3c.W3CHttpResponseCodec.decode(W3CHttpResponseCodec.java:50) ~[selenium-remote-driver-4.31.0.jar:?]
	at org.openqa.selenium.remote.HttpCommandExecutor.execute(HttpCommandExecutor.java:215) ~[selenium-remote-driver-4.31.0.jar:?]
	at org.openqa.selenium.remote.TracedCommandExecutor.execute(TracedCommandExecutor.java:53) ~[selenium-remote-driver-4.31.0.jar:?]
	at org.openqa.selenium.remote.RemoteWebDriver.execute(RemoteWebDriver.java:545) ~[selenium-remote-driver-4.31.0.jar:?]
	at org.openqa.selenium.remote.RemoteWebElement.execute(RemoteWebElement.java:223) ~[selenium-remote-driver-4.31.0.jar:?]
	at org.openqa.selenium.remote.RemoteWebElement.click(RemoteWebElement.java:76) ~[selenium-remote-driver-4.31.0.jar:?]
	at java.base/jdk.internal.reflect.DirectMethodHandleAccessor.invoke(DirectMethodHandleAccessor.java:103) ~[?:?]
	at java.base/java.lang.reflect.Method.invoke(Method.java:580) ~[?:?]
	at org.openqa.selenium.support.pagefactory.internal.LocatingElementHandler.invoke(LocatingElementHandler.java:51) ~[selenium-support-4.31.0.jar:?]
	at jdk.proxy2/jdk.proxy2.$Proxy27.click(Unknown Source) ~[?:?]
	at pageObjects.AccountPage.clickHomePage(AccountPage.java:38) ~[test-classes/:?]
	at testCases.TC05_AddToWishlist.testAddToWishlist(TC05_AddToWishlist.java:47) ~[test-classes/:?]
	at java.base/jdk.internal.reflect.DirectMethodHandleAccessor.invoke(DirectMethodHandleAccessor.java:103) ~[?:?]
	at java.base/java.lang.reflect.Method.invoke(Method.java:580) ~[?:?]
	at org.testng.internal.invokers.MethodInvocationHelper.invokeMethod(MethodInvocationHelper.java:141) ~[testng-7.11.0.jar:7.11.0]
	at org.testng.internal.invokers.TestInvoker.invokeMethod(TestInvoker.java:687) ~[testng-7.11.0.jar:7.11.0]
	at org.testng.internal.invokers.TestInvoker.invokeTestMethod(TestInvoker.java:230) ~[testng-7.11.0.jar:7.11.0]
	at org.testng.internal.invokers.MethodRunner.runInSequence(MethodRunner.java:63) ~[testng-7.11.0.jar:7.11.0]
	at org.testng.internal.invokers.TestInvoker$MethodInvocationAgent.invoke(TestInvoker.java:995) ~[testng-7.11.0.jar:7.11.0]
	at org.testng.internal.invokers.TestInvoker.invokeTestMethods(TestInvoker.java:203) ~[testng-7.11.0.jar:7.11.0]
	at org.testng.internal.invokers.TestMethodWorker.invokeTestMethods(TestMethodWorker.java:154) ~[testng-7.11.0.jar:7.11.0]
	at org.testng.internal.invokers.TestMethodWorker.run(TestMethodWorker.java:134) ~[testng-7.11.0.jar:7.11.0]
	at java.base/java.util.ArrayList.forEach(ArrayList.java:1596) ~[?:?]
	at org.testng.TestRunner.privateRun(TestRunner.java:741) ~[testng-7.11.0.jar:7.11.0]
	at org.testng.TestRunner.run(TestRunner.java:616) ~[testng-7.11.0.jar:7.11.0]
	at org.testng.SuiteRunner.runTest(SuiteRunner.java:421) ~[testng-7.11.0.jar:7.11.0]
	at org.testng.SuiteRunner$SuiteWorker.run(SuiteRunner.java:463) ~[testng-7.11.0.jar:7.11.0]
	at org.testng.internal.thread.ThreadUtil.lambda$execute$0(ThreadUtil.java:64) ~[testng-7.11.0.jar:7.11.0]
	at java.base/java.util.concurrent.FutureTask.run(FutureTask.java:317) ~[?:?]
	at java.base/java.util.concurrent.ThreadPoolExecutor.runWorker(ThreadPoolExecutor.java:1144) ~[?:?]
	at java.base/java.util.concurrent.ThreadPoolExecutor$Worker.run(ThreadPoolExecutor.java:642) ~[?:?]
	at java.base/java.lang.Thread.run(Thread.java:1583) [?:?]
2025-05-21 19:55:39 WARN  RetryAnalyzer:18 - Retrying test 'testAddToWishlist' (1 of 2)
2025-05-21 19:55:39 INFO  TC05_AddToWishlist:22 - === Starting testAddToWishlist ===
2025-05-21 19:55:39 DEBUG TC05_AddToWishlist:27 - HomePage loaded
2025-05-21 19:55:39 DEBUG TC05_AddToWishlist:30 - Clicked 'My Account'
2025-05-21 19:55:40 DEBUG BaseClass:119 - Driver assigned to thread-local storage
2025-05-21 19:55:43 INFO  BaseClass:126 - Application launched successfully: https://cloudberrystore.services/
2025-05-21 19:55:43 INFO  TC01_LaunchApplication:18 - Starting test: testLaunchApplication
2025-05-21 19:55:43 DEBUG TC01_LaunchApplication:22 - HomePage object created
2025-05-21 19:55:43 DEBUG TC01_LaunchApplication:25 - Fetched page title: Your store of fun
2025-05-21 19:55:43 INFO  TC01_LaunchApplication:28 - Assertion passed: Title is as expected.
2025-05-21 19:55:43 INFO  BaseClass:139 - Browser session closed successfully
2025-05-21 19:55:43 INFO  BaseClass:44 - Initializing application on OS: windows and Browser: chrome
2025-05-21 19:55:43 DEBUG BaseClass:49 - Loaded configuration properties
2025-05-21 19:55:43 DEBUG BaseClass:119 - Driver assigned to thread-local storage
2025-05-21 19:55:47 ERROR TC03_AddToCart:51 - Unexpected exception during Add to Cart test
org.openqa.selenium.NoSuchElementException: Unable to locate element: //div[@class='alert alert-success alert-dismissible']
For documentation on this error, please visit: https://www.selenium.dev/documentation/webdriver/troubleshooting/errors#no-such-element-exception
Build info: version: '4.31.0', revision: '1ef9f18787*'
System info: os.name: 'Windows 11', os.arch: 'amd64', os.version: '10.0', java.version: '21.0.7'
Driver info: org.openqa.selenium.remote.RemoteWebDriver
Command: [5e8dac47-0e73-4acc-b89c-e2c1961b0c03, findElement {using=xpath, value=//div[@class='alert alert-success alert-dismissible']}]
Capabilities {acceptInsecureCerts: true, browserName: firefox, browserVersion: 138.0.4, moz:accessibilityChecks: false, moz:buildID: 20250517143237, moz:firefoxOptions: {binary: C:\Program Files\Mozilla Fi..., prefs: {remote.active-protocols: 3}}, moz:geckodriverVersion: 0.36.0, moz:headless: false, moz:platformVersion: 10.0, moz:processID: 25692, moz:profile: C:\Users\zhou_\AppData\Loca..., moz:shutdownTimeout: 60000, moz:webdriverClick: true, moz:windowless: false, pageLoadStrategy: normal, platformName: Windows 11, proxy: Proxy(), se:bidiEnabled: false, se:cdpEnabled: false, setWindowRect: true, strictFileInteractability: false, timeouts: {implicit: 0, pageLoad: 300000, script: 30000}, unhandledPromptBehavior: dismiss and notify, userAgent: Mozilla/5.0 (Windows NT 10....}
Session ID: 5e8dac47-0e73-4acc-b89c-e2c1961b0c03
	at java.base/jdk.internal.reflect.DirectConstructorHandleAccessor.newInstance(DirectConstructorHandleAccessor.java:62) ~[?:?]
	at java.base/java.lang.reflect.Constructor.newInstanceWithCaller(Constructor.java:502) ~[?:?]
	at java.base/java.lang.reflect.Constructor.newInstance(Constructor.java:486) ~[?:?]
	at org.openqa.selenium.remote.ErrorCodec.decode(ErrorCodec.java:167) ~[selenium-remote-driver-4.31.0.jar:?]
	at org.openqa.selenium.remote.codec.w3c.W3CHttpResponseCodec.decode(W3CHttpResponseCodec.java:138) ~[selenium-remote-driver-4.31.0.jar:?]
	at org.openqa.selenium.remote.codec.w3c.W3CHttpResponseCodec.decode(W3CHttpResponseCodec.java:50) ~[selenium-remote-driver-4.31.0.jar:?]
	at org.openqa.selenium.remote.HttpCommandExecutor.execute(HttpCommandExecutor.java:215) ~[selenium-remote-driver-4.31.0.jar:?]
	at org.openqa.selenium.remote.TracedCommandExecutor.execute(TracedCommandExecutor.java:53) ~[selenium-remote-driver-4.31.0.jar:?]
	at org.openqa.selenium.remote.RemoteWebDriver.execute(RemoteWebDriver.java:545) ~[selenium-remote-driver-4.31.0.jar:?]
	at org.openqa.selenium.remote.ElementLocation$ElementFinder$2.findElement(ElementLocation.java:165) ~[selenium-remote-driver-4.31.0.jar:?]
	at org.openqa.selenium.remote.ElementLocation.findElement(ElementLocation.java:59) ~[selenium-remote-driver-4.31.0.jar:?]
	at org.openqa.selenium.remote.RemoteWebDriver.findElement(RemoteWebDriver.java:368) ~[selenium-remote-driver-4.31.0.jar:?]
	at org.openqa.selenium.remote.RemoteWebDriver.findElement(RemoteWebDriver.java:362) ~[selenium-remote-driver-4.31.0.jar:?]
	at org.openqa.selenium.support.pagefactory.DefaultElementLocator.findElement(DefaultElementLocator.java:68) ~[selenium-support-4.31.0.jar:?]
	at org.openqa.selenium.support.pagefactory.internal.LocatingElementHandler.invoke(LocatingElementHandler.java:38) ~[selenium-support-4.31.0.jar:?]
	at jdk.proxy2/jdk.proxy2.$Proxy27.getText(Unknown Source) ~[?:?]
	at pageObjects.LP3065Page.getAddToCartMsg(LP3065Page.java:58) ~[test-classes/:?]
	at testCases.TC03_AddToCart.testAddToCart(TC03_AddToCart.java:41) ~[test-classes/:?]
	at java.base/jdk.internal.reflect.DirectMethodHandleAccessor.invoke(DirectMethodHandleAccessor.java:103) ~[?:?]
	at java.base/java.lang.reflect.Method.invoke(Method.java:580) ~[?:?]
	at org.testng.internal.invokers.MethodInvocationHelper.invokeMethod(MethodInvocationHelper.java:141) ~[testng-7.11.0.jar:7.11.0]
	at org.testng.internal.invokers.TestInvoker.invokeMethod(TestInvoker.java:687) ~[testng-7.11.0.jar:7.11.0]
	at org.testng.internal.invokers.TestInvoker.invokeTestMethod(TestInvoker.java:230) ~[testng-7.11.0.jar:7.11.0]
	at org.testng.internal.invokers.MethodRunner.runInSequence(MethodRunner.java:63) ~[testng-7.11.0.jar:7.11.0]
	at org.testng.internal.invokers.TestInvoker$MethodInvocationAgent.invoke(TestInvoker.java:995) ~[testng-7.11.0.jar:7.11.0]
	at org.testng.internal.invokers.TestInvoker.invokeTestMethods(TestInvoker.java:203) ~[testng-7.11.0.jar:7.11.0]
	at org.testng.internal.invokers.TestMethodWorker.invokeTestMethods(TestMethodWorker.java:154) ~[testng-7.11.0.jar:7.11.0]
	at org.testng.internal.invokers.TestMethodWorker.run(TestMethodWorker.java:134) ~[testng-7.11.0.jar:7.11.0]
	at java.base/java.util.ArrayList.forEach(ArrayList.java:1596) ~[?:?]
	at org.testng.TestRunner.privateRun(TestRunner.java:741) ~[testng-7.11.0.jar:7.11.0]
	at org.testng.TestRunner.run(TestRunner.java:616) ~[testng-7.11.0.jar:7.11.0]
	at org.testng.SuiteRunner.runTest(SuiteRunner.java:421) ~[testng-7.11.0.jar:7.11.0]
	at org.testng.SuiteRunner$SuiteWorker.run(SuiteRunner.java:463) ~[testng-7.11.0.jar:7.11.0]
	at org.testng.internal.thread.ThreadUtil.lambda$execute$0(ThreadUtil.java:64) ~[testng-7.11.0.jar:7.11.0]
	at java.base/java.util.concurrent.FutureTask.run(FutureTask.java:317) ~[?:?]
	at java.base/java.util.concurrent.ThreadPoolExecutor.runWorker(ThreadPoolExecutor.java:1144) ~[?:?]
	at java.base/java.util.concurrent.ThreadPoolExecutor$Worker.run(ThreadPoolExecutor.java:642) ~[?:?]
	at java.base/java.lang.Thread.run(Thread.java:1583) [?:?]
2025-05-21 19:55:47 WARN  RetryAnalyzer:18 - Retrying test 'testAddToCart' (1 of 2)
2025-05-21 19:55:47 INFO  TC03_AddToCart:20 - Starting test: testAddToCart
2025-05-21 19:55:47 DEBUG TC03_AddToCart:24 - HomePage loaded
2025-05-21 19:55:47 DEBUG TC03_AddToCart:26 - Clicked on Laptops
2025-05-21 19:55:47 DEBUG TC03_AddToCart:28 - Clicked on Show All Laptops
2025-05-21 19:55:47 INFO  BaseClass:126 - Application launched successfully: https://cloudberrystore.services/
2025-05-21 19:55:47 DEBUG PackageRelationshipCollection:307 - Parsing relationship: /xl/_rels/workbook.xml.rels
2025-05-21 19:55:47 DEBUG PackageRelationshipCollection:307 - Parsing relationship: /xl/worksheets/_rels/sheet1.xml.rels
2025-05-21 19:55:47 DEBUG PackageRelationshipCollection:307 - Parsing relationship: /_rels/.rels
2025-05-21 19:55:48 DEBUG POIXMLFactory:65 - using default POIXMLDocumentPart for http://schemas.openxmlformats.org/officeDocument/2006/relationships/printerSettings
2025-05-21 19:55:48 DEBUG PackageRelationshipCollection:307 - Parsing relationship: /xl/_rels/workbook.xml.rels
2025-05-21 19:55:48 DEBUG PackageRelationshipCollection:307 - Parsing relationship: /xl/worksheets/_rels/sheet1.xml.rels
2025-05-21 19:55:48 DEBUG PackageRelationshipCollection:307 - Parsing relationship: /_rels/.rels
2025-05-21 19:55:48 DEBUG POIXMLFactory:65 - using default POIXMLDocumentPart for http://schemas.openxmlformats.org/officeDocument/2006/relationships/printerSettings
2025-05-21 19:55:48 DEBUG PackageRelationshipCollection:307 - Parsing relationship: /xl/_rels/workbook.xml.rels
2025-05-21 19:55:48 DEBUG PackageRelationshipCollection:307 - Parsing relationship: /xl/worksheets/_rels/sheet1.xml.rels
2025-05-21 19:55:48 DEBUG PackageRelationshipCollection:307 - Parsing relationship: /_rels/.rels
2025-05-21 19:55:48 DEBUG POIXMLFactory:65 - using default POIXMLDocumentPart for http://schemas.openxmlformats.org/officeDocument/2006/relationships/printerSettings
2025-05-21 19:55:48 DEBUG PackageRelationshipCollection:307 - Parsing relationship: /xl/_rels/workbook.xml.rels
2025-05-21 19:55:48 DEBUG PackageRelationshipCollection:307 - Parsing relationship: /xl/worksheets/_rels/sheet1.xml.rels
2025-05-21 19:55:48 DEBUG PackageRelationshipCollection:307 - Parsing relationship: /_rels/.rels
2025-05-21 19:55:48 DEBUG POIXMLFactory:65 - using default POIXMLDocumentPart for http://schemas.openxmlformats.org/officeDocument/2006/relationships/printerSettings
2025-05-21 19:55:48 DEBUG PackageRelationshipCollection:307 - Parsing relationship: /xl/_rels/workbook.xml.rels
2025-05-21 19:55:48 DEBUG PackageRelationshipCollection:307 - Parsing relationship: /xl/worksheets/_rels/sheet1.xml.rels
2025-05-21 19:55:48 DEBUG PackageRelationshipCollection:307 - Parsing relationship: /_rels/.rels
2025-05-21 19:55:48 DEBUG POIXMLFactory:65 - using default POIXMLDocumentPart for http://schemas.openxmlformats.org/officeDocument/2006/relationships/printerSettings
2025-05-21 19:55:48 DEBUG PackageRelationshipCollection:307 - Parsing relationship: /xl/_rels/workbook.xml.rels
2025-05-21 19:55:48 DEBUG PackageRelationshipCollection:307 - Parsing relationship: /xl/worksheets/_rels/sheet1.xml.rels
2025-05-21 19:55:48 DEBUG PackageRelationshipCollection:307 - Parsing relationship: /_rels/.rels
2025-05-21 19:55:48 DEBUG POIXMLFactory:65 - using default POIXMLDocumentPart for http://schemas.openxmlformats.org/officeDocument/2006/relationships/printerSettings
2025-05-21 19:55:48 DEBUG PackageRelationshipCollection:307 - Parsing relationship: /xl/_rels/workbook.xml.rels
2025-05-21 19:55:48 DEBUG PackageRelationshipCollection:307 - Parsing relationship: /xl/worksheets/_rels/sheet1.xml.rels
2025-05-21 19:55:48 DEBUG PackageRelationshipCollection:307 - Parsing relationship: /_rels/.rels
2025-05-21 19:55:48 DEBUG POIXMLFactory:65 - using default POIXMLDocumentPart for http://schemas.openxmlformats.org/officeDocument/2006/relationships/printerSettings
2025-05-21 19:55:48 DEBUG PackageRelationshipCollection:307 - Parsing relationship: /xl/_rels/workbook.xml.rels
2025-05-21 19:55:48 DEBUG PackageRelationshipCollection:307 - Parsing relationship: /xl/worksheets/_rels/sheet1.xml.rels
2025-05-21 19:55:48 DEBUG PackageRelationshipCollection:307 - Parsing relationship: /_rels/.rels
2025-05-21 19:55:48 DEBUG POIXMLFactory:65 - using default POIXMLDocumentPart for http://schemas.openxmlformats.org/officeDocument/2006/relationships/printerSettings
2025-05-21 19:55:48 DEBUG PackageRelationshipCollection:307 - Parsing relationship: /xl/_rels/workbook.xml.rels
2025-05-21 19:55:48 DEBUG PackageRelationshipCollection:307 - Parsing relationship: /xl/worksheets/_rels/sheet1.xml.rels
2025-05-21 19:55:48 DEBUG PackageRelationshipCollection:307 - Parsing relationship: /_rels/.rels
2025-05-21 19:55:48 DEBUG POIXMLFactory:65 - using default POIXMLDocumentPart for http://schemas.openxmlformats.org/officeDocument/2006/relationships/printerSettings
2025-05-21 19:55:48 DEBUG PackageRelationshipCollection:307 - Parsing relationship: /xl/_rels/workbook.xml.rels
2025-05-21 19:55:48 DEBUG PackageRelationshipCollection:307 - Parsing relationship: /xl/worksheets/_rels/sheet1.xml.rels
2025-05-21 19:55:48 DEBUG PackageRelationshipCollection:307 - Parsing relationship: /_rels/.rels
2025-05-21 19:55:48 DEBUG POIXMLFactory:65 - using default POIXMLDocumentPart for http://schemas.openxmlformats.org/officeDocument/2006/relationships/printerSettings
2025-05-21 19:55:48 DEBUG PackageRelationshipCollection:307 - Parsing relationship: /xl/_rels/workbook.xml.rels
2025-05-21 19:55:48 DEBUG PackageRelationshipCollection:307 - Parsing relationship: /xl/worksheets/_rels/sheet1.xml.rels
2025-05-21 19:55:48 DEBUG PackageRelationshipCollection:307 - Parsing relationship: /_rels/.rels
2025-05-21 19:55:48 DEBUG POIXMLFactory:65 - using default POIXMLDocumentPart for http://schemas.openxmlformats.org/officeDocument/2006/relationships/printerSettings
2025-05-21 19:55:48 DEBUG PackageRelationshipCollection:307 - Parsing relationship: /xl/_rels/workbook.xml.rels
2025-05-21 19:55:48 DEBUG PackageRelationshipCollection:307 - Parsing relationship: /xl/worksheets/_rels/sheet1.xml.rels
2025-05-21 19:55:48 DEBUG PackageRelationshipCollection:307 - Parsing relationship: /_rels/.rels
2025-05-21 19:55:48 DEBUG POIXMLFactory:65 - using default POIXMLDocumentPart for http://schemas.openxmlformats.org/officeDocument/2006/relationships/printerSettings
2025-05-21 19:55:48 INFO  TC02_Login:25 - Starting testLogin with email: smitasharma.qa@gmail.com
2025-05-21 19:55:48 DEBUG TC02_Login:29 - HomePage initialized
2025-05-21 19:55:48 DEBUG TC02_Login:31 - Clicked MyAccount
2025-05-21 19:55:48 DEBUG TC02_Login:33 - Clicked Login
2025-05-21 19:55:48 DEBUG TC02_Login:37 - Entered email
2025-05-21 19:55:48 DEBUG TC02_Login:39 - Entered password
2025-05-21 19:55:48 DEBUG TC02_Login:41 - Clicked login button
2025-05-21 19:55:49 DEBUG TC02_Login:45 - Login message displayed: true
2025-05-21 19:55:49 INFO  TC02_Login:48 - Login successful for: smitasharma.qa@gmail.com
2025-05-21 19:55:49 DEBUG TC03_AddToCart:32 - Clicked on HP LP3065 product
2025-05-21 19:55:49 DEBUG TC03_AddToCart:36 - Entered delivery date
2025-05-21 19:55:49 INFO  TC02_Login:25 - Starting testLogin with email: nona@yahoo.com
2025-05-21 19:55:49 DEBUG TC02_Login:29 - HomePage initialized
2025-05-21 19:55:49 DEBUG TC02_Login:31 - Clicked MyAccount
2025-05-21 19:55:49 DEBUG TC03_AddToCart:39 - Clicked on Add to Cart
2025-05-21 19:55:49 DEBUG TC02_Login:33 - Clicked Login
2025-05-21 19:55:49 DEBUG TC02_Login:37 - Entered email
2025-05-21 19:55:49 DEBUG TC02_Login:39 - Entered password
2025-05-21 19:55:49 ERROR TC05_AddToWishlist:81 - Unexpected exception in testAddToWishlist
org.openqa.selenium.NoSuchElementException: no such element: Unable to locate element: {"method":"xpath","selector":"//a[normalize-space()='Login']"}
  (Session info: MicrosoftEdge=136.0.3240.76)
For documentation on this error, please visit: https://www.selenium.dev/documentation/webdriver/troubleshooting/errors#no-such-element-exception
Build info: version: '4.31.0', revision: '1ef9f18787*'
System info: os.name: 'Windows 11', os.arch: 'amd64', os.version: '10.0', java.version: '21.0.7'
Driver info: org.openqa.selenium.remote.RemoteWebDriver
Command: [1cf95b7e4ddad88993b774ce8962f138, findElement {using=xpath, value=//a[normalize-space()='Login']}]
Capabilities {acceptInsecureCerts: false, browserName: MicrosoftEdge, browserVersion: 136.0.3240.76, fedcm:accounts: true, ms:edgeOptions: {debuggerAddress: localhost:60636}, msedge: {msedgedriverVersion: 136.0.3240.76 (77e9ec69748f..., userDataDir: C:\Users\zhou_\AppData\Loca...}, networkConnectionEnabled: false, pageLoadStrategy: normal, platformName: Windows 11, proxy: Proxy(), se:bidiEnabled: false, se:cdp: ws://192.168.1.38:4444/sess..., se:cdpVersion: 136.0.3240.76, setWindowRect: true, strictFileInteractability: false, timeouts: {implicit: 0, pageLoad: 300000, script: 30000}, unhandledPromptBehavior: dismiss and notify, webauthn:extension:credBlob: true, webauthn:extension:largeBlob: true, webauthn:extension:minPinLength: true, webauthn:extension:prf: true, webauthn:virtualAuthenticators: true}
Session ID: 1cf95b7e4ddad88993b774ce8962f138
	at java.base/jdk.internal.reflect.DirectConstructorHandleAccessor.newInstance(DirectConstructorHandleAccessor.java:62) ~[?:?]
	at java.base/java.lang.reflect.Constructor.newInstanceWithCaller(Constructor.java:502) ~[?:?]
	at java.base/java.lang.reflect.Constructor.newInstance(Constructor.java:486) ~[?:?]
	at org.openqa.selenium.remote.ErrorCodec.decode(ErrorCodec.java:167) ~[selenium-remote-driver-4.31.0.jar:?]
	at org.openqa.selenium.remote.codec.w3c.W3CHttpResponseCodec.decode(W3CHttpResponseCodec.java:138) ~[selenium-remote-driver-4.31.0.jar:?]
	at org.openqa.selenium.remote.codec.w3c.W3CHttpResponseCodec.decode(W3CHttpResponseCodec.java:50) ~[selenium-remote-driver-4.31.0.jar:?]
	at org.openqa.selenium.remote.HttpCommandExecutor.execute(HttpCommandExecutor.java:215) ~[selenium-remote-driver-4.31.0.jar:?]
	at org.openqa.selenium.remote.TracedCommandExecutor.execute(TracedCommandExecutor.java:53) ~[selenium-remote-driver-4.31.0.jar:?]
	at org.openqa.selenium.remote.RemoteWebDriver.execute(RemoteWebDriver.java:545) ~[selenium-remote-driver-4.31.0.jar:?]
	at org.openqa.selenium.remote.ElementLocation$ElementFinder$2.findElement(ElementLocation.java:165) ~[selenium-remote-driver-4.31.0.jar:?]
	at org.openqa.selenium.remote.ElementLocation.findElement(ElementLocation.java:59) ~[selenium-remote-driver-4.31.0.jar:?]
	at org.openqa.selenium.remote.RemoteWebDriver.findElement(RemoteWebDriver.java:368) ~[selenium-remote-driver-4.31.0.jar:?]
	at org.openqa.selenium.remote.RemoteWebDriver.findElement(RemoteWebDriver.java:362) ~[selenium-remote-driver-4.31.0.jar:?]
	at org.openqa.selenium.support.pagefactory.DefaultElementLocator.findElement(DefaultElementLocator.java:68) ~[selenium-support-4.31.0.jar:?]
	at org.openqa.selenium.support.pagefactory.internal.LocatingElementHandler.invoke(LocatingElementHandler.java:38) ~[selenium-support-4.31.0.jar:?]
	at jdk.proxy2/jdk.proxy2.$Proxy27.click(Unknown Source) ~[?:?]
	at pageObjects.HomePage.clickLogin(HomePage.java:42) ~[test-classes/:?]
	at testCases.TC05_AddToWishlist.testAddToWishlist(TC05_AddToWishlist.java:32) ~[test-classes/:?]
	at java.base/jdk.internal.reflect.DirectMethodHandleAccessor.invoke(DirectMethodHandleAccessor.java:103) ~[?:?]
	at java.base/java.lang.reflect.Method.invoke(Method.java:580) ~[?:?]
	at org.testng.internal.invokers.MethodInvocationHelper.invokeMethod(MethodInvocationHelper.java:141) ~[testng-7.11.0.jar:7.11.0]
	at org.testng.internal.invokers.TestInvoker.invokeMethod(TestInvoker.java:687) ~[testng-7.11.0.jar:7.11.0]
	at org.testng.internal.invokers.TestInvoker.retryFailed(TestInvoker.java:269) ~[testng-7.11.0.jar:7.11.0]
	at org.testng.internal.invokers.MethodRunner.runInSequence(MethodRunner.java:76) ~[testng-7.11.0.jar:7.11.0]
	at org.testng.internal.invokers.TestInvoker$MethodInvocationAgent.invoke(TestInvoker.java:995) ~[testng-7.11.0.jar:7.11.0]
	at org.testng.internal.invokers.TestInvoker.invokeTestMethods(TestInvoker.java:203) ~[testng-7.11.0.jar:7.11.0]
	at org.testng.internal.invokers.TestMethodWorker.invokeTestMethods(TestMethodWorker.java:154) ~[testng-7.11.0.jar:7.11.0]
	at org.testng.internal.invokers.TestMethodWorker.run(TestMethodWorker.java:134) ~[testng-7.11.0.jar:7.11.0]
	at java.base/java.util.ArrayList.forEach(ArrayList.java:1596) ~[?:?]
	at org.testng.TestRunner.privateRun(TestRunner.java:741) ~[testng-7.11.0.jar:7.11.0]
	at org.testng.TestRunner.run(TestRunner.java:616) ~[testng-7.11.0.jar:7.11.0]
	at org.testng.SuiteRunner.runTest(SuiteRunner.java:421) ~[testng-7.11.0.jar:7.11.0]
	at org.testng.SuiteRunner$SuiteWorker.run(SuiteRunner.java:463) ~[testng-7.11.0.jar:7.11.0]
	at org.testng.internal.thread.ThreadUtil.lambda$execute$0(ThreadUtil.java:64) ~[testng-7.11.0.jar:7.11.0]
	at java.base/java.util.concurrent.FutureTask.run(FutureTask.java:317) ~[?:?]
	at java.base/java.util.concurrent.ThreadPoolExecutor.runWorker(ThreadPoolExecutor.java:1144) ~[?:?]
	at java.base/java.util.concurrent.ThreadPoolExecutor$Worker.run(ThreadPoolExecutor.java:642) ~[?:?]
	at java.base/java.lang.Thread.run(Thread.java:1583) [?:?]
2025-05-21 19:55:50 WARN  RetryAnalyzer:18 - Retrying test 'testAddToWishlist' (2 of 2)
2025-05-21 19:55:50 INFO  TC05_AddToWishlist:22 - === Starting testAddToWishlist ===
2025-05-21 19:55:50 DEBUG TC05_AddToWishlist:27 - HomePage loaded
2025-05-21 19:55:50 DEBUG TC02_Login:41 - Clicked login button
2025-05-21 19:55:50 DEBUG TC05_AddToWishlist:30 - Clicked 'My Account'
2025-05-21 19:55:50 DEBUG TC02_Login:45 - Login message displayed: true
2025-05-21 19:55:50 INFO  TC02_Login:48 - Login successful for: nona@yahoo.com
2025-05-21 19:55:50 INFO  TC02_Login:25 - Starting testLogin with email: sid@cloudberry.services
2025-05-21 19:55:50 DEBUG TC02_Login:29 - HomePage initialized
2025-05-21 19:55:50 DEBUG TC02_Login:31 - Clicked MyAccount
2025-05-21 19:55:50 DEBUG TC02_Login:33 - Clicked Login
2025-05-21 19:55:50 DEBUG TC02_Login:37 - Entered email
2025-05-21 19:55:50 DEBUG TC02_Login:39 - Entered password
2025-05-21 19:55:50 DEBUG TC02_Login:41 - Clicked login button
2025-05-21 19:55:50 DEBUG TC02_Login:45 - Login message displayed: true
2025-05-21 19:55:50 INFO  TC02_Login:48 - Login successful for: sid@cloudberry.services
2025-05-21 19:55:51 INFO  TC02_Login:25 - Starting testLogin with email: apushedwoman@gmail.com
2025-05-21 19:55:51 DEBUG TC02_Login:29 - HomePage initialized
2025-05-21 19:55:51 DEBUG TC02_Login:31 - Clicked MyAccount
2025-05-21 19:55:51 DEBUG TC02_Login:33 - Clicked Login
2025-05-21 19:55:51 DEBUG TC02_Login:37 - Entered email
2025-05-21 19:55:51 DEBUG TC02_Login:39 - Entered password
2025-05-21 19:55:51 DEBUG TC02_Login:41 - Clicked login button
2025-05-21 19:55:51 DEBUG TC02_Login:45 - Login message displayed: true
2025-05-21 19:55:51 INFO  TC02_Login:48 - Login successful for: apushedwoman@gmail.com
2025-05-21 19:55:51 INFO  TC02_Login:25 - Starting testLogin with email: hichamkhachiai@gmail.com
2025-05-21 19:55:51 DEBUG TC02_Login:29 - HomePage initialized
2025-05-21 19:55:51 DEBUG TC02_Login:31 - Clicked MyAccount
2025-05-21 19:55:52 DEBUG TC02_Login:33 - Clicked Login
2025-05-21 19:55:52 DEBUG TC02_Login:37 - Entered email
2025-05-21 19:55:52 DEBUG TC02_Login:39 - Entered password
2025-05-21 19:55:52 DEBUG TC02_Login:41 - Clicked login button
2025-05-21 19:55:52 DEBUG TC02_Login:45 - Login message displayed: true
2025-05-21 19:55:52 INFO  TC02_Login:48 - Login successful for: hichamkhachiai@gmail.com
2025-05-21 19:55:52 INFO  BaseClass:139 - Browser session closed successfully
2025-05-21 19:55:52 INFO  BaseClass:44 - Initializing application on OS: windows and Browser: chrome
2025-05-21 19:55:52 DEBUG BaseClass:49 - Loaded configuration properties
2025-05-21 19:55:53 DEBUG BaseClass:119 - Driver assigned to thread-local storage
2025-05-21 19:55:54 INFO  BaseClass:126 - Application launched successfully: https://cloudberrystore.services/
2025-05-21 19:55:54 INFO  TC04_CompletePurchase:23 - Step 1: Starting testAddToCart
2025-05-21 19:55:54 DEBUG TC04_CompletePurchase:27 - Navigated to HomePage
2025-05-21 19:55:54 DEBUG TC04_CompletePurchase:30 - Clicked on 'Laptops'
2025-05-21 19:55:54 DEBUG TC04_CompletePurchase:33 - Clicked on 'Show All Laptops'
2025-05-21 19:55:55 DEBUG TC04_CompletePurchase:37 - Selected HP LP3065
2025-05-21 19:55:56 DEBUG TC04_CompletePurchase:41 - Entered delivery date
2025-05-21 19:55:56 DEBUG TC04_CompletePurchase:44 - Clicked on 'Add to Cart'
2025-05-21 19:55:56 DEBUG TC04_CompletePurchase:47 - Clicked on 'Checkout'
2025-05-21 19:55:56 INFO  BaseClass:139 - Browser session closed successfully
2025-05-21 19:55:59 ERROR TC03_AddToCart:51 - Unexpected exception during Add to Cart test
org.openqa.selenium.NoSuchElementException: Unable to locate element: //div[@class='alert alert-success alert-dismissible']
For documentation on this error, please visit: https://www.selenium.dev/documentation/webdriver/troubleshooting/errors#no-such-element-exception
Build info: version: '4.31.0', revision: '1ef9f18787*'
System info: os.name: 'Windows 11', os.arch: 'amd64', os.version: '10.0', java.version: '21.0.7'
Driver info: org.openqa.selenium.remote.RemoteWebDriver
Command: [5e8dac47-0e73-4acc-b89c-e2c1961b0c03, findElement {using=xpath, value=//div[@class='alert alert-success alert-dismissible']}]
Capabilities {acceptInsecureCerts: true, browserName: firefox, browserVersion: 138.0.4, moz:accessibilityChecks: false, moz:buildID: 20250517143237, moz:firefoxOptions: {binary: C:\Program Files\Mozilla Fi..., prefs: {remote.active-protocols: 3}}, moz:geckodriverVersion: 0.36.0, moz:headless: false, moz:platformVersion: 10.0, moz:processID: 25692, moz:profile: C:\Users\zhou_\AppData\Loca..., moz:shutdownTimeout: 60000, moz:webdriverClick: true, moz:windowless: false, pageLoadStrategy: normal, platformName: Windows 11, proxy: Proxy(), se:bidiEnabled: false, se:cdpEnabled: false, setWindowRect: true, strictFileInteractability: false, timeouts: {implicit: 0, pageLoad: 300000, script: 30000}, unhandledPromptBehavior: dismiss and notify, userAgent: Mozilla/5.0 (Windows NT 10....}
Session ID: 5e8dac47-0e73-4acc-b89c-e2c1961b0c03
	at java.base/jdk.internal.reflect.DirectConstructorHandleAccessor.newInstance(DirectConstructorHandleAccessor.java:62) ~[?:?]
	at java.base/java.lang.reflect.Constructor.newInstanceWithCaller(Constructor.java:502) ~[?:?]
	at java.base/java.lang.reflect.Constructor.newInstance(Constructor.java:486) ~[?:?]
	at org.openqa.selenium.remote.ErrorCodec.decode(ErrorCodec.java:167) ~[selenium-remote-driver-4.31.0.jar:?]
	at org.openqa.selenium.remote.codec.w3c.W3CHttpResponseCodec.decode(W3CHttpResponseCodec.java:138) ~[selenium-remote-driver-4.31.0.jar:?]
	at org.openqa.selenium.remote.codec.w3c.W3CHttpResponseCodec.decode(W3CHttpResponseCodec.java:50) ~[selenium-remote-driver-4.31.0.jar:?]
	at org.openqa.selenium.remote.HttpCommandExecutor.execute(HttpCommandExecutor.java:215) ~[selenium-remote-driver-4.31.0.jar:?]
	at org.openqa.selenium.remote.TracedCommandExecutor.execute(TracedCommandExecutor.java:53) ~[selenium-remote-driver-4.31.0.jar:?]
	at org.openqa.selenium.remote.RemoteWebDriver.execute(RemoteWebDriver.java:545) ~[selenium-remote-driver-4.31.0.jar:?]
	at org.openqa.selenium.remote.ElementLocation$ElementFinder$2.findElement(ElementLocation.java:165) ~[selenium-remote-driver-4.31.0.jar:?]
	at org.openqa.selenium.remote.ElementLocation.findElement(ElementLocation.java:59) ~[selenium-remote-driver-4.31.0.jar:?]
	at org.openqa.selenium.remote.RemoteWebDriver.findElement(RemoteWebDriver.java:368) ~[selenium-remote-driver-4.31.0.jar:?]
	at org.openqa.selenium.remote.RemoteWebDriver.findElement(RemoteWebDriver.java:362) ~[selenium-remote-driver-4.31.0.jar:?]
	at org.openqa.selenium.support.pagefactory.DefaultElementLocator.findElement(DefaultElementLocator.java:68) ~[selenium-support-4.31.0.jar:?]
	at org.openqa.selenium.support.pagefactory.internal.LocatingElementHandler.invoke(LocatingElementHandler.java:38) ~[selenium-support-4.31.0.jar:?]
	at jdk.proxy2/jdk.proxy2.$Proxy27.getText(Unknown Source) ~[?:?]
	at pageObjects.LP3065Page.getAddToCartMsg(LP3065Page.java:58) ~[test-classes/:?]
	at testCases.TC03_AddToCart.testAddToCart(TC03_AddToCart.java:41) ~[test-classes/:?]
	at java.base/jdk.internal.reflect.DirectMethodHandleAccessor.invoke(DirectMethodHandleAccessor.java:103) ~[?:?]
	at java.base/java.lang.reflect.Method.invoke(Method.java:580) ~[?:?]
	at org.testng.internal.invokers.MethodInvocationHelper.invokeMethod(MethodInvocationHelper.java:141) ~[testng-7.11.0.jar:7.11.0]
	at org.testng.internal.invokers.TestInvoker.invokeMethod(TestInvoker.java:687) ~[testng-7.11.0.jar:7.11.0]
	at org.testng.internal.invokers.TestInvoker.retryFailed(TestInvoker.java:269) ~[testng-7.11.0.jar:7.11.0]
	at org.testng.internal.invokers.MethodRunner.runInSequence(MethodRunner.java:76) ~[testng-7.11.0.jar:7.11.0]
	at org.testng.internal.invokers.TestInvoker$MethodInvocationAgent.invoke(TestInvoker.java:995) ~[testng-7.11.0.jar:7.11.0]
	at org.testng.internal.invokers.TestInvoker.invokeTestMethods(TestInvoker.java:203) ~[testng-7.11.0.jar:7.11.0]
	at org.testng.internal.invokers.TestMethodWorker.invokeTestMethods(TestMethodWorker.java:154) ~[testng-7.11.0.jar:7.11.0]
	at org.testng.internal.invokers.TestMethodWorker.run(TestMethodWorker.java:134) ~[testng-7.11.0.jar:7.11.0]
	at java.base/java.util.ArrayList.forEach(ArrayList.java:1596) ~[?:?]
	at org.testng.TestRunner.privateRun(TestRunner.java:741) ~[testng-7.11.0.jar:7.11.0]
	at org.testng.TestRunner.run(TestRunner.java:616) ~[testng-7.11.0.jar:7.11.0]
	at org.testng.SuiteRunner.runTest(SuiteRunner.java:421) ~[testng-7.11.0.jar:7.11.0]
	at org.testng.SuiteRunner$SuiteWorker.run(SuiteRunner.java:463) ~[testng-7.11.0.jar:7.11.0]
	at org.testng.internal.thread.ThreadUtil.lambda$execute$0(ThreadUtil.java:64) ~[testng-7.11.0.jar:7.11.0]
	at java.base/java.util.concurrent.FutureTask.run(FutureTask.java:317) ~[?:?]
	at java.base/java.util.concurrent.ThreadPoolExecutor.runWorker(ThreadPoolExecutor.java:1144) ~[?:?]
	at java.base/java.util.concurrent.ThreadPoolExecutor$Worker.run(ThreadPoolExecutor.java:642) ~[?:?]
	at java.base/java.lang.Thread.run(Thread.java:1583) [?:?]
2025-05-21 19:55:59 WARN  RetryAnalyzer:18 - Retrying test 'testAddToCart' (2 of 2)
2025-05-21 19:55:59 INFO  TC03_AddToCart:20 - Starting test: testAddToCart
2025-05-21 19:55:59 DEBUG TC03_AddToCart:24 - HomePage loaded
2025-05-21 19:55:59 DEBUG TC03_AddToCart:26 - Clicked on Laptops
2025-05-21 19:56:00 DEBUG TC03_AddToCart:28 - Clicked on Show All Laptops
2025-05-21 19:56:00 ERROR TC05_AddToWishlist:81 - Unexpected exception in testAddToWishlist
org.openqa.selenium.NoSuchElementException: no such element: Unable to locate element: {"method":"xpath","selector":"//a[normalize-space()='Login']"}
  (Session info: MicrosoftEdge=136.0.3240.76)
For documentation on this error, please visit: https://www.selenium.dev/documentation/webdriver/troubleshooting/errors#no-such-element-exception
Build info: version: '4.31.0', revision: '1ef9f18787*'
System info: os.name: 'Windows 11', os.arch: 'amd64', os.version: '10.0', java.version: '21.0.7'
Driver info: org.openqa.selenium.remote.RemoteWebDriver
Command: [1cf95b7e4ddad88993b774ce8962f138, findElement {using=xpath, value=//a[normalize-space()='Login']}]
Capabilities {acceptInsecureCerts: false, browserName: MicrosoftEdge, browserVersion: 136.0.3240.76, fedcm:accounts: true, ms:edgeOptions: {debuggerAddress: localhost:60636}, msedge: {msedgedriverVersion: 136.0.3240.76 (77e9ec69748f..., userDataDir: C:\Users\zhou_\AppData\Loca...}, networkConnectionEnabled: false, pageLoadStrategy: normal, platformName: Windows 11, proxy: Proxy(), se:bidiEnabled: false, se:cdp: ws://192.168.1.38:4444/sess..., se:cdpVersion: 136.0.3240.76, setWindowRect: true, strictFileInteractability: false, timeouts: {implicit: 0, pageLoad: 300000, script: 30000}, unhandledPromptBehavior: dismiss and notify, webauthn:extension:credBlob: true, webauthn:extension:largeBlob: true, webauthn:extension:minPinLength: true, webauthn:extension:prf: true, webauthn:virtualAuthenticators: true}
Session ID: 1cf95b7e4ddad88993b774ce8962f138
	at java.base/jdk.internal.reflect.DirectConstructorHandleAccessor.newInstance(DirectConstructorHandleAccessor.java:62) ~[?:?]
	at java.base/java.lang.reflect.Constructor.newInstanceWithCaller(Constructor.java:502) ~[?:?]
	at java.base/java.lang.reflect.Constructor.newInstance(Constructor.java:486) ~[?:?]
	at org.openqa.selenium.remote.ErrorCodec.decode(ErrorCodec.java:167) ~[selenium-remote-driver-4.31.0.jar:?]
	at org.openqa.selenium.remote.codec.w3c.W3CHttpResponseCodec.decode(W3CHttpResponseCodec.java:138) ~[selenium-remote-driver-4.31.0.jar:?]
	at org.openqa.selenium.remote.codec.w3c.W3CHttpResponseCodec.decode(W3CHttpResponseCodec.java:50) ~[selenium-remote-driver-4.31.0.jar:?]
	at org.openqa.selenium.remote.HttpCommandExecutor.execute(HttpCommandExecutor.java:215) ~[selenium-remote-driver-4.31.0.jar:?]
	at org.openqa.selenium.remote.TracedCommandExecutor.execute(TracedCommandExecutor.java:53) ~[selenium-remote-driver-4.31.0.jar:?]
	at org.openqa.selenium.remote.RemoteWebDriver.execute(RemoteWebDriver.java:545) ~[selenium-remote-driver-4.31.0.jar:?]
	at org.openqa.selenium.remote.ElementLocation$ElementFinder$2.findElement(ElementLocation.java:165) ~[selenium-remote-driver-4.31.0.jar:?]
	at org.openqa.selenium.remote.ElementLocation.findElement(ElementLocation.java:59) ~[selenium-remote-driver-4.31.0.jar:?]
	at org.openqa.selenium.remote.RemoteWebDriver.findElement(RemoteWebDriver.java:368) ~[selenium-remote-driver-4.31.0.jar:?]
	at org.openqa.selenium.remote.RemoteWebDriver.findElement(RemoteWebDriver.java:362) ~[selenium-remote-driver-4.31.0.jar:?]
	at org.openqa.selenium.support.pagefactory.DefaultElementLocator.findElement(DefaultElementLocator.java:68) ~[selenium-support-4.31.0.jar:?]
	at org.openqa.selenium.support.pagefactory.internal.LocatingElementHandler.invoke(LocatingElementHandler.java:38) ~[selenium-support-4.31.0.jar:?]
	at jdk.proxy2/jdk.proxy2.$Proxy27.click(Unknown Source) ~[?:?]
	at pageObjects.HomePage.clickLogin(HomePage.java:42) ~[test-classes/:?]
	at testCases.TC05_AddToWishlist.testAddToWishlist(TC05_AddToWishlist.java:32) ~[test-classes/:?]
	at java.base/jdk.internal.reflect.DirectMethodHandleAccessor.invoke(DirectMethodHandleAccessor.java:103) ~[?:?]
	at java.base/java.lang.reflect.Method.invoke(Method.java:580) ~[?:?]
	at org.testng.internal.invokers.MethodInvocationHelper.invokeMethod(MethodInvocationHelper.java:141) ~[testng-7.11.0.jar:7.11.0]
	at org.testng.internal.invokers.TestInvoker.invokeMethod(TestInvoker.java:687) ~[testng-7.11.0.jar:7.11.0]
	at org.testng.internal.invokers.TestInvoker.retryFailed(TestInvoker.java:269) ~[testng-7.11.0.jar:7.11.0]
	at org.testng.internal.invokers.MethodRunner.runInSequence(MethodRunner.java:76) ~[testng-7.11.0.jar:7.11.0]
	at org.testng.internal.invokers.TestInvoker$MethodInvocationAgent.invoke(TestInvoker.java:995) ~[testng-7.11.0.jar:7.11.0]
	at org.testng.internal.invokers.TestInvoker.invokeTestMethods(TestInvoker.java:203) ~[testng-7.11.0.jar:7.11.0]
	at org.testng.internal.invokers.TestMethodWorker.invokeTestMethods(TestMethodWorker.java:154) ~[testng-7.11.0.jar:7.11.0]
	at org.testng.internal.invokers.TestMethodWorker.run(TestMethodWorker.java:134) ~[testng-7.11.0.jar:7.11.0]
	at java.base/java.util.ArrayList.forEach(ArrayList.java:1596) ~[?:?]
	at org.testng.TestRunner.privateRun(TestRunner.java:741) ~[testng-7.11.0.jar:7.11.0]
	at org.testng.TestRunner.run(TestRunner.java:616) ~[testng-7.11.0.jar:7.11.0]
	at org.testng.SuiteRunner.runTest(SuiteRunner.java:421) ~[testng-7.11.0.jar:7.11.0]
	at org.testng.SuiteRunner$SuiteWorker.run(SuiteRunner.java:463) ~[testng-7.11.0.jar:7.11.0]
	at org.testng.internal.thread.ThreadUtil.lambda$execute$0(ThreadUtil.java:64) ~[testng-7.11.0.jar:7.11.0]
	at java.base/java.util.concurrent.FutureTask.run(FutureTask.java:317) ~[?:?]
	at java.base/java.util.concurrent.ThreadPoolExecutor.runWorker(ThreadPoolExecutor.java:1144) ~[?:?]
	at java.base/java.util.concurrent.ThreadPoolExecutor$Worker.run(ThreadPoolExecutor.java:642) ~[?:?]
	at java.base/java.lang.Thread.run(Thread.java:1583) [?:?]
2025-05-21 19:56:00 INFO  BaseClass:154 - Screenshot captured: C:\Workspace\test automation bootcamp\NinjaV6\screenshots\testAddToWishlist_20250521075600.png
2025-05-21 19:56:01 INFO  BaseClass:139 - Browser session closed successfully
2025-05-21 19:56:01 INFO  BaseClass:44 - Initializing application on OS: windows and Browser: edge
2025-05-21 19:56:01 DEBUG BaseClass:49 - Loaded configuration properties
2025-05-21 19:56:01 DEBUG TC03_AddToCart:32 - Clicked on HP LP3065 product
2025-05-21 19:56:01 DEBUG TC03_AddToCart:36 - Entered delivery date
2025-05-21 19:56:01 DEBUG TC03_AddToCart:39 - Clicked on Add to Cart
2025-05-21 19:56:02 DEBUG BaseClass:119 - Driver assigned to thread-local storage
2025-05-21 19:56:04 INFO  BaseClass:126 - Application launched successfully: https://cloudberrystore.services/
2025-05-21 19:56:04 INFO  TC01_LaunchApplication:18 - Starting test: testLaunchApplication
2025-05-21 19:56:04 DEBUG TC01_LaunchApplication:22 - HomePage object created
2025-05-21 19:56:04 DEBUG TC01_LaunchApplication:25 - Fetched page title: Your store of fun
2025-05-21 19:56:04 INFO  TC01_LaunchApplication:28 - Assertion passed: Title is as expected.
2025-05-21 19:56:05 INFO  BaseClass:139 - Browser session closed successfully
2025-05-21 19:56:05 INFO  BaseClass:44 - Initializing application on OS: windows and Browser: edge
2025-05-21 19:56:05 DEBUG BaseClass:49 - Loaded configuration properties
2025-05-21 19:56:05 DEBUG BaseClass:119 - Driver assigned to thread-local storage
2025-05-21 19:56:07 INFO  BaseClass:126 - Application launched successfully: https://cloudberrystore.services/
2025-05-21 19:56:07 DEBUG PackageRelationshipCollection:307 - Parsing relationship: /xl/_rels/workbook.xml.rels
2025-05-21 19:56:07 DEBUG PackageRelationshipCollection:307 - Parsing relationship: /xl/worksheets/_rels/sheet1.xml.rels
2025-05-21 19:56:07 DEBUG PackageRelationshipCollection:307 - Parsing relationship: /_rels/.rels
2025-05-21 19:56:07 DEBUG POIXMLFactory:65 - using default POIXMLDocumentPart for http://schemas.openxmlformats.org/officeDocument/2006/relationships/printerSettings
2025-05-21 19:56:07 DEBUG PackageRelationshipCollection:307 - Parsing relationship: /xl/_rels/workbook.xml.rels
2025-05-21 19:56:07 DEBUG PackageRelationshipCollection:307 - Parsing relationship: /xl/worksheets/_rels/sheet1.xml.rels
2025-05-21 19:56:07 DEBUG PackageRelationshipCollection:307 - Parsing relationship: /_rels/.rels
2025-05-21 19:56:07 DEBUG POIXMLFactory:65 - using default POIXMLDocumentPart for http://schemas.openxmlformats.org/officeDocument/2006/relationships/printerSettings
2025-05-21 19:56:07 DEBUG PackageRelationshipCollection:307 - Parsing relationship: /xl/_rels/workbook.xml.rels
2025-05-21 19:56:07 DEBUG PackageRelationshipCollection:307 - Parsing relationship: /xl/worksheets/_rels/sheet1.xml.rels
2025-05-21 19:56:07 DEBUG PackageRelationshipCollection:307 - Parsing relationship: /_rels/.rels
2025-05-21 19:56:07 DEBUG POIXMLFactory:65 - using default POIXMLDocumentPart for http://schemas.openxmlformats.org/officeDocument/2006/relationships/printerSettings
2025-05-21 19:56:07 DEBUG PackageRelationshipCollection:307 - Parsing relationship: /xl/_rels/workbook.xml.rels
2025-05-21 19:56:07 DEBUG PackageRelationshipCollection:307 - Parsing relationship: /xl/worksheets/_rels/sheet1.xml.rels
2025-05-21 19:56:07 DEBUG PackageRelationshipCollection:307 - Parsing relationship: /_rels/.rels
2025-05-21 19:56:07 DEBUG POIXMLFactory:65 - using default POIXMLDocumentPart for http://schemas.openxmlformats.org/officeDocument/2006/relationships/printerSettings
2025-05-21 19:56:07 DEBUG PackageRelationshipCollection:307 - Parsing relationship: /xl/_rels/workbook.xml.rels
2025-05-21 19:56:07 DEBUG PackageRelationshipCollection:307 - Parsing relationship: /xl/worksheets/_rels/sheet1.xml.rels
2025-05-21 19:56:07 DEBUG PackageRelationshipCollection:307 - Parsing relationship: /_rels/.rels
2025-05-21 19:56:07 DEBUG POIXMLFactory:65 - using default POIXMLDocumentPart for http://schemas.openxmlformats.org/officeDocument/2006/relationships/printerSettings
2025-05-21 19:56:07 DEBUG PackageRelationshipCollection:307 - Parsing relationship: /xl/_rels/workbook.xml.rels
2025-05-21 19:56:07 DEBUG PackageRelationshipCollection:307 - Parsing relationship: /xl/worksheets/_rels/sheet1.xml.rels
2025-05-21 19:56:07 DEBUG PackageRelationshipCollection:307 - Parsing relationship: /_rels/.rels
2025-05-21 19:56:07 DEBUG POIXMLFactory:65 - using default POIXMLDocumentPart for http://schemas.openxmlformats.org/officeDocument/2006/relationships/printerSettings
2025-05-21 19:56:07 DEBUG PackageRelationshipCollection:307 - Parsing relationship: /xl/_rels/workbook.xml.rels
2025-05-21 19:56:07 DEBUG PackageRelationshipCollection:307 - Parsing relationship: /xl/worksheets/_rels/sheet1.xml.rels
2025-05-21 19:56:07 DEBUG PackageRelationshipCollection:307 - Parsing relationship: /_rels/.rels
2025-05-21 19:56:07 DEBUG POIXMLFactory:65 - using default POIXMLDocumentPart for http://schemas.openxmlformats.org/officeDocument/2006/relationships/printerSettings
2025-05-21 19:56:07 DEBUG PackageRelationshipCollection:307 - Parsing relationship: /xl/_rels/workbook.xml.rels
2025-05-21 19:56:07 DEBUG PackageRelationshipCollection:307 - Parsing relationship: /xl/worksheets/_rels/sheet1.xml.rels
2025-05-21 19:56:07 DEBUG PackageRelationshipCollection:307 - Parsing relationship: /_rels/.rels
2025-05-21 19:56:07 DEBUG POIXMLFactory:65 - using default POIXMLDocumentPart for http://schemas.openxmlformats.org/officeDocument/2006/relationships/printerSettings
2025-05-21 19:56:07 DEBUG PackageRelationshipCollection:307 - Parsing relationship: /xl/_rels/workbook.xml.rels
2025-05-21 19:56:07 DEBUG PackageRelationshipCollection:307 - Parsing relationship: /xl/worksheets/_rels/sheet1.xml.rels
2025-05-21 19:56:07 DEBUG PackageRelationshipCollection:307 - Parsing relationship: /_rels/.rels
2025-05-21 19:56:07 DEBUG POIXMLFactory:65 - using default POIXMLDocumentPart for http://schemas.openxmlformats.org/officeDocument/2006/relationships/printerSettings
2025-05-21 19:56:07 DEBUG PackageRelationshipCollection:307 - Parsing relationship: /xl/_rels/workbook.xml.rels
2025-05-21 19:56:07 DEBUG PackageRelationshipCollection:307 - Parsing relationship: /xl/worksheets/_rels/sheet1.xml.rels
2025-05-21 19:56:07 DEBUG PackageRelationshipCollection:307 - Parsing relationship: /_rels/.rels
2025-05-21 19:56:07 DEBUG POIXMLFactory:65 - using default POIXMLDocumentPart for http://schemas.openxmlformats.org/officeDocument/2006/relationships/printerSettings
2025-05-21 19:56:07 DEBUG PackageRelationshipCollection:307 - Parsing relationship: /xl/_rels/workbook.xml.rels
2025-05-21 19:56:07 DEBUG PackageRelationshipCollection:307 - Parsing relationship: /xl/worksheets/_rels/sheet1.xml.rels
2025-05-21 19:56:07 DEBUG PackageRelationshipCollection:307 - Parsing relationship: /_rels/.rels
2025-05-21 19:56:07 DEBUG POIXMLFactory:65 - using default POIXMLDocumentPart for http://schemas.openxmlformats.org/officeDocument/2006/relationships/printerSettings
2025-05-21 19:56:07 DEBUG PackageRelationshipCollection:307 - Parsing relationship: /xl/_rels/workbook.xml.rels
2025-05-21 19:56:07 DEBUG PackageRelationshipCollection:307 - Parsing relationship: /xl/worksheets/_rels/sheet1.xml.rels
2025-05-21 19:56:07 DEBUG PackageRelationshipCollection:307 - Parsing relationship: /_rels/.rels
2025-05-21 19:56:07 DEBUG POIXMLFactory:65 - using default POIXMLDocumentPart for http://schemas.openxmlformats.org/officeDocument/2006/relationships/printerSettings
2025-05-21 19:56:07 INFO  TC02_Login:25 - Starting testLogin with email: smitasharma.qa@gmail.com
2025-05-21 19:56:07 DEBUG TC02_Login:29 - HomePage initialized
2025-05-21 19:56:07 DEBUG TC02_Login:31 - Clicked MyAccount
2025-05-21 19:56:07 DEBUG TC02_Login:33 - Clicked Login
2025-05-21 19:56:07 DEBUG TC02_Login:37 - Entered email
2025-05-21 19:56:07 DEBUG TC02_Login:39 - Entered password
2025-05-21 19:56:07 DEBUG TC02_Login:41 - Clicked login button
2025-05-21 19:56:07 DEBUG TC02_Login:45 - Login message displayed: true
2025-05-21 19:56:07 INFO  TC02_Login:48 - Login successful for: smitasharma.qa@gmail.com
2025-05-21 19:56:08 INFO  TC02_Login:25 - Starting testLogin with email: nona@yahoo.com
2025-05-21 19:56:08 DEBUG TC02_Login:29 - HomePage initialized
2025-05-21 19:56:08 DEBUG TC02_Login:31 - Clicked MyAccount
2025-05-21 19:56:08 DEBUG TC02_Login:33 - Clicked Login
2025-05-21 19:56:08 DEBUG TC02_Login:37 - Entered email
2025-05-21 19:56:08 DEBUG TC02_Login:39 - Entered password
2025-05-21 19:56:08 DEBUG TC02_Login:41 - Clicked login button
2025-05-21 19:56:08 DEBUG TC02_Login:45 - Login message displayed: true
2025-05-21 19:56:08 INFO  TC02_Login:48 - Login successful for: nona@yahoo.com
2025-05-21 19:56:08 INFO  TC02_Login:25 - Starting testLogin with email: sid@cloudberry.services
2025-05-21 19:56:08 DEBUG TC02_Login:29 - HomePage initialized
2025-05-21 19:56:08 DEBUG TC02_Login:31 - Clicked MyAccount
2025-05-21 19:56:08 DEBUG TC02_Login:33 - Clicked Login
2025-05-21 19:56:08 DEBUG TC02_Login:37 - Entered email
2025-05-21 19:56:08 DEBUG TC02_Login:39 - Entered password
2025-05-21 19:56:08 DEBUG TC02_Login:41 - Clicked login button
2025-05-21 19:56:09 DEBUG TC02_Login:45 - Login message displayed: true
2025-05-21 19:56:09 INFO  TC02_Login:48 - Login successful for: sid@cloudberry.services
2025-05-21 19:56:09 INFO  TC02_Login:25 - Starting testLogin with email: apushedwoman@gmail.com
2025-05-21 19:56:09 DEBUG TC02_Login:29 - HomePage initialized
2025-05-21 19:56:09 DEBUG TC02_Login:31 - Clicked MyAccount
2025-05-21 19:56:09 DEBUG TC02_Login:33 - Clicked Login
2025-05-21 19:56:09 DEBUG TC02_Login:37 - Entered email
2025-05-21 19:56:09 DEBUG TC02_Login:39 - Entered password
2025-05-21 19:56:09 DEBUG TC02_Login:41 - Clicked login button
2025-05-21 19:56:09 DEBUG TC02_Login:45 - Login message displayed: true
2025-05-21 19:56:09 INFO  TC02_Login:48 - Login successful for: apushedwoman@gmail.com
2025-05-21 19:56:09 INFO  TC02_Login:25 - Starting testLogin with email: hichamkhachiai@gmail.com
2025-05-21 19:56:09 DEBUG TC02_Login:29 - HomePage initialized
2025-05-21 19:56:09 DEBUG TC02_Login:31 - Clicked MyAccount
2025-05-21 19:56:09 DEBUG TC02_Login:33 - Clicked Login
2025-05-21 19:56:09 DEBUG TC02_Login:37 - Entered email
2025-05-21 19:56:09 DEBUG TC02_Login:39 - Entered password
2025-05-21 19:56:09 DEBUG TC02_Login:41 - Clicked login button
2025-05-21 19:56:10 DEBUG TC02_Login:45 - Login message displayed: true
2025-05-21 19:56:10 INFO  TC02_Login:48 - Login successful for: hichamkhachiai@gmail.com
2025-05-21 19:56:11 INFO  BaseClass:139 - Browser session closed successfully
2025-05-21 19:56:11 INFO  BaseClass:44 - Initializing application on OS: windows and Browser: edge
2025-05-21 19:56:11 DEBUG BaseClass:49 - Loaded configuration properties
2025-05-21 19:56:11 ERROR TC03_AddToCart:51 - Unexpected exception during Add to Cart test
org.openqa.selenium.NoSuchElementException: Unable to locate element: //div[@class='alert alert-success alert-dismissible']
For documentation on this error, please visit: https://www.selenium.dev/documentation/webdriver/troubleshooting/errors#no-such-element-exception
Build info: version: '4.31.0', revision: '1ef9f18787*'
System info: os.name: 'Windows 11', os.arch: 'amd64', os.version: '10.0', java.version: '21.0.7'
Driver info: org.openqa.selenium.remote.RemoteWebDriver
Command: [5e8dac47-0e73-4acc-b89c-e2c1961b0c03, findElement {using=xpath, value=//div[@class='alert alert-success alert-dismissible']}]
Capabilities {acceptInsecureCerts: true, browserName: firefox, browserVersion: 138.0.4, moz:accessibilityChecks: false, moz:buildID: 20250517143237, moz:firefoxOptions: {binary: C:\Program Files\Mozilla Fi..., prefs: {remote.active-protocols: 3}}, moz:geckodriverVersion: 0.36.0, moz:headless: false, moz:platformVersion: 10.0, moz:processID: 25692, moz:profile: C:\Users\zhou_\AppData\Loca..., moz:shutdownTimeout: 60000, moz:webdriverClick: true, moz:windowless: false, pageLoadStrategy: normal, platformName: Windows 11, proxy: Proxy(), se:bidiEnabled: false, se:cdpEnabled: false, setWindowRect: true, strictFileInteractability: false, timeouts: {implicit: 0, pageLoad: 300000, script: 30000}, unhandledPromptBehavior: dismiss and notify, userAgent: Mozilla/5.0 (Windows NT 10....}
Session ID: 5e8dac47-0e73-4acc-b89c-e2c1961b0c03
	at java.base/jdk.internal.reflect.DirectConstructorHandleAccessor.newInstance(DirectConstructorHandleAccessor.java:62) ~[?:?]
	at java.base/java.lang.reflect.Constructor.newInstanceWithCaller(Constructor.java:502) ~[?:?]
	at java.base/java.lang.reflect.Constructor.newInstance(Constructor.java:486) ~[?:?]
	at org.openqa.selenium.remote.ErrorCodec.decode(ErrorCodec.java:167) ~[selenium-remote-driver-4.31.0.jar:?]
	at org.openqa.selenium.remote.codec.w3c.W3CHttpResponseCodec.decode(W3CHttpResponseCodec.java:138) ~[selenium-remote-driver-4.31.0.jar:?]
	at org.openqa.selenium.remote.codec.w3c.W3CHttpResponseCodec.decode(W3CHttpResponseCodec.java:50) ~[selenium-remote-driver-4.31.0.jar:?]
	at org.openqa.selenium.remote.HttpCommandExecutor.execute(HttpCommandExecutor.java:215) ~[selenium-remote-driver-4.31.0.jar:?]
	at org.openqa.selenium.remote.TracedCommandExecutor.execute(TracedCommandExecutor.java:53) ~[selenium-remote-driver-4.31.0.jar:?]
	at org.openqa.selenium.remote.RemoteWebDriver.execute(RemoteWebDriver.java:545) ~[selenium-remote-driver-4.31.0.jar:?]
	at org.openqa.selenium.remote.ElementLocation$ElementFinder$2.findElement(ElementLocation.java:165) ~[selenium-remote-driver-4.31.0.jar:?]
	at org.openqa.selenium.remote.ElementLocation.findElement(ElementLocation.java:59) ~[selenium-remote-driver-4.31.0.jar:?]
	at org.openqa.selenium.remote.RemoteWebDriver.findElement(RemoteWebDriver.java:368) ~[selenium-remote-driver-4.31.0.jar:?]
	at org.openqa.selenium.remote.RemoteWebDriver.findElement(RemoteWebDriver.java:362) ~[selenium-remote-driver-4.31.0.jar:?]
	at org.openqa.selenium.support.pagefactory.DefaultElementLocator.findElement(DefaultElementLocator.java:68) ~[selenium-support-4.31.0.jar:?]
	at org.openqa.selenium.support.pagefactory.internal.LocatingElementHandler.invoke(LocatingElementHandler.java:38) ~[selenium-support-4.31.0.jar:?]
	at jdk.proxy2/jdk.proxy2.$Proxy27.getText(Unknown Source) ~[?:?]
	at pageObjects.LP3065Page.getAddToCartMsg(LP3065Page.java:58) ~[test-classes/:?]
	at testCases.TC03_AddToCart.testAddToCart(TC03_AddToCart.java:41) ~[test-classes/:?]
	at java.base/jdk.internal.reflect.DirectMethodHandleAccessor.invoke(DirectMethodHandleAccessor.java:103) ~[?:?]
	at java.base/java.lang.reflect.Method.invoke(Method.java:580) ~[?:?]
	at org.testng.internal.invokers.MethodInvocationHelper.invokeMethod(MethodInvocationHelper.java:141) ~[testng-7.11.0.jar:7.11.0]
	at org.testng.internal.invokers.TestInvoker.invokeMethod(TestInvoker.java:687) ~[testng-7.11.0.jar:7.11.0]
	at org.testng.internal.invokers.TestInvoker.retryFailed(TestInvoker.java:269) ~[testng-7.11.0.jar:7.11.0]
	at org.testng.internal.invokers.MethodRunner.runInSequence(MethodRunner.java:76) ~[testng-7.11.0.jar:7.11.0]
	at org.testng.internal.invokers.TestInvoker$MethodInvocationAgent.invoke(TestInvoker.java:995) ~[testng-7.11.0.jar:7.11.0]
	at org.testng.internal.invokers.TestInvoker.invokeTestMethods(TestInvoker.java:203) ~[testng-7.11.0.jar:7.11.0]
	at org.testng.internal.invokers.TestMethodWorker.invokeTestMethods(TestMethodWorker.java:154) ~[testng-7.11.0.jar:7.11.0]
	at org.testng.internal.invokers.TestMethodWorker.run(TestMethodWorker.java:134) ~[testng-7.11.0.jar:7.11.0]
	at java.base/java.util.ArrayList.forEach(ArrayList.java:1596) ~[?:?]
	at org.testng.TestRunner.privateRun(TestRunner.java:741) ~[testng-7.11.0.jar:7.11.0]
	at org.testng.TestRunner.run(TestRunner.java:616) ~[testng-7.11.0.jar:7.11.0]
	at org.testng.SuiteRunner.runTest(SuiteRunner.java:421) ~[testng-7.11.0.jar:7.11.0]
	at org.testng.SuiteRunner$SuiteWorker.run(SuiteRunner.java:463) ~[testng-7.11.0.jar:7.11.0]
	at org.testng.internal.thread.ThreadUtil.lambda$execute$0(ThreadUtil.java:64) ~[testng-7.11.0.jar:7.11.0]
	at java.base/java.util.concurrent.FutureTask.run(FutureTask.java:317) ~[?:?]
	at java.base/java.util.concurrent.ThreadPoolExecutor.runWorker(ThreadPoolExecutor.java:1144) ~[?:?]
	at java.base/java.util.concurrent.ThreadPoolExecutor$Worker.run(ThreadPoolExecutor.java:642) ~[?:?]
	at java.base/java.lang.Thread.run(Thread.java:1583) [?:?]
2025-05-21 19:56:12 INFO  BaseClass:154 - Screenshot captured: C:\Workspace\test automation bootcamp\NinjaV6\screenshots\testAddToCart_20250521075611.png
2025-05-21 19:56:12 DEBUG BaseClass:119 - Driver assigned to thread-local storage
2025-05-21 19:56:12 INFO  BaseClass:139 - Browser session closed successfully
2025-05-21 19:56:12 INFO  BaseClass:44 - Initializing application on OS: windows and Browser: firefox
2025-05-21 19:56:12 DEBUG BaseClass:49 - Loaded configuration properties
2025-05-21 19:56:12 INFO  BaseClass:126 - Application launched successfully: https://cloudberrystore.services/
2025-05-21 19:56:12 INFO  TC04_CompletePurchase:23 - Step 1: Starting testAddToCart
2025-05-21 19:56:12 DEBUG TC04_CompletePurchase:27 - Navigated to HomePage
2025-05-21 19:56:12 DEBUG TC04_CompletePurchase:30 - Clicked on 'Laptops'
2025-05-21 19:56:13 DEBUG TC04_CompletePurchase:33 - Clicked on 'Show All Laptops'
2025-05-21 19:56:14 DEBUG BaseClass:119 - Driver assigned to thread-local storage
2025-05-21 19:56:14 INFO  BaseClass:126 - Application launched successfully: https://cloudberrystore.services/
2025-05-21 19:56:14 INFO  TC05_AddToWishlist:22 - === Starting testAddToWishlist ===
2025-05-21 19:56:14 DEBUG TC05_AddToWishlist:27 - HomePage loaded
2025-05-21 19:56:15 DEBUG TC04_CompletePurchase:37 - Selected HP LP3065
2025-05-21 19:56:15 DEBUG TC05_AddToWishlist:30 - Clicked 'My Account'
2025-05-21 19:56:15 DEBUG TC04_CompletePurchase:41 - Entered delivery date
2025-05-21 19:56:15 DEBUG TC04_CompletePurchase:44 - Clicked on 'Add to Cart'
2025-05-21 19:56:15 DEBUG TC05_AddToWishlist:33 - Clicked 'Login'
2025-05-21 19:56:15 DEBUG TC05_AddToWishlist:37 - Entered email
2025-05-21 19:56:15 DEBUG TC05_AddToWishlist:40 - Entered password
2025-05-21 19:56:15 DEBUG TC04_CompletePurchase:47 - Clicked on 'Checkout'
2025-05-21 19:56:15 DEBUG TC05_AddToWishlist:43 - Clicked login button
2025-05-21 19:56:16 DEBUG TC05_AddToWishlist:48 - Navigated to Home Page after login
2025-05-21 19:56:16 DEBUG TC05_AddToWishlist:51 - Clicked 'Laptops'
2025-05-21 19:56:16 DEBUG TC05_AddToWishlist:54 - Clicked 'Show All Laptops'
2025-05-21 19:56:16 INFO  BaseClass:139 - Browser session closed successfully
2025-05-21 19:56:18 DEBUG TC05_AddToWishlist:58 - Selected HP LP3065 product
2025-05-21 19:56:18 DEBUG TC05_AddToWishlist:63 - Clicked 'Add to Wishlist'
2025-05-21 19:56:18 DEBUG TC05_AddToWishlist:66 - Wishlist message: Success: You have added HP LP3065 to your wish list!
2025-05-21 19:56:18 INFO  TC05_AddToWishlist:70 - Wishlist success message displayed
2025-05-21 19:56:18 INFO  BaseClass:139 - Browser session closed successfully
2025-05-21 19:56:18 INFO  BaseClass:44 - Initializing application on OS: windows and Browser: firefox
2025-05-21 19:56:18 DEBUG BaseClass:49 - Loaded configuration properties
2025-05-21 19:56:20 DEBUG BaseClass:119 - Driver assigned to thread-local storage
2025-05-21 19:56:21 INFO  BaseClass:126 - Application launched successfully: https://cloudberrystore.services/
2025-05-21 19:56:21 INFO  TC01_LaunchApplication:18 - Starting test: testLaunchApplication
2025-05-21 19:56:21 DEBUG TC01_LaunchApplication:22 - HomePage object created
2025-05-21 19:56:21 DEBUG TC01_LaunchApplication:25 - Fetched page title: Your store of fun
2025-05-21 19:56:21 INFO  TC01_LaunchApplication:28 - Assertion passed: Title is as expected.
2025-05-21 19:56:22 INFO  BaseClass:139 - Browser session closed successfully
2025-05-21 19:56:22 INFO  BaseClass:44 - Initializing application on OS: windows and Browser: firefox
2025-05-21 19:56:22 DEBUG BaseClass:49 - Loaded configuration properties
2025-05-21 19:56:23 DEBUG BaseClass:119 - Driver assigned to thread-local storage
2025-05-21 19:56:24 INFO  BaseClass:126 - Application launched successfully: https://cloudberrystore.services/
2025-05-21 19:56:24 DEBUG PackageRelationshipCollection:307 - Parsing relationship: /xl/_rels/workbook.xml.rels
2025-05-21 19:56:24 DEBUG PackageRelationshipCollection:307 - Parsing relationship: /xl/worksheets/_rels/sheet1.xml.rels
2025-05-21 19:56:24 DEBUG PackageRelationshipCollection:307 - Parsing relationship: /_rels/.rels
2025-05-21 19:56:24 DEBUG POIXMLFactory:65 - using default POIXMLDocumentPart for http://schemas.openxmlformats.org/officeDocument/2006/relationships/printerSettings
2025-05-21 19:56:24 DEBUG PackageRelationshipCollection:307 - Parsing relationship: /xl/_rels/workbook.xml.rels
2025-05-21 19:56:24 DEBUG PackageRelationshipCollection:307 - Parsing relationship: /xl/worksheets/_rels/sheet1.xml.rels
2025-05-21 19:56:24 DEBUG PackageRelationshipCollection:307 - Parsing relationship: /_rels/.rels
2025-05-21 19:56:24 DEBUG POIXMLFactory:65 - using default POIXMLDocumentPart for http://schemas.openxmlformats.org/officeDocument/2006/relationships/printerSettings
2025-05-21 19:56:24 DEBUG PackageRelationshipCollection:307 - Parsing relationship: /xl/_rels/workbook.xml.rels
2025-05-21 19:56:24 DEBUG PackageRelationshipCollection:307 - Parsing relationship: /xl/worksheets/_rels/sheet1.xml.rels
2025-05-21 19:56:24 DEBUG PackageRelationshipCollection:307 - Parsing relationship: /_rels/.rels
2025-05-21 19:56:24 DEBUG POIXMLFactory:65 - using default POIXMLDocumentPart for http://schemas.openxmlformats.org/officeDocument/2006/relationships/printerSettings
2025-05-21 19:56:24 DEBUG PackageRelationshipCollection:307 - Parsing relationship: /xl/_rels/workbook.xml.rels
2025-05-21 19:56:24 DEBUG PackageRelationshipCollection:307 - Parsing relationship: /xl/worksheets/_rels/sheet1.xml.rels
2025-05-21 19:56:24 DEBUG PackageRelationshipCollection:307 - Parsing relationship: /_rels/.rels
2025-05-21 19:56:24 DEBUG POIXMLFactory:65 - using default POIXMLDocumentPart for http://schemas.openxmlformats.org/officeDocument/2006/relationships/printerSettings
2025-05-21 19:56:24 DEBUG PackageRelationshipCollection:307 - Parsing relationship: /xl/_rels/workbook.xml.rels
2025-05-21 19:56:24 DEBUG PackageRelationshipCollection:307 - Parsing relationship: /xl/worksheets/_rels/sheet1.xml.rels
2025-05-21 19:56:24 DEBUG PackageRelationshipCollection:307 - Parsing relationship: /_rels/.rels
2025-05-21 19:56:24 DEBUG POIXMLFactory:65 - using default POIXMLDocumentPart for http://schemas.openxmlformats.org/officeDocument/2006/relationships/printerSettings
2025-05-21 19:56:24 DEBUG PackageRelationshipCollection:307 - Parsing relationship: /xl/_rels/workbook.xml.rels
2025-05-21 19:56:24 DEBUG PackageRelationshipCollection:307 - Parsing relationship: /xl/worksheets/_rels/sheet1.xml.rels
2025-05-21 19:56:24 DEBUG PackageRelationshipCollection:307 - Parsing relationship: /_rels/.rels
2025-05-21 19:56:24 DEBUG POIXMLFactory:65 - using default POIXMLDocumentPart for http://schemas.openxmlformats.org/officeDocument/2006/relationships/printerSettings
2025-05-21 19:56:24 DEBUG PackageRelationshipCollection:307 - Parsing relationship: /xl/_rels/workbook.xml.rels
2025-05-21 19:56:24 DEBUG PackageRelationshipCollection:307 - Parsing relationship: /xl/worksheets/_rels/sheet1.xml.rels
2025-05-21 19:56:24 DEBUG PackageRelationshipCollection:307 - Parsing relationship: /_rels/.rels
2025-05-21 19:56:24 DEBUG POIXMLFactory:65 - using default POIXMLDocumentPart for http://schemas.openxmlformats.org/officeDocument/2006/relationships/printerSettings
2025-05-21 19:56:24 DEBUG PackageRelationshipCollection:307 - Parsing relationship: /xl/_rels/workbook.xml.rels
2025-05-21 19:56:24 DEBUG PackageRelationshipCollection:307 - Parsing relationship: /xl/worksheets/_rels/sheet1.xml.rels
2025-05-21 19:56:24 DEBUG PackageRelationshipCollection:307 - Parsing relationship: /_rels/.rels
2025-05-21 19:56:24 DEBUG POIXMLFactory:65 - using default POIXMLDocumentPart for http://schemas.openxmlformats.org/officeDocument/2006/relationships/printerSettings
2025-05-21 19:56:24 DEBUG PackageRelationshipCollection:307 - Parsing relationship: /xl/_rels/workbook.xml.rels
2025-05-21 19:56:24 DEBUG PackageRelationshipCollection:307 - Parsing relationship: /xl/worksheets/_rels/sheet1.xml.rels
2025-05-21 19:56:24 DEBUG PackageRelationshipCollection:307 - Parsing relationship: /_rels/.rels
2025-05-21 19:56:24 DEBUG POIXMLFactory:65 - using default POIXMLDocumentPart for http://schemas.openxmlformats.org/officeDocument/2006/relationships/printerSettings
2025-05-21 19:56:24 DEBUG PackageRelationshipCollection:307 - Parsing relationship: /xl/_rels/workbook.xml.rels
2025-05-21 19:56:24 DEBUG PackageRelationshipCollection:307 - Parsing relationship: /xl/worksheets/_rels/sheet1.xml.rels
2025-05-21 19:56:24 DEBUG PackageRelationshipCollection:307 - Parsing relationship: /_rels/.rels
2025-05-21 19:56:24 DEBUG POIXMLFactory:65 - using default POIXMLDocumentPart for http://schemas.openxmlformats.org/officeDocument/2006/relationships/printerSettings
2025-05-21 19:56:24 DEBUG PackageRelationshipCollection:307 - Parsing relationship: /xl/_rels/workbook.xml.rels
2025-05-21 19:56:24 DEBUG PackageRelationshipCollection:307 - Parsing relationship: /xl/worksheets/_rels/sheet1.xml.rels
2025-05-21 19:56:24 DEBUG PackageRelationshipCollection:307 - Parsing relationship: /_rels/.rels
2025-05-21 19:56:24 DEBUG POIXMLFactory:65 - using default POIXMLDocumentPart for http://schemas.openxmlformats.org/officeDocument/2006/relationships/printerSettings
2025-05-21 19:56:24 DEBUG PackageRelationshipCollection:307 - Parsing relationship: /xl/_rels/workbook.xml.rels
2025-05-21 19:56:24 DEBUG PackageRelationshipCollection:307 - Parsing relationship: /xl/worksheets/_rels/sheet1.xml.rels
2025-05-21 19:56:24 DEBUG PackageRelationshipCollection:307 - Parsing relationship: /_rels/.rels
2025-05-21 19:56:24 DEBUG POIXMLFactory:65 - using default POIXMLDocumentPart for http://schemas.openxmlformats.org/officeDocument/2006/relationships/printerSettings
2025-05-21 19:56:24 INFO  TC02_Login:25 - Starting testLogin with email: smitasharma.qa@gmail.com
2025-05-21 19:56:24 DEBUG TC02_Login:29 - HomePage initialized
2025-05-21 19:56:24 DEBUG TC02_Login:31 - Clicked MyAccount
2025-05-21 19:56:24 DEBUG TC02_Login:33 - Clicked Login
2025-05-21 19:56:25 DEBUG TC02_Login:37 - Entered email
2025-05-21 19:56:25 DEBUG TC02_Login:39 - Entered password
2025-05-21 19:56:25 DEBUG TC02_Login:41 - Clicked login button
2025-05-21 19:56:25 DEBUG TC02_Login:45 - Login message displayed: true
2025-05-21 19:56:25 INFO  TC02_Login:48 - Login successful for: smitasharma.qa@gmail.com
2025-05-21 19:56:25 INFO  TC02_Login:25 - Starting testLogin with email: nona@yahoo.com
2025-05-21 19:56:25 DEBUG TC02_Login:29 - HomePage initialized
2025-05-21 19:56:25 DEBUG TC02_Login:31 - Clicked MyAccount
2025-05-21 19:56:26 DEBUG TC02_Login:33 - Clicked Login
2025-05-21 19:56:26 DEBUG TC02_Login:37 - Entered email
2025-05-21 19:56:26 DEBUG TC02_Login:39 - Entered password
2025-05-21 19:56:26 DEBUG TC02_Login:41 - Clicked login button
2025-05-21 19:56:26 DEBUG TC02_Login:45 - Login message displayed: true
2025-05-21 19:56:26 INFO  TC02_Login:48 - Login successful for: nona@yahoo.com
2025-05-21 19:56:26 INFO  TC02_Login:25 - Starting testLogin with email: sid@cloudberry.services
2025-05-21 19:56:26 DEBUG TC02_Login:29 - HomePage initialized
2025-05-21 19:56:26 DEBUG TC02_Login:31 - Clicked MyAccount
2025-05-21 19:56:26 DEBUG TC02_Login:33 - Clicked Login
2025-05-21 19:56:26 DEBUG TC02_Login:37 - Entered email
2025-05-21 19:56:26 DEBUG TC02_Login:39 - Entered password
2025-05-21 19:56:27 DEBUG TC02_Login:41 - Clicked login button
2025-05-21 19:56:27 DEBUG TC02_Login:45 - Login message displayed: true
2025-05-21 19:56:27 INFO  TC02_Login:48 - Login successful for: sid@cloudberry.services
2025-05-21 19:56:27 INFO  TC02_Login:25 - Starting testLogin with email: apushedwoman@gmail.com
2025-05-21 19:56:27 DEBUG TC02_Login:29 - HomePage initialized
2025-05-21 19:56:27 DEBUG TC02_Login:31 - Clicked MyAccount
2025-05-21 19:56:27 DEBUG TC02_Login:33 - Clicked Login
2025-05-21 19:56:27 DEBUG TC02_Login:37 - Entered email
2025-05-21 19:56:27 DEBUG TC02_Login:39 - Entered password
2025-05-21 19:56:27 DEBUG TC02_Login:41 - Clicked login button
2025-05-21 19:56:27 DEBUG TC02_Login:45 - Login message displayed: true
2025-05-21 19:56:27 INFO  TC02_Login:48 - Login successful for: apushedwoman@gmail.com
2025-05-21 19:56:28 INFO  TC02_Login:25 - Starting testLogin with email: hichamkhachiai@gmail.com
2025-05-21 19:56:28 DEBUG TC02_Login:29 - HomePage initialized
2025-05-21 19:56:28 DEBUG TC02_Login:31 - Clicked MyAccount
2025-05-21 19:56:28 DEBUG TC02_Login:33 - Clicked Login
2025-05-21 19:56:28 DEBUG TC02_Login:37 - Entered email
2025-05-21 19:56:28 DEBUG TC02_Login:39 - Entered password
2025-05-21 19:56:28 DEBUG TC02_Login:41 - Clicked login button
2025-05-21 19:56:28 DEBUG TC02_Login:45 - Login message displayed: true
2025-05-21 19:56:28 INFO  TC02_Login:48 - Login successful for: hichamkhachiai@gmail.com
2025-05-21 19:56:29 INFO  BaseClass:139 - Browser session closed successfully
2025-05-21 19:56:29 INFO  BaseClass:44 - Initializing application on OS: windows and Browser: firefox
2025-05-21 19:56:29 DEBUG BaseClass:49 - Loaded configuration properties
2025-05-21 19:56:31 DEBUG BaseClass:119 - Driver assigned to thread-local storage
2025-05-21 19:56:31 INFO  BaseClass:126 - Application launched successfully: https://cloudberrystore.services/
2025-05-21 19:56:31 INFO  TC04_CompletePurchase:23 - Step 1: Starting testAddToCart
2025-05-21 19:56:31 DEBUG TC04_CompletePurchase:27 - Navigated to HomePage
2025-05-21 19:56:32 DEBUG TC04_CompletePurchase:30 - Clicked on 'Laptops'
2025-05-21 19:56:32 DEBUG TC04_CompletePurchase:33 - Clicked on 'Show All Laptops'
2025-05-21 19:56:34 DEBUG TC04_CompletePurchase:37 - Selected HP LP3065
2025-05-21 19:56:34 DEBUG TC04_CompletePurchase:41 - Entered delivery date
2025-05-21 19:56:34 DEBUG TC04_CompletePurchase:44 - Clicked on 'Add to Cart'
2025-05-21 19:56:34 DEBUG TC04_CompletePurchase:47 - Clicked on 'Checkout'
2025-05-21 19:56:34 INFO  BaseClass:139 - Browser session closed successfully
